#
# A fatal error has been detected by the Java Runtime Environment:
#
#  Internal Error (jvmciRuntime.cpp:1609), pid=20, tid=34
#  fatal error: Fatal exception in JVMCI: Error calling jdk.vm.ci.services.Services.serializeSavedProperties
#
# JRE version: OpenJDK Runtime Environment GraalVM CE 22.3.0 (17.0.5+8) (build 17.0.5+8-jvmci-22.3-b08)
# Java VM: OpenJDK 64-Bit Server VM GraalVM CE 22.3.0 (17.0.5+8-jvmci-22.3-b08, mixed mode, sharing, tiered, jvmci, jvmci compiler, compressed oops, compressed class ptrs, parallel gc, linux-amd64)
# Problematic frame:
# V  [libjvm.so+0x972714]  JVMCIRuntime::fatal_exception(JVMCIEnv*, char const*)+0x74
#
# Core dump will be written. Default location: Core dumps may be processed with "/usr/share/apport/apport -p%p -s%s -c%c -d%d -P%P -u%u -g%g -- %E" (or dumping to /home/runner/BudgetManager/core.20)
#
# If you would like to submit a bug report, please visit:
#   https://github.com/oracle/graal/issues
#

---------------  S U M M A R Y ------------

Command Line: -XX:ThreadPriorityPolicy=1 -XX:+UnlockExperimentalVMOptions -XX:+EnableJVMCIProduct -XX:JVMCIThreadsPerNativeLibraryRuntime=1 -XX:-UnlockExperimentalVMOptions -Declipse.application=org.eclipse.jdt.ls.core.id1 -Dosgi.bundles.defaultStartLevel=4 -Declipse.product=org.eclipse.jdt.ls.core.product -Dlog.level=ALL -Xverify:none -XX:+UseParallelGC -XX:GCTimeRatio=4 -XX:AdaptiveSizePolicyWeight=90 -Dsun.zip.disableMemoryMapping=true -Xmx512m -Xms100m /nix/store/m6gcpi1ii6rghy04cjwjddcavv7i90df-jdt-language-server-1.9.0/share/java/plugins/org.eclipse.equinox.launcher_1.6.400.v20210924-0641.jar --add-modules=ALL-SYSTEM --add-opens java.base/java.util=ALL-UNNAMED --add-opens java.base/java.lang=ALL-UNNAMED -configuration /home/runner/.cache/jdt-language-server/config -data /home/runner/.cache/jdt-language-server/data/home/runner/BudgetManager

Host: AMD EPYC 7B12, 8 cores, 1G, Ubuntu 20.04.2 LTS
Time: Thu Jun 22 00:27:58 2023 UTC elapsed time: 1543.189888 seconds (0d 0h 25m 43s)

---------------  T H R E A D  ---------------

Current thread (0x00007f657c0b2210):  JavaThread "JVMCI-native CompilerThread0" daemon [_thread_in_vm, id=34, stack(0x00007f656241a000,0x00007f656261a000)]


Current CompileTask:
JVMCI-native:1543192 10882       4       java.lang.Thread::interrupted (23 bytes)

Stack: [0x00007f656241a000,0x00007f656261a000],  sp=0x00007f6562618380,  free space=2040k
Native frames: (J=compiled Java code, j=interpreted, Vv=VM code, C=native code)
V  [libjvm.so+0x972714]  JVMCIRuntime::fatal_exception(JVMCIEnv*, char const*)+0x74
V  [libjvm.so+0x93e2fe]  JVMCIEnv::copy_saved_properties()+0x14e
V  [libjvm.so+0x9732a9]  JVMCIRuntime::initialize(JVMCIEnv*)+0xb19
V  [libjvm.so+0x9738a2]  JVMCIRuntime::get_HotSpotJVMCIRuntime(JVMCIEnv*)+0x12
V  [libjvm.so+0x9749f2]  JVMCIRuntime::compile_method(JVMCIEnv*, JVMCICompiler*, methodHandle const&, int)+0xd2
V  [libjvm.so+0x5b0d20]  CompileBroker::invoke_compiler_on_method(CompileTask*)+0x1470
V  [libjvm.so+0x5b12e8]  CompileBroker::compiler_thread_loop()+0x528
V  [libjvm.so+0xd82460]  JavaThread::thread_main_inner()+0xd0
V  [libjvm.so+0xd85a40]  Thread::call_run()+0xc0
V  [libjvm.so+0xbdb1e1]  thread_native_entry(Thread*)+0xe1

Register to memory mapping:

RAX=0x00007f6582122000 points into unknown readable memory: 0x0000000000000058 | 58 00 00 00 00 00 00 00
RBX=0x00007f658321d398: <offset 0x0000000000ef5398> in /nix/store/gpxl5qgg8kicmcvivwmybwjlpf7wh20l-graalvm17-ce-22.3.0/lib/server/libjvm.so at 0x00007f6582328000
RCX=0x00007f65831d51e8: <offset 0x0000000000ead1e8> in /nix/store/gpxl5qgg8kicmcvivwmybwjlpf7wh20l-graalvm17-ce-22.3.0/lib/server/libjvm.so at 0x00007f6582328000
RDX=0x0000000000000649 is an unknown value
RSP=0x00007f6562618380 is pointing into the stack for thread: 0x00007f657c0b2210
RBP=0x00007f65626183a0 is pointing into the stack for thread: 0x00007f657c0b2210
RSI=0x00007f658321dc48: <offset 0x0000000000ef5c48> in /nix/store/gpxl5qgg8kicmcvivwmybwjlpf7wh20l-graalvm17-ce-22.3.0/lib/server/libjvm.so at 0x00007f6582328000
RDI=0x00000000e0000000 is an oop: [B 
{0x00000000e0000000} - klass: {type array byte}
 - length: 11
R8 =0x00007f658321d398: <offset 0x0000000000ef5398> in /nix/store/gpxl5qgg8kicmcvivwmybwjlpf7wh20l-graalvm17-ce-22.3.0/lib/server/libjvm.so at 0x00007f6582328000
R9 =0x00007f6562618330 is pointing into the stack for thread: 0x00007f657c0b2210
R10=0x00007f6562619948 is pointing into the stack for thread: 0x00007f657c0b2210
R11=0x0000000000000293 is an unknown value
R12=0x0 is NULL
R13=0x00007f657c0b2210 is a thread
R14=0x00007f657c000b80 points into unknown readable memory: 0x00007f658344ea38 | 38 ea 44 83 65 7f 00 00
R15=0x00007f658355ce40: <offset 0x0000000001234e40> in /nix/store/gpxl5qgg8kicmcvivwmybwjlpf7wh20l-graalvm17-ce-22.3.0/lib/server/libjvm.so at 0x00007f6582328000


Registers:
RAX=0x00007f6582122000, RBX=0x00007f658321d398, RCX=0x00007f65831d51e8, RDX=0x0000000000000649
RSP=0x00007f6562618380, RBP=0x00007f65626183a0, RSI=0x00007f658321dc48, RDI=0x00000000e0000000
R8 =0x00007f658321d398, R9 =0x00007f6562618330, R10=0x00007f6562619948, R11=0x0000000000000293
R12=0x0000000000000000, R13=0x00007f657c0b2210, R14=0x00007f657c000b80, R15=0x00007f658355ce40
RIP=0x00007f6582c9a714, EFLAGS=0x0000000000010206, CSGSFS=0x002b000000000033, ERR=0x0000000000000006
  TRAPNO=0x000000000000000e

Top of Stack: (sp=0x00007f6562618380)
0x00007f6562618380:   00007f6562618940 00007f657c0b2210
0x00007f6562618390:   00007f6580ab38c8 0000000800c409d8
0x00007f65626183a0:   00007f6562618500 00007f6582c662fe
0x00007f65626183b0:   00007f65626183e0 00007f6562618440 

Instructions: (pc=0x00007f6582c9a714)
0x00007f6582c9a614:   30 e8 f6 cf e8 ff 4c 89 e7 e8 2e 48 d1 ff 84 db
0x00007f6582c9a624:   75 2a 4d 85 ed 74 04 4d 8b 6d 00 48 83 c4 08 44
0x00007f6582c9a634:   89 f9 4c 89 f2 4c 89 ee 5b 4c 89 e7 41 5c 41 5d
0x00007f6582c9a644:   41 5e 41 5f 5d e9 e2 47 d1 ff 66 90 48 83 c4 08
0x00007f6582c9a654:   5b 41 5c 41 5d 41 5e 41 5f 5d c3 90 31 d2 be 08
0x00007f6582c9a664:   00 00 00 4c 89 ff e8 b1 78 a3 ff 49 89 c5 e9 37
0x00007f6582c9a674:   ff ff ff 66 0f 1f 84 00 00 00 00 00 48 8b 7a 08
0x00007f6582c9a684:   e9 6d ff ff ff 0f 1f 80 00 00 00 00 e8 5b 48 0a
0x00007f6582c9a694:   00 84 c0 75 89 e9 6a ff ff ff 66 90 55 48 89 e5
0x00007f6582c9a6a4:   41 56 41 55 41 54 49 89 fc 53 48 89 f3 66 48 8d
0x00007f6582c9a6b4:   3d 27 5e 85 00 66 66 48 e8 df 43 8d ff 4c 8b 28
0x00007f6582c9a6c4:   8b 05 be 72 8a 00 85 c0 75 14 ba 01 00 00 00 48
0x00007f6582c9a6d4:   8d 0d ae 72 8a 00 f0 0f b1 11 85 c0 74 4e be c8
0x00007f6582c9a6e4:   00 00 00 4c 89 ef e8 01 0b 41 00 48 8d 05 12 ac
0x00007f6582c9a6f4:   85 00 49 89 d8 48 8d 0d e8 aa 53 00 ba 49 06 00
0x00007f6582c9a704:   00 48 8d 35 3c 35 58 00 bf 00 00 00 e0 48 8b 00
0x00007f6582c9a714:   c6 00 58 31 c0 e8 e2 91 c6 ff 5b 41 5c 41 5d 41
0x00007f6582c9a724:   5e 5d e9 55 34 26 00 0f 1f 44 00 00 48 8d 05 81
0x00007f6582c9a734:   a3 8b 00 48 89 df 4c 8b 30 e8 9e 43 8d ff 48 89
0x00007f6582c9a744:   de 48 89 c2 49 8b 06 4c 89 f7 ff 50 08 4c 89 f7
0x00007f6582c9a754:   e8 a7 5c 27 00 4d 85 e4 74 12 be 01 00 00 00 4c
0x00007f6582c9a764:   89 e7 e8 35 43 fc ff eb 82 0f 1f 00 be 01 00 00
0x00007f6582c9a774:   00 4c 89 ef e8 d3 fd ff ff e9 6d ff ff ff 66 66
0x00007f6582c9a784:   2e 0f 1f 84 00 00 00 00 00 0f 1f 00 55 48 89 e5
0x00007f6582c9a794:   41 57 41 56 41 55 41 54 53 48 81 ec 08 02 00 00
0x00007f6582c9a7a4:   64 48 8b 04 25 28 00 00 00 48 89 45 c8 8b 07 83
0x00007f6582c9a7b4:   f8 02 0f 84 11 04 00 00 4c 8b 6f 18 49 89 ff 49
0x00007f6582c9a7c4:   89 f4 4d 85 ed 74 14 4c 89 ef e8 5d 57 22 00 41
0x00007f6582c9a7d4:   8b 07 83 f8 02 0f 84 19 04 00 00 48 8d 1d 9a 06
0x00007f6582c9a7e4:   8a 00 4c 8d 35 0b 3c 58 00 eb 38 90 48 85 d2 7f
0x00007f6582c9a7f4:   0d 48 8d 05 b4 c0 85 00 48 83 38 00 7e 0e 41 8b
0x00007f6582c9a804:   77 2c 4c 89 f7 31 c0 e8 a0 b2 f7 ff 49 8b 7f 18 


Stack slot to memory mapping:
stack at sp + 0 slots: 0x00007f6562618940 is pointing into the stack for thread: 0x00007f657c0b2210
stack at sp + 1 slots: 0x00007f657c0b2210 is a thread
stack at sp + 2 slots: 0x00007f6580ab38c8 points into unknown readable memory: 0x65730018e552ffff | ff ff 52 e5 18 00 73 65
stack at sp + 3 slots: 0x0000000800c409d8 is a pointer to class: 
jdk.vm.ci.services.Services {0x0000000800c409d8}
 - instance size:     2
 - klass size:        65
 - access:            public final synchronized 
 - state:             fully_initialized
 - name:              'jdk/vm/ci/services/Services'
 - super:             'java/lang/Object'
 - sub:               
 - arrays:            NULL
 - methods:           Array<T>(0x00007f6562c3ac58)
 - method ordering:   Array<T>(0x0000000800928960)
 - default_methods:   Array<T>(0x0000000000000000)
 - local interfaces:  Array<T>(0x00000008005ce810)
 - trans. interfaces: Array<T>(0x00000008005ce810)
 - constants:         constant pool [427] {0x00007f6562c39d38} for 'jdk/vm/ci/services/Services' cache=0x00007f6562c3bf28
 - class loader data:  loader data: 0x00007f657c0283f0 of 'bootstrap'
 - source file:       'Services.java'
 - class annotations:       Array<T>(0x0000000000000000)
 - class type annotations:  Array<T>(0x0000000000000000)
 - field annotations:       Array<T>(0x0000000000000000)
 - field type annotations:  Array<T>(0x0000000000000000)
 - inner classes:     Array<T>(0x00007f6562c3bef8)
 - nest members:     Array<T>(0x00007f6562c3bf18)
 - permitted subclasses:     Array<T>(0x00000008005ce7a0)
 - java mirror:       a 'java/lang/Class'{0x00000000e017f418} = 'jdk/vm/ci/services/Services'
 - vtable length      5  (start addr: 0x0000000800c40ba8)
 - itable length      2 (start addr: 0x0000000800c40bd0)
 - ---- static fields (3 words):
 - public static final 'IS_BUILDING_NATIVE_IMAGE' 'Z' @128 
 - public static final 'IS_IN_NATIVE_IMAGE' 'Z' @129 
 - private static volatile 'savedProperties' 'Ljava/util/Map;' @112 
 - static final 'JVMCI_ENABLED' 'Z' @130 
 - private static final 'servicesCache' 'Ljava/util/Map;' @116 
 - private static final 'MAX_UNICODE_IN_UTF8_LENGTH' 'I' @120 
 - private static final 'MAX_UTF8_PROPERTY_STRING_LENGTH' 'I' @124 
 - ---- non-static fields (0 words):
 - non-static oop maps: 
stack at sp + 4 slots: 0x00007f6562618500 is pointing into the stack for thread: 0x00007f657c0b2210
stack at sp + 5 slots: 0x00007f6582c662fe: <offset 0x000000000093e2fe> in /nix/store/gpxl5qgg8kicmcvivwmybwjlpf7wh20l-graalvm17-ce-22.3.0/lib/server/libjvm.so at 0x00007f6582328000
stack at sp + 6 slots: 0x00007f65626183e0 is pointing into the stack for thread: 0x00007f657c0b2210
stack at sp + 7 slots: 0x00007f6562618440 is pointing into the stack for thread: 0x00007f657c0b2210


---------------  P R O C E S S  ---------------

Threads class SMR info:
_java_thread_list=0x00007f64e80cd950, length=28, elements={
0x00007f657c026690, 0x00007f657c0a64d0, 0x00007f657c0a7910, 0x00007f657c0ae080,
0x00007f657c0af430, 0x00007f657c0b0820, 0x00007f657c0b2210, 0x00007f657c0b3720,
0x00007f657c0b4b70, 0x00007f657c0dffe0, 0x00007f657c127af0, 0x00007f657c3441c0,
0x00007f657c377a80, 0x00007f657c379a60, 0x00007f657c39c380, 0x00007f6510017100,
0x00007f65102a2350, 0x00007f65103043d0, 0x00007f65105f50e0, 0x00007f657c372d50,
0x00007f65040074f0, 0x00007f657c3bf800, 0x00007f64e444b190, 0x00007f64fc01e260,
0x00007f64ec0354a0, 0x00007f64ec0366d0, 0x00007f64ec035a20, 0x00007f64e8001130
}

Java Threads: ( => current thread )
  0x00007f657c026690 JavaThread "main" [_thread_blocked, id=26, stack(0x00007f6582143000,0x00007f6582243000)]
  0x00007f657c0a64d0 JavaThread "Reference Handler" daemon [_thread_blocked, id=29, stack(0x00007f658015a000,0x00007f658025a000)]
  0x00007f657c0a7910 JavaThread "Finalizer" daemon [_thread_blocked, id=30, stack(0x00007f658005a000,0x00007f658015a000)]
  0x00007f657c0ae080 JavaThread "Signal Dispatcher" daemon [_thread_blocked, id=31, stack(0x00007f656281a000,0x00007f656291a000)]
  0x00007f657c0af430 JavaThread "Service Thread" daemon [_thread_blocked, id=32, stack(0x00007f656271a000,0x00007f656281a000)]
  0x00007f657c0b0820 JavaThread "Monitor Deflation Thread" daemon [_thread_blocked, id=33, stack(0x00007f656261a000,0x00007f656271a000)]
=>0x00007f657c0b2210 JavaThread "JVMCI-native CompilerThread0" daemon [_thread_in_vm, id=34, stack(0x00007f656241a000,0x00007f656261a000)]
  0x00007f657c0b3720 JavaThread "C1 CompilerThread0" daemon [_thread_blocked, id=35, stack(0x00007f656221a000,0x00007f656241a000)]
  0x00007f657c0b4b70 JavaThread "Sweeper thread" daemon [_thread_blocked, id=36, stack(0x00007f656211a000,0x00007f656221a000)]
  0x00007f657c0dffe0 JavaThread "Common-Cleaner" daemon [_thread_blocked, id=37, stack(0x00007f656201a000,0x00007f656211a000)]
  0x00007f657c127af0 JavaThread "Notification Thread" daemon [_thread_blocked, id=38, stack(0x00007f6561f1a000,0x00007f656201a000)]
  0x00007f657c3441c0 JavaThread "Active Thread: Equinox Container: 7f7c257f-2675-411a-b0c8-e6071a6d94d0" [_thread_blocked, id=43, stack(0x00007f6560b00000,0x00007f6560c00000)]
  0x00007f657c377a80 JavaThread "Framework Event Dispatcher: Equinox Container: 7f7c257f-2675-411a-b0c8-e6071a6d94d0" daemon [_thread_blocked, id=44, stack(0x00007f6560900000,0x00007f6560a00000)]
  0x00007f657c379a60 JavaThread "Start Level: Equinox Container: 7f7c257f-2675-411a-b0c8-e6071a6d94d0" daemon [_thread_blocked, id=45, stack(0x00007f6560700000,0x00007f6560800000)]
  0x00007f657c39c380 JavaThread "Refresh Thread: Equinox Container: 7f7c257f-2675-411a-b0c8-e6071a6d94d0" daemon [_thread_blocked, id=46, stack(0x00007f6560500000,0x00007f6560600000)]
  0x00007f6510017100 JavaThread "SCR Component Actor" daemon [_thread_blocked, id=47, stack(0x00007f6560300000,0x00007f6560400000)]
  0x00007f65102a2350 JavaThread "Worker-JM" [_thread_blocked, id=49, stack(0x00007f6529b00000,0x00007f6529c00000)]
  0x00007f65103043d0 JavaThread "Worker-0: Java indexing... " [_thread_blocked, id=50, stack(0x00007f6529900000,0x00007f6529a00000)]
  0x00007f65105f50e0 JavaThread "Bundle File Closer" daemon [_thread_blocked, id=53, stack(0x00007f6529300000,0x00007f6529400000)]
  0x00007f657c372d50 JavaThread "pool-3-thread-1" [_thread_blocked, id=54, stack(0x00007f6529100000,0x00007f6529200000)]
  0x00007f65040074f0 JavaThread "Worker-2" [_thread_blocked, id=55, stack(0x00007f6528f00000,0x00007f6529000000)]
  0x00007f657c3bf800 JavaThread "pool-2-thread-1" [_thread_in_native, id=56, stack(0x00007f6528d00000,0x00007f6528e00000)]
  0x00007f64e444b190 JavaThread "Okio Watchdog" daemon [_thread_blocked, id=64, stack(0x00007f6560600000,0x00007f6560700000)]
  0x00007f64fc01e260 JavaThread "Java indexing" daemon [_thread_blocked, id=69, stack(0x00007f6528900000,0x00007f6528a00000)]
  0x00007f64ec0354a0 JavaThread "Thread-5" [_thread_blocked, id=71, stack(0x00007f6560800000,0x00007f6560900000)]
  0x00007f64ec0366d0 JavaThread "Thread-9" [_thread_blocked, id=75, stack(0x00007f6560a00000,0x00007f6560b00000)]
  0x00007f64ec035a20 JavaThread "Thread-10" [_thread_blocked, id=76, stack(0x00007f6560200000,0x00007f6560300000)]
  0x00007f64e8001130 JavaThread "Worker-6" [_thread_blocked, id=77, stack(0x00007f6528b00000,0x00007f6528c00000)]

Other Threads:
  0x00007f657c0a1c10 VMThread "VM Thread" [stack: 0x00007f658025c000,0x00007f658035c000] [id=28] _threads_hazard_ptr=0x00007f64e80cd950
  0x00007f657c129490 WatcherThread [stack: 0x00007f6561e1a000,0x00007f6561f1a000] [id=39]
  0x00007f657c03df30 GCTaskThread "GC Thread#0" [stack: 0x00007f6581d06000,0x00007f6581e06000] [id=27]

Threads with active compile tasks:
JVMCI-native CompilerThread0  1543266 10882       4       java.lang.Thread::interrupted (23 bytes)

VM state: synchronizing (normal execution)

VM Mutex/Monitor currently owned by a thread:  ([mutex/lock_event])
[0x00007f657c023840] Threads_lock - owner thread: 0x00007f657c0a1c10
[0x00007f657c023ff0] Heap_lock - owner thread: 0x00007f65103043d0

OutOfMemory and StackOverflow Exception counts:
OutOfMemoryError java_heap_errors=4
LinkageErrors=67

Heap address: 0x00000000e0000000, size: 512 MB, Compressed Oops mode: 32-bit

CDS archive(s) mapped at: [0x0000000800000000-0x0000000800bc8000-0x0000000800bc8000), size 12353536, SharedBaseAddress: 0x0000000800000000, ArchiveRelocationMode: 0.
Compressed class space mapped at: 0x0000000800c00000-0x0000000840c00000, reserved size: 1073741824
Narrow klass base: 0x0000000800000000, Narrow klass shift: 0, Narrow klass range: 0x100000000

GC Precious Log:
 CPUs: 8 total, 1 available
 Memory: 1024M
 Large Page Support: Disabled
 NUMA Support: Disabled
 Compressed Oops: Enabled (32-bit)
 Alignments: Space 512K, Generation 512K, Heap 2M
 Heap Min Capacity: 100M
 Heap Initial Capacity: 100M
 Heap Max Capacity: 512M
 Pre-touch: Disabled
 Parallel Workers: 1

Heap:
 PSYoungGen      total 9216K, used 7680K [0x00000000f5580000, 0x00000000f6080000, 0x0000000100000000)
  eden space 7680K, 100% used [0x00000000f5580000,0x00000000f5d00000,0x00000000f5d00000)
  from space 1536K, 0% used [0x00000000f5e80000,0x00000000f5e80000,0x00000000f6000000)
  to   space 1536K, 0% used [0x00000000f5d00000,0x00000000f5d00000,0x00000000f5e80000)
 ParOldGen       total 349696K, used 349696K [0x00000000e0000000, 0x00000000f5580000, 0x00000000f5580000)
  object space 349696K, 100% used [0x00000000e0000000,0x00000000f5580000,0x00000000f5580000)
 Metaspace       used 62780K, committed 63808K, reserved 1114112K
  class space    used 6034K, committed 6464K, reserved 1048576K

Card table byte_map: [0x00007f6581e06000,0x00007f6581f07000] _byte_map_base: 0x00007f6581706000

Marking Bits: (ParMarkBitMap*) 0x00007f65835564c0
 Begin Bits: [0x00007f6580c59000, 0x00007f6581459000)
 End Bits:   [0x00007f6581459000, 0x00007f6581c59000)

Polling page: 0x00007f6582120000

Metaspace:

Usage:
  Non-class:     55.42 MB used.
      Class:      5.89 MB used.
       Both:     61.31 MB used.

Virtual space:
  Non-class space:       64.00 MB reserved,      56.00 MB ( 88%) committed,  8 nodes.
      Class space:        1.00 GB reserved,       6.31 MB ( <1%) committed,  1 nodes.
             Both:        1.06 GB reserved,      62.31 MB (  6%) committed. 

Chunk freelists:
   Non-Class:  3.43 MB
       Class:  1.75 MB
        Both:  5.17 MB

MaxMetaspaceSize: unlimited
CompressedClassSpaceSize: 1.00 GB
Initial GC threshold: 21.00 MB
Current GC threshold: 103.75 MB
CDS: on
MetaspaceReclaimPolicy: balanced
 - commit_granule_bytes: 65536.
 - commit_granule_words: 8192.
 - virtual_space_node_default_size: 1048576.
 - enlarge_chunks_in_place: 1.
 - new_chunks_are_fully_committed: 0.
 - uncommit_free_chunks: 1.
 - use_allocation_guard: 0.
 - handle_deallocations: 1.


Internal statistics:

num_allocs_failed_limit: 6.
num_arena_births: 510.
num_arena_deaths: 154.
num_vsnodes_births: 9.
num_vsnodes_deaths: 0.
num_space_committed: 993.
num_space_uncommitted: 0.
num_chunks_returned_to_freelist: 218.
num_chunks_taken_from_freelist: 2996.
num_chunk_merges: 89.
num_chunk_splits: 1925.
num_chunks_enlarged: 1221.
num_purges: 8.
num_inconsistent_stats: 0.

CodeHeap 'non-profiled nmethods': size=120036Kb used=3258Kb max_used=3258Kb free=116777Kb
 bounds [0x00007f656af7a000, 0x00007f656b2aa000, 0x00007f65724b3000]
CodeHeap 'profiled nmethods': size=120032Kb used=18181Kb max_used=18181Kb free=101850Kb
 bounds [0x00007f6563a42000, 0x00007f6564c12000, 0x00007f656af7a000]
CodeHeap 'non-nmethods': size=5692Kb used=1420Kb max_used=1422Kb free=4271Kb
 bounds [0x00007f65634b3000, 0x00007f6563723000, 0x00007f6563a42000]
 total_blobs=9337 nmethods=8574 adapters=631
 compilation: enabled
              stopped_count=0, restarted_count=0
 full_count=0

JVMCI Events (20 events):
Event: 1176.736 Thread 0x00007f657c0b2210 compacted oop handles in JVMCI runtime 0 from 114 to 114
Event: 1176.736 Thread 0x00007f657c0b2210 releasing handles for JVMCI runtime 0: oop handles=114, metadata handles={total=256, live=247, blocks=33}
Event: 1176.736 Thread 0x00007f657c0b2210 detached from JVMCI runtime 0
Event: 1189.631 Thread 0x00007f657c0b2210 attached to JVMCI runtime 0
Event: 1189.633 Thread 0x00007f657c0b2210 created JavaVM[12]@0x00007f652839e340 for JVMCI runtime 0
Event: 1190.929 Thread 0x00007f657c0b2210 initializing JVMCI runtime 0
Event: 1190.929 Thread 0x00007f657c0b2210 done waiting for JavaVM references initialization in JVMCI runtime 0
Event: 1236.822 Thread 0x00007f657c0b2210 initialized JVMCI runtime 0
Event: 1253.468 Thread 0x00007f657c0b2210 compacted oop handles in JVMCI runtime 0 from 53 to 52
Event: 1254.540 Thread 0x00007f657c0b2210 detaching from JVMCI runtime 0: releasing idle compiler thread (0 other threads still attached)
Event: 1254.540 Thread 0x00007f657c0b2210 shutting down HotSpotJVMCIRuntime for JVMCI runtime 0
Event: 1256.822 Thread 0x00007f657c0b2210 shut down JVMCI runtime 0
Event: 1257.958 Thread 0x00007f657c0b2210 destroyed JavaVM[12]@0x00007f652839e340 for JVMCI runtime 0
Event: 1257.958 Thread 0x00007f657c0b2210 compacted oop handles in JVMCI runtime 0 from 52 to 52
Event: 1257.958 Thread 0x00007f657c0b2210 releasing handles for JVMCI runtime 0: oop handles=52, metadata handles={total=96, live=92, blocks=33}
Event: 1257.958 Thread 0x00007f657c0b2210 detached from JVMCI runtime 0
Event: 1522.322 Thread 0x00007f657c0b2210 attached to JVMCI runtime 0
Event: 1522.328 Thread 0x00007f657c0b2210 created JavaVM[13]@0x00007f652839e340 for JVMCI runtime 0
Event: 1522.328 Thread 0x00007f657c0b2210 initializing JVMCI runtime 0
Event: 1522.328 Thread 0x00007f657c0b2210 done waiting for JavaVM references initialization in JVMCI runtime 0

Compilation events (20 events):
Event: 1199.842 Thread 0x00007f657c0b3720 10872       3       java.util.concurrent.locks.AbstractQueuedSynchronizer$Node::<init> (5 bytes)
Event: 1201.150 Thread 0x00007f657c0b3720 nmethod 10872 0x00007f6564bfe190 code [0x00007f6564bfe340, 0x00007f6564bfe490]
Event: 1218.957 Thread 0x00007f657c0b3720 10873       3       org.eclipse.core.runtime.jobs.Job::getRule (5 bytes)
Event: 1221.171 Thread 0x00007f657c0b3720 nmethod 10873 0x00007f6564bfe590 code [0x00007f6564bfe720, 0x00007f6564bfe830]
Event: 1223.446 Thread 0x00007f657c0b3720 10874       3       java.util.concurrent.ScheduledThreadPoolExecutor$ScheduledFutureTask::getDelay (16 bytes)
Event: 1223.446 Thread 0x00007f657c0b3720 nmethod 10874 0x00007f6564bfe910 code [0x00007f6564bfeac0, 0x00007f6564bfec40]
Event: 1253.468 Thread 0x00007f657c0b2210 nmethod 10871 0x00007f656b2a7c90 code [0x00007f656b2a7e40, 0x00007f656b2a81c0]
Event: 1272.366 Thread 0x00007f657c0b3720 10875       3       java.util.concurrent.locks.AbstractQueuedSynchronizer$Node::clearStatus (12 bytes)
Event: 1272.366 Thread 0x00007f657c0b3720 nmethod 10875 0x00007f6564bfed10 code [0x00007f6564bfeec0, 0x00007f6564bff020]
Event: 1272.366 Thread 0x00007f657c0b3720 10876       3       jdk.internal.misc.Unsafe::putIntOpaque (9 bytes)
Event: 1272.367 Thread 0x00007f657c0b3720 nmethod 10876 0x00007f6564bff110 code [0x00007f6564bff2a0, 0x00007f6564bff3b0]
Event: 1293.942 Thread 0x00007f657c0b3720 10877   !   3       java.util.concurrent.locks.AbstractQueuedSynchronizer::acquire (407 bytes)
Event: 1298.034 Thread 0x00007f657c0b3720 nmethod 10877 0x00007f6564bff490 code [0x00007f6564bff800, 0x00007f6564c01620]
Event: 1430.333 Thread 0x00007f657c0b3720 10879       1       org.eclipse.osgi.internal.location.BasicLocation::isReadOnly (5 bytes)
Event: 1431.462 Thread 0x00007f657c0b3720 nmethod 10879 0x00007f656b2a8490 code [0x00007f656b2a8620, 0x00007f656b2a86f0]
Event: 1488.547 Thread 0x00007f657c0b3720 10880       3       org.eclipse.jdt.internal.core.dom.rewrite.ASTRewriteAnalyzer::visit (51 bytes)
Event: 1488.549 Thread 0x00007f657c0b3720 nmethod 10880 0x00007f6564c01f10 code [0x00007f6564c021c0, 0x00007f6564c03290]
Event: 1510.745 Thread 0x00007f657c0b3720 10881       1       org.eclipse.jdt.ls.core.internal.LanguageServer::getParentProcessId (5 bytes)
Event: 1510.745 Thread 0x00007f657c0b3720 nmethod 10881 0x00007f656b2a8790 code [0x00007f656b2a8920, 0x00007f656b2a89f0]
Event: 1522.322 Thread 0x00007f657c0b2210 10882       4       java.lang.Thread::interrupted (23 bytes)

GC Heap History (20 events):
Event: 1527.224 GC heap before
{Heap before GC invocations=872 (full 665):
 PSYoungGen      total 9216K, used 7680K [0x00000000f5580000, 0x00000000f6080000, 0x0000000100000000)
  eden space 7680K, 100% used [0x00000000f5580000,0x00000000f5d00000,0x00000000f5d00000)
  from space 1536K, 0% used [0x00000000f5e80000,0x00000000f5e80000,0x00000000f6000000)
  to   space 1536K, 0% used [0x00000000f5d00000,0x00000000f5d00000,0x00000000f5e80000)
 ParOldGen       total 349696K, used 349688K [0x00000000e0000000, 0x00000000f5580000, 0x00000000f5580000)
  object space 349696K, 99% used [0x00000000e0000000,0x00000000f557e060,0x00000000f5580000)
 Metaspace       used 62780K, committed 63808K, reserved 1114112K
  class space    used 6034K, committed 6464K, reserved 1048576K
}
Event: 1528.669 GC heap after
{Heap after GC invocations=872 (full 665):
 PSYoungGen      total 9216K, used 7680K [0x00000000f5580000, 0x00000000f6080000, 0x0000000100000000)
  eden space 7680K, 100% used [0x00000000f5580000,0x00000000f5d00000,0x00000000f5d00000)
  from space 1536K, 0% used [0x00000000f5d00000,0x00000000f5d00000,0x00000000f5e80000)
  to   space 1536K, 0% used [0x00000000f5e80000,0x00000000f5e80000,0x00000000f6000000)
 ParOldGen       total 349696K, used 349688K [0x00000000e0000000, 0x00000000f5580000, 0x00000000f5580000)
  object space 349696K, 99% used [0x00000000e0000000,0x00000000f557e060,0x00000000f5580000)
 Metaspace       used 62780K, committed 63808K, reserved 1114112K
  class space    used 6034K, committed 6464K, reserved 1048576K
}
Event: 1528.670 GC heap before
{Heap before GC invocations=873 (full 666):
 PSYoungGen      total 9216K, used 7680K [0x00000000f5580000, 0x00000000f6080000, 0x0000000100000000)
  eden space 7680K, 100% used [0x00000000f5580000,0x00000000f5d00000,0x00000000f5d00000)
  from space 1536K, 0% used [0x00000000f5d00000,0x00000000f5d00000,0x00000000f5e80000)
  to   space 1536K, 0% used [0x00000000f5e80000,0x00000000f5e80000,0x00000000f6000000)
 ParOldGen       total 349696K, used 349690K [0x00000000e0000000, 0x00000000f5580000, 0x00000000f5580000)
  object space 349696K, 99% used [0x00000000e0000000,0x00000000f557e860,0x00000000f5580000)
 Metaspace       used 62780K, committed 63808K, reserved 1114112K
  class space    used 6034K, committed 6464K, reserved 1048576K
}
Event: 1529.989 GC heap after
{Heap after GC invocations=873 (full 666):
 PSYoungGen      total 9216K, used 7680K [0x00000000f5580000, 0x00000000f6080000, 0x0000000100000000)
  eden space 7680K, 100% used [0x00000000f5580000,0x00000000f5d00000,0x00000000f5d00000)
  from space 1536K, 0% used [0x00000000f5e80000,0x00000000f5e80000,0x00000000f6000000)
  to   space 1536K, 0% used [0x00000000f5d00000,0x00000000f5d00000,0x00000000f5e80000)
 ParOldGen       total 349696K, used 349690K [0x00000000e0000000, 0x00000000f5580000, 0x00000000f5580000)
  object space 349696K, 99% used [0x00000000e0000000,0x00000000f557e860,0x00000000f5580000)
 Metaspace       used 62780K, committed 63808K, reserved 1114112K
  class space    used 6034K, committed 6464K, reserved 1048576K
}
Event: 1529.989 GC heap before
{Heap before GC invocations=874 (full 667):
 PSYoungGen      total 9216K, used 7680K [0x00000000f5580000, 0x00000000f6080000, 0x0000000100000000)
  eden space 7680K, 100% used [0x00000000f5580000,0x00000000f5d00000,0x00000000f5d00000)
  from space 1536K, 0% used [0x00000000f5e80000,0x00000000f5e80000,0x00000000f6000000)
  to   space 1536K, 0% used [0x00000000f5d00000,0x00000000f5d00000,0x00000000f5e80000)
 ParOldGen       total 349696K, used 349692K [0x00000000e0000000, 0x00000000f5580000, 0x00000000f5580000)
  object space 349696K, 99% used [0x00000000e0000000,0x00000000f557f108,0x00000000f5580000)
 Metaspace       used 62780K, committed 63808K, reserved 1114112K
  class space    used 6034K, committed 6464K, reserved 1048576K
}
Event: 1531.401 GC heap after
{Heap after GC invocations=874 (full 667):
 PSYoungGen      total 9216K, used 7680K [0x00000000f5580000, 0x00000000f6080000, 0x0000000100000000)
  eden space 7680K, 100% used [0x00000000f5580000,0x00000000f5d00000,0x00000000f5d00000)
  from space 1536K, 0% used [0x00000000f5d00000,0x00000000f5d00000,0x00000000f5e80000)
  to   space 1536K, 0% used [0x00000000f5e80000,0x00000000f5e80000,0x00000000f6000000)
 ParOldGen       total 349696K, used 349692K [0x00000000e0000000, 0x00000000f5580000, 0x00000000f5580000)
  object space 349696K, 99% used [0x00000000e0000000,0x00000000f557f108,0x00000000f5580000)
 Metaspace       used 62780K, committed 63808K, reserved 1114112K
  class space    used 6034K, committed 6464K, reserved 1048576K
}
Event: 1531.401 GC heap before
{Heap before GC invocations=875 (full 668):
 PSYoungGen      total 9216K, used 7680K [0x00000000f5580000, 0x00000000f6080000, 0x0000000100000000)
  eden space 7680K, 100% used [0x00000000f5580000,0x00000000f5d00000,0x00000000f5d00000)
  from space 1536K, 0% used [0x00000000f5d00000,0x00000000f5d00000,0x00000000f5e80000)
  to   space 1536K, 0% used [0x00000000f5e80000,0x00000000f5e80000,0x00000000f6000000)
 ParOldGen       total 349696K, used 349693K [0x00000000e0000000, 0x00000000f5580000, 0x00000000f5580000)
  object space 349696K, 99% used [0x00000000e0000000,0x00000000f557f628,0x00000000f5580000)
 Metaspace       used 62780K, committed 63808K, reserved 1114112K
  class space    used 6034K, committed 6464K, reserved 1048576K
}
Event: 1533.042 GC heap after
{Heap after GC invocations=875 (full 668):
 PSYoungGen      total 9216K, used 7680K [0x00000000f5580000, 0x00000000f6080000, 0x0000000100000000)
  eden space 7680K, 100% used [0x00000000f5580000,0x00000000f5d00000,0x00000000f5d00000)
  from space 1536K, 0% used [0x00000000f5e80000,0x00000000f5e80000,0x00000000f6000000)
  to   space 1536K, 0% used [0x00000000f5d00000,0x00000000f5d00000,0x00000000f5e80000)
 ParOldGen       total 349696K, used 349692K [0x00000000e0000000, 0x00000000f5580000, 0x00000000f5580000)
  object space 349696K, 99% used [0x00000000e0000000,0x00000000f557f228,0x00000000f5580000)
 Metaspace       used 62780K, committed 63808K, reserved 1114112K
  class space    used 6034K, committed 6464K, reserved 1048576K
}
Event: 1533.046 GC heap before
{Heap before GC invocations=876 (full 669):
 PSYoungGen      total 9216K, used 7680K [0x00000000f5580000, 0x00000000f6080000, 0x0000000100000000)
  eden space 7680K, 100% used [0x00000000f5580000,0x00000000f5d00000,0x00000000f5d00000)
  from space 1536K, 0% used [0x00000000f5e80000,0x00000000f5e80000,0x00000000f6000000)
  to   space 1536K, 0% used [0x00000000f5d00000,0x00000000f5d00000,0x00000000f5e80000)
 ParOldGen       total 349696K, used 349695K [0x00000000e0000000, 0x00000000f5580000, 0x00000000f5580000)
  object space 349696K, 99% used [0x00000000e0000000,0x00000000f557fed0,0x00000000f5580000)
 Metaspace       used 62780K, committed 63808K, reserved 1114112K
  class space    used 6034K, committed 6464K, reserved 1048576K
}
Event: 1535.157 GC heap after
{Heap after GC invocations=876 (full 669):
 PSYoungGen      total 9216K, used 7680K [0x00000000f5580000, 0x00000000f6080000, 0x0000000100000000)
  eden space 7680K, 100% used [0x00000000f5580000,0x00000000f5d00000,0x00000000f5d00000)
  from space 1536K, 0% used [0x00000000f5d00000,0x00000000f5d00000,0x00000000f5e80000)
  to   space 1536K, 0% used [0x00000000f5e80000,0x00000000f5e80000,0x00000000f6000000)
 ParOldGen       total 349696K, used 349695K [0x00000000e0000000, 0x00000000f5580000, 0x00000000f5580000)
  object space 349696K, 99% used [0x00000000e0000000,0x00000000f557fe60,0x00000000f5580000)
 Metaspace       used 62780K, committed 63808K, reserved 1114112K
  class space    used 6034K, committed 6464K, reserved 1048576K
}
Event: 1535.162 GC heap before
{Heap before GC invocations=877 (full 670):
 PSYoungGen      total 9216K, used 7680K [0x00000000f5580000, 0x00000000f6080000, 0x0000000100000000)
  eden space 7680K, 100% used [0x00000000f5580000,0x00000000f5d00000,0x00000000f5d00000)
  from space 1536K, 0% used [0x00000000f5d00000,0x00000000f5d00000,0x00000000f5e80000)
  to   space 1536K, 0% used [0x00000000f5e80000,0x00000000f5e80000,0x00000000f6000000)
 ParOldGen       total 349696K, used 349695K [0x00000000e0000000, 0x00000000f5580000, 0x00000000f5580000)
  object space 349696K, 99% used [0x00000000e0000000,0x00000000f557fff8,0x00000000f5580000)
 Metaspace       used 62780K, committed 63808K, reserved 1114112K
  class space    used 6034K, committed 6464K, reserved 1048576K
}
Event: 1537.007 GC heap after
{Heap after GC invocations=877 (full 670):
 PSYoungGen      total 9216K, used 7680K [0x00000000f5580000, 0x00000000f6080000, 0x0000000100000000)
  eden space 7680K, 100% used [0x00000000f5580000,0x00000000f5d00000,0x00000000f5d00000)
  from space 1536K, 0% used [0x00000000f5e80000,0x00000000f5e80000,0x00000000f6000000)
  to   space 1536K, 0% used [0x00000000f5d00000,0x00000000f5d00000,0x00000000f5e80000)
 ParOldGen       total 349696K, used 349695K [0x00000000e0000000, 0x00000000f5580000, 0x00000000f5580000)
  object space 349696K, 99% used [0x00000000e0000000,0x00000000f557ff40,0x00000000f5580000)
 Metaspace       used 62780K, committed 63808K, reserved 1114112K
  class space    used 6034K, committed 6464K, reserved 1048576K
}
Event: 1537.007 GC heap before
{Heap before GC invocations=878 (full 671):
 PSYoungGen      total 9216K, used 7680K [0x00000000f5580000, 0x00000000f6080000, 0x0000000100000000)
  eden space 7680K, 100% used [0x00000000f5580000,0x00000000f5d00000,0x00000000f5d00000)
  from space 1536K, 0% used [0x00000000f5e80000,0x00000000f5e80000,0x00000000f6000000)
  to   space 1536K, 0% used [0x00000000f5d00000,0x00000000f5d00000,0x00000000f5e80000)
 ParOldGen       total 349696K, used 349695K [0x00000000e0000000, 0x00000000f5580000, 0x00000000f5580000)
  object space 349696K, 99% used [0x00000000e0000000,0x00000000f557ff80,0x00000000f5580000)
 Metaspace       used 62780K, committed 63808K, reserved 1114112K
  class space    used 6034K, committed 6464K, reserved 1048576K
}
Event: 1538.569 GC heap after
{Heap after GC invocations=878 (full 671):
 PSYoungGen      total 9216K, used 7680K [0x00000000f5580000, 0x00000000f6080000, 0x0000000100000000)
  eden space 7680K, 100% used [0x00000000f5580000,0x00000000f5d00000,0x00000000f5d00000)
  from space 1536K, 0% used [0x00000000f5d00000,0x00000000f5d00000,0x00000000f5e80000)
  to   space 1536K, 0% used [0x00000000f5e80000,0x00000000f5e80000,0x00000000f6000000)
 ParOldGen       total 349696K, used 349695K [0x00000000e0000000, 0x00000000f5580000, 0x00000000f5580000)
  object space 349696K, 99% used [0x00000000e0000000,0x00000000f557ff50,0x00000000f5580000)
 Metaspace       used 62780K, committed 63808K, reserved 1114112K
  class space    used 6034K, committed 6464K, reserved 1048576K
}
Event: 1538.569 GC heap before
{Heap before GC invocations=879 (full 672):
 PSYoungGen      total 9216K, used 7680K [0x00000000f5580000, 0x00000000f6080000, 0x0000000100000000)
  eden space 7680K, 100% used [0x00000000f5580000,0x00000000f5d00000,0x00000000f5d00000)
  from space 1536K, 0% used [0x00000000f5d00000,0x00000000f5d00000,0x00000000f5e80000)
  to   space 1536K, 0% used [0x00000000f5e80000,0x00000000f5e80000,0x00000000f6000000)
 ParOldGen       total 349696K, used 349695K [0x00000000e0000000, 0x00000000f5580000, 0x00000000f5580000)
  object space 349696K, 99% used [0x00000000e0000000,0x00000000f557ff50,0x00000000f5580000)
 Metaspace       used 62780K, committed 63808K, reserved 1114112K
  class space    used 6034K, committed 6464K, reserved 1048576K
}
Event: 1539.992 GC heap after
{Heap after GC invocations=879 (full 672):
 PSYoungGen      total 9216K, used 7680K [0x00000000f5580000, 0x00000000f6080000, 0x0000000100000000)
  eden space 7680K, 100% used [0x00000000f5580000,0x00000000f5d00000,0x00000000f5d00000)
  from space 1536K, 0% used [0x00000000f5e80000,0x00000000f5e80000,0x00000000f6000000)
  to   space 1536K, 0% used [0x00000000f5d00000,0x00000000f5d00000,0x00000000f5e80000)
 ParOldGen       total 349696K, used 349695K [0x00000000e0000000, 0x00000000f5580000, 0x00000000f5580000)
  object space 349696K, 99% used [0x00000000e0000000,0x00000000f557ff50,0x00000000f5580000)
 Metaspace       used 62780K, committed 63808K, reserved 1114112K
  class space    used 6034K, committed 6464K, reserved 1048576K
}
Event: 1539.994 GC heap before
{Heap before GC invocations=880 (full 673):
 PSYoungGen      total 9216K, used 7680K [0x00000000f5580000, 0x00000000f6080000, 0x0000000100000000)
  eden space 7680K, 100% used [0x00000000f5580000,0x00000000f5d00000,0x00000000f5d00000)
  from space 1536K, 0% used [0x00000000f5e80000,0x00000000f5e80000,0x00000000f6000000)
  to   space 1536K, 0% used [0x00000000f5d00000,0x00000000f5d00000,0x00000000f5e80000)
 ParOldGen       total 349696K, used 349695K [0x00000000e0000000, 0x00000000f5580000, 0x00000000f5580000)
  object space 349696K, 99% used [0x00000000e0000000,0x00000000f557ff50,0x00000000f5580000)
 Metaspace       used 62780K, committed 63808K, reserved 1114112K
  class space    used 6034K, committed 6464K, reserved 1048576K
}
Event: 1541.447 GC heap after
{Heap after GC invocations=880 (full 673):
 PSYoungGen      total 9216K, used 7680K [0x00000000f5580000, 0x00000000f6080000, 0x0000000100000000)
  eden space 7680K, 100% used [0x00000000f5580000,0x00000000f5d00000,0x00000000f5d00000)
  from space 1536K, 0% used [0x00000000f5d00000,0x00000000f5d00000,0x00000000f5e80000)
  to   space 1536K, 0% used [0x00000000f5e80000,0x00000000f5e80000,0x00000000f6000000)
 ParOldGen       total 349696K, used 349695K [0x00000000e0000000, 0x00000000f5580000, 0x00000000f5580000)
  object space 349696K, 99% used [0x00000000e0000000,0x00000000f557ff50,0x00000000f5580000)
 Metaspace       used 62780K, committed 63808K, reserved 1114112K
  class space    used 6034K, committed 6464K, reserved 1048576K
}
Event: 1541.447 GC heap before
{Heap before GC invocations=881 (full 674):
 PSYoungGen      total 9216K, used 7680K [0x00000000f5580000, 0x00000000f6080000, 0x0000000100000000)
  eden space 7680K, 100% used [0x00000000f5580000,0x00000000f5d00000,0x00000000f5d00000)
  from space 1536K, 0% used [0x00000000f5d00000,0x00000000f5d00000,0x00000000f5e80000)
  to   space 1536K, 0% used [0x00000000f5e80000,0x00000000f5e80000,0x00000000f6000000)
 ParOldGen       total 349696K, used 349695K [0x00000000e0000000, 0x00000000f5580000, 0x00000000f5580000)
  object space 349696K, 99% used [0x00000000e0000000,0x00000000f557ff50,0x00000000f5580000)
 Metaspace       used 62780K, committed 63808K, reserved 1114112K
  class space    used 6034K, committed 6464K, reserved 1048576K
}
Event: 1543.120 GC heap after
{Heap after GC invocations=881 (full 674):
 PSYoungGen      total 9216K, used 7680K [0x00000000f5580000, 0x00000000f6080000, 0x0000000100000000)
  eden space 7680K, 100% used [0x00000000f5580000,0x00000000f5d00000,0x00000000f5d00000)
  from space 1536K, 0% used [0x00000000f5e80000,0x00000000f5e80000,0x00000000f6000000)
  to   space 1536K, 0% used [0x00000000f5d00000,0x00000000f5d00000,0x00000000f5e80000)
 ParOldGen       total 349696K, used 349695K [0x00000000e0000000, 0x00000000f5580000, 0x00000000f5580000)
  object space 349696K, 99% used [0x00000000e0000000,0x00000000f557ff50,0x00000000f5580000)
 Metaspace       used 62780K, committed 63808K, reserved 1114112K
  class space    used 6034K, committed 6464K, reserved 1048576K
}

Dll operation events (9 events):
Event: 0.002 Loaded shared library /nix/store/gpxl5qgg8kicmcvivwmybwjlpf7wh20l-graalvm17-ce-22.3.0/lib/libjava.so
Event: 0.007 Loaded shared library /nix/store/gpxl5qgg8kicmcvivwmybwjlpf7wh20l-graalvm17-ce-22.3.0/lib/libjsvml.so
Event: 0.145 Loaded shared library /nix/store/gpxl5qgg8kicmcvivwmybwjlpf7wh20l-graalvm17-ce-22.3.0/lib/libjvmcicompiler.so
Event: 0.221 Loaded shared library /nix/store/gpxl5qgg8kicmcvivwmybwjlpf7wh20l-graalvm17-ce-22.3.0/lib/libnio.so
Event: 0.226 Loaded shared library /nix/store/gpxl5qgg8kicmcvivwmybwjlpf7wh20l-graalvm17-ce-22.3.0/lib/libzip.so
Event: 0.634 Loaded shared library /nix/store/gpxl5qgg8kicmcvivwmybwjlpf7wh20l-graalvm17-ce-22.3.0/lib/libjimage.so
Event: 1.322 Loaded shared library /nix/store/gpxl5qgg8kicmcvivwmybwjlpf7wh20l-graalvm17-ce-22.3.0/lib/libnet.so
Event: 5.021 Loaded shared library /home/runner/.cache/jdt-language-server/config/org.eclipse.equinox.launcher/org.eclipse.equinox.launcher.gtk.linux.x86_64_1.2.400.v20211117-0650/eclipse_11600.so
Event: 14.322 Loaded shared library /nix/store/gpxl5qgg8kicmcvivwmybwjlpf7wh20l-graalvm17-ce-22.3.0/lib/libextnet.so

Deoptimization events (20 events):
Event: 835.249 Thread 0x00007f64ec035a20 DEOPT PACKING pc=0x00007f6563ff6296 sp=0x00007f65602fd920
Event: 835.249 Thread 0x00007f64ec035a20 DEOPT UNPACKING pc=0x00007f6563505325 sp=0x00007f65602fce30 mode 0
Event: 835.249 Thread 0x00007f64ec035a20 DEOPT PACKING pc=0x00007f6563ff6296 sp=0x00007f65602fd920
Event: 835.249 Thread 0x00007f64ec035a20 DEOPT UNPACKING pc=0x00007f6563505325 sp=0x00007f65602fce30 mode 0
Event: 835.250 Thread 0x00007f64ec035a20 DEOPT PACKING pc=0x00007f6563ff6296 sp=0x00007f65602fd920
Event: 835.250 Thread 0x00007f64ec035a20 DEOPT UNPACKING pc=0x00007f6563505325 sp=0x00007f65602fce30 mode 0
Event: 835.250 Thread 0x00007f64ec035a20 DEOPT PACKING pc=0x00007f6563ff6296 sp=0x00007f65602fd920
Event: 835.250 Thread 0x00007f64ec035a20 DEOPT UNPACKING pc=0x00007f6563505325 sp=0x00007f65602fce30 mode 0
Event: 835.251 Thread 0x00007f64ec035a20 DEOPT PACKING pc=0x00007f6563ff6296 sp=0x00007f65602fd920
Event: 835.251 Thread 0x00007f64ec035a20 DEOPT UNPACKING pc=0x00007f6563505325 sp=0x00007f65602fce30 mode 0
Event: 835.320 Thread 0x00007f64ec035a20 DEOPT PACKING pc=0x00007f6563ff6296 sp=0x00007f65602fd920
Event: 835.320 Thread 0x00007f64ec035a20 DEOPT UNPACKING pc=0x00007f6563505325 sp=0x00007f65602fce30 mode 0
Event: 835.321 Thread 0x00007f64ec035a20 DEOPT PACKING pc=0x00007f6563ff6296 sp=0x00007f65602fd920
Event: 835.321 Thread 0x00007f64ec035a20 DEOPT UNPACKING pc=0x00007f6563505325 sp=0x00007f65602fce30 mode 0
Event: 835.321 Thread 0x00007f64ec035a20 DEOPT PACKING pc=0x00007f6563ff6296 sp=0x00007f65602fd920
Event: 835.321 Thread 0x00007f64ec035a20 DEOPT UNPACKING pc=0x00007f6563505325 sp=0x00007f65602fce30 mode 0
Event: 1539.992 Thread 0x00007f657c0b2210 Uncommon trap: trap_request=0xffffff8f fr.pc=0x00007f656b1e0bdf relative=0x0000000000000a7f
Event: 1539.992 Thread 0x00007f657c0b2210 Uncommon trap: reason=constraint action=none pc=0x00007f656b1e0bdf method=java.io.DataOutputStream.writeUTF(Ljava/lang/String;Ljava/io/DataOutput;)I @ 116 jvmci
Event: 1539.992 Thread 0x00007f657c0b2210 DEOPT PACKING pc=0x00007f656b1e0bdf sp=0x00007f6562617ff0
Event: 1539.992 Thread 0x00007f657c0b2210 DEOPT UNPACKING pc=0x00007f6563505325 sp=0x00007f6562617440 mode 3

Classes unloaded (20 events):
Event: 157.055 Thread 0x00007f657c0a1c10 Unloading class 0x0000000801078000 'java/lang/invoke/LambdaForm$MH+0x0000000801078000'
Event: 157.055 Thread 0x00007f657c0a1c10 Unloading class 0x0000000800eed000 'jdk/internal/reflect/GeneratedConstructorAccessor12'
Event: 157.055 Thread 0x00007f657c0a1c10 Unloading class 0x0000000800eec800 'jdk/internal/reflect/GeneratedConstructorAccessor10'
Event: 157.055 Thread 0x00007f657c0a1c10 Unloading class 0x0000000800eec400 'jdk/internal/reflect/GeneratedConstructorAccessor9'
Event: 157.055 Thread 0x00007f657c0a1c10 Unloading class 0x0000000800eec000 'jdk/internal/reflect/GeneratedConstructorAccessor8'
Event: 157.055 Thread 0x00007f657c0a1c10 Unloading class 0x0000000800d99000 'java/lang/invoke/LambdaForm$MH+0x0000000800d99000'
Event: 157.055 Thread 0x00007f657c0a1c10 Unloading class 0x0000000800d98c00 'java/lang/invoke/LambdaForm$MH+0x0000000800d98c00'
Event: 157.055 Thread 0x00007f657c0a1c10 Unloading class 0x0000000800d98800 'java/lang/invoke/LambdaForm$MH+0x0000000800d98800'
Event: 157.055 Thread 0x00007f657c0a1c10 Unloading class 0x0000000800d98400 'java/lang/invoke/LambdaForm$MH+0x0000000800d98400'
Event: 157.055 Thread 0x00007f657c0a1c10 Unloading class 0x0000000800d98000 'jdk/internal/reflect/GeneratedConstructorAccessor3'
Event: 157.055 Thread 0x00007f657c0a1c10 Unloading class 0x0000000800d06800 'java/lang/invoke/LambdaForm$MH+0x0000000800d06800'
Event: 157.055 Thread 0x00007f657c0a1c10 Unloading class 0x0000000800d06000 'java/lang/invoke/LambdaForm$MH+0x0000000800d06000'
Event: 157.055 Thread 0x00007f657c0a1c10 Unloading class 0x0000000800d05c00 'java/lang/invoke/LambdaForm$MH+0x0000000800d05c00'
Event: 157.055 Thread 0x00007f657c0a1c10 Unloading class 0x0000000800d05800 'java/lang/invoke/LambdaForm$MH+0x0000000800d05800'
Event: 157.055 Thread 0x00007f657c0a1c10 Unloading class 0x0000000800d05000 'java/lang/invoke/LambdaForm$MH+0x0000000800d05000'
Event: 157.055 Thread 0x00007f657c0a1c10 Unloading class 0x0000000800d04c00 'java/lang/invoke/LambdaForm$MH+0x0000000800d04c00'
Event: 157.055 Thread 0x00007f657c0a1c10 Unloading class 0x0000000800d04800 'java/lang/invoke/LambdaForm$MH+0x0000000800d04800'
Event: 157.055 Thread 0x00007f657c0a1c10 Unloading class 0x0000000800d04000 'java/lang/invoke/LambdaForm$MH+0x0000000800d04000'
Event: 991.039 Thread 0x00007f657c0a1c10 Unloading class 0x0000000801134000 'jdk/internal/reflect/GeneratedConstructorAccessor42'
Event: 1253.039 Thread 0x00007f657c0a1c10 Unloading class 0x0000000801228400 'jdk/internal/reflect/GeneratedConstructorAccessor41'

Classes redefined (0 events):
No events

Internal exceptions (20 events):
Event: 38.042 Thread 0x00007f65040010d0 Exception <a 'java/lang/NoSuchMethodError'{0x00000000f5e0bcc8}: 'java.lang.Object java.lang.invoke.DirectMethodHandle$Holder.invokeSpecial(java.lang.Object, java.lang.Object, java.lang.Object, java.lang.Object, long)'> (0x00000000f5e0bcc8) 
thrown [src/hotspot/share/interpreter/linkResolver.cpp, line 758]
Event: 38.042 Thread 0x00007f65040010d0 Exception <a 'java/lang/NoSuchMethodError'{0x00000000f5e0ff80}: 'java.lang.Object java.lang.invoke.Invokers$Holder.linkToTargetMethod(java.lang.Object, java.lang.Object, long, java.lang.Object)'> (0x00000000f5e0ff80) 
thrown [src/hotspot/share/interpreter/linkResolver.cpp, line 758]
Event: 38.446 Thread 0x00007f65040010d0 Exception <a 'java/io/FileNotFoundException'{0x00000000f5805908}> (0x00000000f5805908) 
thrown [src/hotspot/share/prims/jni.cpp, line 516]
Event: 39.654 Thread 0x00007f64ec22d3e0 Implicit null exception at 0x00007f656b0dc569 to 0x00007f656b0dc71b
Event: 44.037 Thread 0x00007f65103043d0 Exception <a 'java/lang/NoSuchMethodError'{0x00000000f672d398}: 'java.lang.Object java.lang.invoke.DirectMethodHandle$Holder.newInvokeSpecial(java.lang.Object, java.lang.Object, int, java.lang.Object, java.lang.Object)'> (0x00000000f672d398) 
thrown [src/hotspot/share/interpreter/linkResolver.cpp, line 758]
Event: 44.037 Thread 0x00007f65103043d0 Exception <a 'java/lang/NoSuchMethodError'{0x00000000f67315d8}: 'java.lang.Object java.lang.invoke.DirectMethodHandle$Holder.invokeSpecial(java.lang.Object, java.lang.Object, java.lang.Object, int, java.lang.Object, java.lang.Object)'> (0x00000000f67315d8) 
thrown [src/hotspot/share/interpreter/linkResolver.cpp, line 758]
Event: 44.424 Thread 0x00007f64ec22d3e0 Exception <a 'java/lang/NoSuchMethodError'{0x00000000f63963a8}: 'java.lang.Object java.lang.invoke.DirectMethodHandle$Holder.newInvokeSpecial(java.lang.Object, java.lang.Object, int, java.lang.Object, java.lang.Object, java.lang.Object, java.lang.Object)'> (0x00000000f63963a8) 
thrown [src/hotspot/share/interpreter/linkResolver.cpp, line 758]
Event: 44.624 Thread 0x00007f64ec22d3e0 Exception <a 'java/lang/NoSuchMethodError'{0x00000000f57c22d8}: 'void java.lang.invoke.DirectMethodHandle$Holder.invokeSpecial(java.lang.Object, java.lang.Object, int)'> (0x00000000f57c22d8) 
thrown [src/hotspot/share/interpreter/linkResolver.cpp, line 758]
Event: 47.140 Thread 0x00007f64ec22d3e0 Exception <a 'java/lang/NoSuchMethodError'{0x00000000f55c00d8}: 'java.lang.Object java.lang.invoke.DirectMethodHandle$Holder.invokeStatic(java.lang.Object, int, java.lang.Object, java.lang.Object, java.lang.Object, java.lang.Object)'> (0x00000000f55c00d8) 
thrown [src/hotspot/share/interpreter/linkResolver.cpp, line 758]
Event: 47.140 Thread 0x00007f64ec22d3e0 Exception <a 'java/lang/NoSuchMethodError'{0x00000000f55c8300}: 'java.lang.Object java.lang.invoke.DirectMethodHandle$Holder.newInvokeSpecial(java.lang.Object, int, java.lang.Object, java.lang.Object, java.lang.Object)'> (0x00000000f55c8300) 
thrown [src/hotspot/share/interpreter/linkResolver.cpp, line 758]
Event: 48.127 Thread 0x00007f64ec22d3e0 Exception <a 'java/lang/NoSuchMethodError'{0x00000000f62fdf28}: 'int java.lang.invoke.DirectMethodHandle$Holder.invokeSpecialIFC(java.lang.Object, java.lang.Object, java.lang.Object, java.lang.Object)'> (0x00000000f62fdf28) 
thrown [src/hotspot/share/interpreter/linkResolver.cpp, line 758]
Event: 160.743 Thread 0x00007f651047ff90 Exception <a 'java/lang/OutOfMemoryError'{0x00000000e0011f88}> (0x00000000e0011f88) 
thrown [src/hotspot/share/gc/shared/memAllocator.cpp, line 138]
Event: 160.743 Thread 0x00007f651047ff90 Implicit null exception at 0x00007f656b0591e6 to 0x00007f656b0593e6
Event: 164.064 Thread 0x00007f651047ff90 Exception <a 'java/lang/OutOfMemoryError'{0x00000000e0011448}> (0x00000000e0011448) 
thrown [src/hotspot/share/gc/shared/memAllocator.cpp, line 136]
Event: 802.528 Thread 0x00007f64ec0354a0 Exception <a 'java/io/FileNotFoundException'{0x00000000f5741f18}> (0x00000000f5741f18) 
thrown [src/hotspot/share/prims/jni.cpp, line 516]
Event: 802.856 Thread 0x00007f64fc01e260 Implicit null exception at 0x00007f656b19cebb to 0x00007f6563504f68
Event: 803.049 Thread 0x00007f64fc01e260 Implicit null exception at 0x00007f656b1d2256 to 0x00007f656b1d3f2d
Event: 1539.992 Thread 0x00007f657c0b2210 Exception <a 'java/lang/OutOfMemoryError'{0x00000000e0011448}> (0x00000000e0011448) 
thrown [src/hotspot/share/gc/shared/memAllocator.cpp, line 138]
Event: 1539.992 Thread 0x00007f657c0b2210 Implicit null exception at 0x00007f656b1e084c to 0x00007f656b1e0bc4
Event: 1543.131 Thread 0x00007f657c0b2210 Exception <a 'java/lang/OutOfMemoryError'{0x00000000e0011768}> (0x00000000e0011768) 
thrown [src/hotspot/share/gc/shared/memAllocator.cpp, line 136]

VM Operations (20 events):
Event: 1525.412 Executing VM operation: ParallelGCFailedAllocation done
Event: 1525.412 Executing VM operation: ParallelGCFailedAllocation
Event: 1527.220 Executing VM operation: ParallelGCFailedAllocation done
Event: 1527.220 Executing VM operation: ParallelGCFailedAllocation
Event: 1528.670 Executing VM operation: ParallelGCFailedAllocation done
Event: 1528.670 Executing VM operation: ParallelGCFailedAllocation
Event: 1529.989 Executing VM operation: ParallelGCFailedAllocation done
Event: 1529.989 Executing VM operation: ParallelGCFailedAllocation
Event: 1531.401 Executing VM operation: ParallelGCFailedAllocation done
Event: 1531.401 Executing VM operation: ParallelGCFailedAllocation
Event: 1533.042 Executing VM operation: ParallelGCFailedAllocation done
Event: 1533.042 Executing VM operation: ParallelGCFailedAllocation
Event: 1535.157 Executing VM operation: ParallelGCFailedAllocation done
Event: 1535.158 Executing VM operation: ParallelGCFailedAllocation
Event: 1537.007 Executing VM operation: ParallelGCFailedAllocation done
Event: 1537.007 Executing VM operation: ParallelGCFailedAllocation
Event: 1539.992 Executing VM operation: ParallelGCFailedAllocation done
Event: 1539.992 Executing VM operation: ParallelGCFailedAllocation
Event: 1543.120 Executing VM operation: ParallelGCFailedAllocation done
Event: 1543.131 Executing VM operation: ParallelGCFailedAllocation

Events (20 events):
Event: 802.318 Protecting memory [0x00007f6560800000,0x00007f6560804000] with protection modes 0
Event: 803.822 Thread 0x00007f64ec035a20 Thread added: 0x00007f64ec035a20
Event: 803.822 Protecting memory [0x00007f6560200000,0x00007f6560204000] with protection modes 0
Event: 804.936 Thread 0x00007f657c0b4b70 flushing nmethod 0x00007f65649c6190
Event: 804.936 Thread 0x00007f657c0b4b70 flushing nmethod 0x00007f65649cb190
Event: 804.936 Thread 0x00007f657c0b4b70 flushing nmethod 0x00007f65649cdf10
Event: 804.936 Thread 0x00007f657c0b4b70 flushing nmethod 0x00007f65649d9790
Event: 807.538 Thread 0x00007f64ec035a20 Thread exited: 0x00007f64ec035a20
Event: 809.541 Thread 0x00007f64ec035a20 Thread added: 0x00007f64ec035a20
Event: 809.541 Protecting memory [0x00007f6560200000,0x00007f6560204000] with protection modes 0
Event: 811.366 Thread 0x00007f64ec035fa0 Thread added: 0x00007f64ec035fa0
Event: 811.373 Protecting memory [0x00007f6560a00000,0x00007f6560a04000] with protection modes 0
Event: 811.859 Thread 0x00007f64ec035a20 Thread exited: 0x00007f64ec035a20
Event: 813.830 Thread 0x00007f64ec035fa0 Thread exited: 0x00007f64ec035fa0
Event: 823.461 Thread 0x00007f64ec0366d0 Thread added: 0x00007f64ec0366d0
Event: 823.462 Protecting memory [0x00007f6560a00000,0x00007f6560a04000] with protection modes 0
Event: 825.723 Thread 0x00007f64ec035a20 Thread added: 0x00007f64ec035a20
Event: 825.723 Protecting memory [0x00007f6560200000,0x00007f6560204000] with protection modes 0
Event: 1224.624 Thread 0x00007f64e8001130 Thread added: 0x00007f64e8001130
Event: 1224.625 Protecting memory [0x00007f6528b00000,0x00007f6528b04000] with protection modes 0


Dynamic libraries:
e0000000-f5580000 rw-p 00000000 00:00 0 
f5580000-f6080000 rw-p 00000000 00:00 0 
f6080000-100000000 ---p 00000000 00:00 0 
800000000-800449000 rw-p 00001000 00:14bd 4611686019135357769            /nix/store/gpxl5qgg8kicmcvivwmybwjlpf7wh20l-graalvm17-ce-22.3.0/lib/server/classes.jsa
800449000-800bc8000 r--p 0044a000 00:14bd 4611686019135357769            /nix/store/gpxl5qgg8kicmcvivwmybwjlpf7wh20l-graalvm17-ce-22.3.0/lib/server/classes.jsa
800bc8000-800c00000 ---p 00000000 00:00 0 
800c00000-800c20000 rw-p 00000000 00:00 0 
800c20000-800c40000 rw-p 00000000 00:00 0 
800c40000-800cc0000 rw-p 00000000 00:00 0 
800cc0000-800d00000 rw-p 00000000 00:00 0 
800d00000-800dc0000 rw-p 00000000 00:00 0 
800dc0000-800e00000 rw-p 00000000 00:00 0 
800e00000-800f40000 rw-p 00000000 00:00 0 
800f40000-800fc0000 rw-p 00000000 00:00 0 
800fc0000-801000000 rw-p 00000000 00:00 0 
801000000-801250000 rw-p 00000000 00:00 0 
801250000-840c00000 ---p 00000000 00:00 0 
55e148bd5000-55e148bd6000 r-xp 00000000 00:14bd 4611686019099417844      /nix/store/gpxl5qgg8kicmcvivwmybwjlpf7wh20l-graalvm17-ce-22.3.0/bin/.java-wrapped
55e148bd7000-55e148bd8000 r--p 00001000 00:14bd 4611686019099417844      /nix/store/gpxl5qgg8kicmcvivwmybwjlpf7wh20l-graalvm17-ce-22.3.0/bin/.java-wrapped
55e148bd8000-55e148bd9000 rw-p 00002000 00:14bd 4611686019099417844      /nix/store/gpxl5qgg8kicmcvivwmybwjlpf7wh20l-graalvm17-ce-22.3.0/bin/.java-wrapped
55e148bd9000-55e148bda000 rw-p 00004000 00:14bd 4611686019099417844      /nix/store/gpxl5qgg8kicmcvivwmybwjlpf7wh20l-graalvm17-ce-22.3.0/bin/.java-wrapped
55e148bda000-55e148bdb000 rw-p 00005000 00:14bd 4611686019099417844      /nix/store/gpxl5qgg8kicmcvivwmybwjlpf7wh20l-graalvm17-ce-22.3.0/bin/.java-wrapped
55e148ce7000-55e148d2f000 rw-p 00000000 00:00 0                          [heap]
7f64b4000000-7f64b41f8000 rw-p 00000000 00:00 0 
7f64b41f8000-7f64b8000000 ---p 00000000 00:00 0 
7f64bc000000-7f64bc047000 rw-p 00000000 00:00 0 
7f64bc047000-7f64c0000000 ---p 00000000 00:00 0 
7f64c0000000-7f64c0021000 rw-p 00000000 00:00 0 
7f64c0021000-7f64c4000000 ---p 00000000 00:00 0 
7f64c4000000-7f64c4035000 rw-p 00000000 00:00 0 
7f64c4035000-7f64c8000000 ---p 00000000 00:00 0 
7f64c8000000-7f64c8021000 rw-p 00000000 00:00 0 
7f64c8021000-7f64cc000000 ---p 00000000 00:00 0 
7f64cc000000-7f64cc021000 rw-p 00000000 00:00 0 
7f64cc021000-7f64d0000000 ---p 00000000 00:00 0 
7f64d0400000-7f64d0860000 rw-p 00000000 00:00 0 
7f64d0860000-7f64d0b00000 rw-p 00000000 00:00 0 
7f64d0b00000-7f64d0b60000 rw-p 00000000 00:00 0 
7f64d0b60000-7f64d0c00000 ---p 00000000 00:00 0 
7f64d2c00000-7f64d32c0000 rw-p 00000000 00:00 0 
7f64d32c0000-7f64d3320000 rw-p 00000000 00:00 0 
7f64d3320000-7f64d3400000 rw-p 00000000 00:00 0 
7f64d4c00000-7f64d4ca0000 rw-p 00000000 00:00 0 
7f64d4ca0000-7f64d5400000 ---p 00000000 00:00 0 
7f64d64b3000-7f64e0000000 r--s 00000000 00:14bd 4611686019135192581      /nix/store/gpxl5qgg8kicmcvivwmybwjlpf7wh20l-graalvm17-ce-22.3.0/lib/modules
7f64e0000000-7f64e0028000 rw-p 00000000 00:00 0 
7f64e0028000-7f64e4000000 ---p 00000000 00:00 0 
7f64e4000000-7f64e44ec000 rw-p 00000000 00:00 0 
7f64e44ec000-7f64e8000000 ---p 00000000 00:00 0 
7f64e8000000-7f64e80f1000 rw-p 00000000 00:00 0 
7f64e80f1000-7f64ec000000 ---p 00000000 00:00 0 
7f64ec000000-7f64ec24a000 rw-p 00000000 00:00 0 
7f64ec24a000-7f64f0000000 ---p 00000000 00:00 0 
7f64f0000000-7f64f0021000 rw-p 00000000 00:00 0 
7f64f0021000-7f64f4000000 ---p 00000000 00:00 0 
7f64f4000000-7f64f4021000 rw-p 00000000 00:00 0 
7f64f4021000-7f64f8000000 ---p 00000000 00:00 0 
7f64f8000000-7f64f8061000 rw-p 00000000 00:00 0 
7f64f8061000-7f64fc000000 ---p 00000000 00:00 0 
7f64fc000000-7f64fc061000 rw-p 00000000 00:00 0 
7f64fc061000-7f6500000000 ---p 00000000 00:00 0 
7f6500000000-7f6500021000 rw-p 00000000 00:00 0 
7f6500021000-7f6504000000 ---p 00000000 00:00 0 
7f6504000000-7f650434d000 rw-p 00000000 00:00 0 
7f650434d000-7f6508000000 ---p 00000000 00:00 0 
7f6508000000-7f6508021000 rw-p 00000000 00:00 0 
7f6508021000-7f650c000000 ---p 00000000 00:00 0 
7f650c000000-7f650c021000 rw-p 00000000 00:00 0 
7f650c021000-7f6510000000 ---p 00000000 00:00 0 
7f6510000000-7f65108d0000 rw-p 00000000 00:00 0 
7f65108d0000-7f6514000000 ---p 00000000 00:00 0 
7f6514000000-7f6514026000 rw-p 00000000 00:00 0 
7f6514026000-7f6518000000 ---p 00000000 00:00 0 
7f6518000000-7f6518021000 rw-p 00000000 00:00 0 
7f6518021000-7f651c000000 ---p 00000000 00:00 0 
7f651c000000-7f651c021000 rw-p 00000000 00:00 0 
7f651c021000-7f6520000000 ---p 00000000 00:00 0 
7f6520000000-7f6520021000 rw-p 00000000 00:00 0 
7f6520021000-7f6524000000 ---p 00000000 00:00 0 
7f6524000000-7f6524200000 rw-p 00000000 00:00 0 
7f6524200000-7f6524500000 rw-p 00000000 00:00 0 
7f6524500000-7f6524600000 rw-p 00000000 00:00 0 
7f6524600000-7f6524800000 rw-p 00000000 00:00 0 
7f6524800000-7f6524880000 rw-p 00000000 00:00 0 
7f6524880000-7f6524900000 rw-p 00000000 00:00 0 
7f6524900000-7f6524b00000 rw-p 00000000 00:00 0 
7f6524b00000-7f6524d00000 rw-p 00000000 00:00 0 
7f6524d00000-7f6525000000 rw-p 00000000 00:00 0 
7f6525000000-7f6525100000 rw-p 00000000 00:00 0 
7f6525100000-7f6525200000 rw-p 00000000 00:00 0 
7f6525200000-7f6525780000 rw-p 00000000 00:00 0 
7f6525780000-7f6525800000 rw-p 00000000 00:00 0 
7f6525800000-7f6525900000 rw-p 00000000 00:00 0 
7f6525900000-7f6525a00000 rw-p 00000000 00:00 0 
7f6525a00000-7f6525f40000 rw-p 00000000 00:00 0 
7f6525f40000-7f6525f80000 rw-p 00000000 00:00 0 
7f6525f80000-7f6526000000 rw-p 00000000 00:00 0 
7f6527000000-7f6527010000 r-xp 00000000 00:14ba 358                      /home/runner/.cache/jdt-language-server/config/org.eclipse.equinox.launcher/org.eclipse.equinox.launcher.gtk.linux.x86_64_1.2.400.v20211117-0650/eclipse_11600.so
7f6527010000-7f652720f000 ---p 00010000 00:14ba 358                      /home/runner/.cache/jdt-language-server/config/org.eclipse.equinox.launcher/org.eclipse.equinox.launcher.gtk.linux.x86_64_1.2.400.v20211117-0650/eclipse_11600.so
7f652720f000-7f6527210000 r--p 0000f000 00:14ba 358                      /home/runner/.cache/jdt-language-server/config/org.eclipse.equinox.launcher/org.eclipse.equinox.launcher.gtk.linux.x86_64_1.2.400.v20211117-0650/eclipse_11600.so
7f6527210000-7f6527211000 rw-p 00010000 00:14ba 358                      /home/runner/.cache/jdt-language-server/config/org.eclipse.equinox.launcher/org.eclipse.equinox.launcher.gtk.linux.x86_64_1.2.400.v20211117-0650/eclipse_11600.so
7f6527700000-7f6527800000 ---p 00000000 00:00 0 
7f6527800000-7f6527daf000 r--p 01122000 00:14bd 4611686019135190040      /nix/store/gpxl5qgg8kicmcvivwmybwjlpf7wh20l-graalvm17-ce-22.3.0/lib/libjvmcicompiler.so
7f6527daf000-7f6527f00000 r--p 00000000 00:00 0 
7f6527f00000-7f6527f3d000 rw-p 00000000 00:00 0 
7f6527f3d000-7f652845d000 rw-p 0185f000 00:14bd 4611686019135190040      /nix/store/gpxl5qgg8kicmcvivwmybwjlpf7wh20l-graalvm17-ce-22.3.0/lib/libjvmcicompiler.so
7f652845d000-7f6528844000 r--p 01d7f000 00:14bd 4611686019135190040      /nix/store/gpxl5qgg8kicmcvivwmybwjlpf7wh20l-graalvm17-ce-22.3.0/lib/libjvmcicompiler.so
7f6528900000-7f6528904000 ---p 00000000 00:00 0 
7f6528904000-7f6528a00000 rw-p 00000000 00:00 0 
7f6528b00000-7f6528b04000 ---p 00000000 00:00 0 
7f6528b04000-7f6528c00000 rw-p 00000000 00:00 0 
7f6528d00000-7f6528d04000 ---p 00000000 00:00 0 
7f6528d04000-7f6528e00000 rw-p 00000000 00:00 0 
7f6528f00000-7f6528f04000 ---p 00000000 00:00 0 
7f6528f04000-7f6529000000 rw-p 00000000 00:00 0 
7f6529100000-7f6529104000 ---p 00000000 00:00 0 
7f6529104000-7f6529200000 rw-p 00000000 00:00 0 
7f6529300000-7f6529304000 ---p 00000000 00:00 0 
7f6529304000-7f6529400000 rw-p 00000000 00:00 0 
7f6529500000-7f6529504000 ---p 00000000 00:00 0 
7f6529504000-7f6529600000 rw-p 00000000 00:00 0 
7f6529700000-7f6529704000 ---p 00000000 00:00 0 
7f6529704000-7f6529800000 rw-p 00000000 00:00 0 
7f6529900000-7f6529904000 ---p 00000000 00:00 0 
7f6529904000-7f6529a00000 rw-p 00000000 00:00 0 
7f6529b00000-7f6529b04000 ---p 00000000 00:00 0 
7f6529b04000-7f6529c00000 rw-p 00000000 00:00 0 
7f6529c00000-7f652bd6a000 r-xp 00000000 00:14bd 4611686019135190040      /nix/store/gpxl5qgg8kicmcvivwmybwjlpf7wh20l-graalvm17-ce-22.3.0/lib/libjvmcicompiler.so
7f652bd6a000-7f652bf69000 ---p 0216a000 00:14bd 4611686019135190040      /nix/store/gpxl5qgg8kicmcvivwmybwjlpf7wh20l-graalvm17-ce-22.3.0/lib/libjvmcicompiler.so
7f652bf69000-7f652bf6a000 r--p 02169000 00:14bd 4611686019135190040      /nix/store/gpxl5qgg8kicmcvivwmybwjlpf7wh20l-graalvm17-ce-22.3.0/lib/libjvmcicompiler.so
7f652bf6a000-7f652bf6c000 rw-p 0216a000 00:14bd 4611686019135190040      /nix/store/gpxl5qgg8kicmcvivwmybwjlpf7wh20l-graalvm17-ce-22.3.0/lib/libjvmcicompiler.so
7f652bf6c000-7f652bf6d000 rw-p 00000000 00:00 0 
7f652bf6d000-7f652bf72000 rw-p 023c3000 00:14bd 4611686019135190040      /nix/store/gpxl5qgg8kicmcvivwmybwjlpf7wh20l-graalvm17-ce-22.3.0/lib/libjvmcicompiler.so
7f652c000000-7f652c021000 rw-p 00000000 00:00 0 
7f652c021000-7f6530000000 ---p 00000000 00:00 0 
7f6530000000-7f6530021000 rw-p 00000000 00:00 0 
7f6530021000-7f6534000000 ---p 00000000 00:00 0 
7f6534000000-7f6534021000 rw-p 00000000 00:00 0 
7f6534021000-7f6538000000 ---p 00000000 00:00 0 
7f6538000000-7f6538021000 rw-p 00000000 00:00 0 
7f6538021000-7f653c000000 ---p 00000000 00:00 0 
7f653c000000-7f653c0fc000 rw-p 00000000 00:00 0 
7f653c0fc000-7f6540000000 ---p 00000000 00:00 0 
7f6540000000-7f6540bab000 rw-p 00000000 00:00 0 
7f6540bab000-7f6544000000 ---p 00000000 00:00 0 
7f6544000000-7f6544021000 rw-p 00000000 00:00 0 
7f6544021000-7f6548000000 ---p 00000000 00:00 0 
7f6548000000-7f6548021000 rw-p 00000000 00:00 0 
7f6548021000-7f654c000000 ---p 00000000 00:00 0 
7f654c000000-7f654c021000 rw-p 00000000 00:00 0 
7f654c021000-7f6550000000 ---p 00000000 00:00 0 
7f6550000000-7f6550021000 rw-p 00000000 00:00 0 
7f6550021000-7f6554000000 ---p 00000000 00:00 0 
7f6554000000-7f6554021000 rw-p 00000000 00:00 0 
7f6554021000-7f6558000000 ---p 00000000 00:00 0 
7f6558000000-7f6558021000 rw-p 00000000 00:00 0 
7f6558021000-7f655c000000 ---p 00000000 00:00 0 
7f655c000000-7f655c1e9000 rw-p 00000000 00:00 0 
7f655c1e9000-7f6560004000 ---p 00000000 00:00 0 
7f6560004000-7f6560100000 rw-p 00000000 00:00 0 
7f6560100000-7f6560104000 ---p 00000000 00:00 0 
7f6560104000-7f6560200000 rw-p 00000000 00:00 0 
7f6560200000-7f6560204000 ---p 00000000 00:00 0 
7f6560204000-7f6560300000 rw-p 00000000 00:00 0 
7f6560300000-7f6560304000 ---p 00000000 00:00 0 
7f6560304000-7f6560400000 rw-p 00000000 00:00 0 
7f6560400000-7f6560404000 ---p 00000000 00:00 0 
7f6560404000-7f6560500000 rw-p 00000000 00:00 0 
7f6560500000-7f6560504000 ---p 00000000 00:00 0 
7f6560504000-7f6560600000 rw-p 00000000 00:00 0 
7f6560600000-7f6560604000 ---p 00000000 00:00 0 
7f6560604000-7f6560700000 rw-p 00000000 00:00 0 
7f6560700000-7f6560704000 ---p 00000000 00:00 0 
7f6560704000-7f6560800000 rw-p 00000000 00:00 0 
7f6560800000-7f6560804000 ---p 00000000 00:00 0 
7f6560804000-7f6560900000 rw-p 00000000 00:00 0 
7f6560900000-7f6560904000 ---p 00000000 00:00 0 
7f6560904000-7f6560a00000 rw-p 00000000 00:00 0 
7f6560a00000-7f6560a04000 ---p 00000000 00:00 0 
7f6560a04000-7f6560b00000 rw-p 00000000 00:00 0 
7f6560b00000-7f6560b04000 ---p 00000000 00:00 0 
7f6560b04000-7f6560c00000 rw-p 00000000 00:00 0 
7f6561968000-7f6561e00000 rw-p 00000000 00:00 0 
7f6561e18000-7f6561e19000 ---p 00000000 00:00 0 
7f6561e19000-7f6561f1a000 rw-p 00000000 00:00 0 
7f6561f1a000-7f6561f1e000 ---p 00000000 00:00 0 
7f6561f1e000-7f656201a000 rw-p 00000000 00:00 0 
7f656201a000-7f656201e000 ---p 00000000 00:00 0 
7f656201e000-7f656211a000 rw-p 00000000 00:00 0 
7f656211a000-7f656211e000 ---p 00000000 00:00 0 
7f656211e000-7f656221a000 rw-p 00000000 00:00 0 
7f656221a000-7f656221e000 ---p 00000000 00:00 0 
7f656221e000-7f656241a000 rw-p 00000000 00:00 0 
7f656241a000-7f656241e000 ---p 00000000 00:00 0 
7f656241e000-7f656261a000 rw-p 00000000 00:00 0 
7f656261a000-7f656261e000 ---p 00000000 00:00 0 
7f656261e000-7f656271a000 rw-p 00000000 00:00 0 
7f656271a000-7f656271e000 ---p 00000000 00:00 0 
7f656271e000-7f656281a000 rw-p 00000000 00:00 0 
7f656281a000-7f656281e000 ---p 00000000 00:00 0 
7f656281e000-7f656291a000 rw-p 00000000 00:00 0 
7f656291a000-7f6562c00000 r--p 00000000 00:11fe 28444448                 /usr/lib/locale/locale-archive
7f6562c00000-7f6563000000 rw-p 00000000 00:00 0 
7f6563000000-7f6563300000 rw-p 00000000 00:00 0 
7f6563300000-7f6563400000 rw-p 00000000 00:00 0 
7f6563491000-7f6563495000 ---p 00000000 00:00 0 
7f6563495000-7f65634b3000 rw-p 00000000 00:00 0 
7f65634b3000-7f6563723000 rwxp 00000000 00:00 0 
7f6563723000-7f6563a42000 ---p 00000000 00:00 0 
7f6563a42000-7f6564c12000 rwxp 00000000 00:00 0 
7f6564c12000-7f656af7a000 ---p 00000000 00:00 0 
7f656af7a000-7f656b2aa000 rwxp 00000000 00:00 0 
7f656b2aa000-7f65724b3000 ---p 00000000 00:00 0 
7f65724b3000-7f657c000000 r--s 00000000 00:14bd 4611686019135192581      /nix/store/gpxl5qgg8kicmcvivwmybwjlpf7wh20l-graalvm17-ce-22.3.0/lib/modules
7f657c000000-7f657c643000 rw-p 00000000 00:00 0 
7f657c643000-7f6580000000 ---p 00000000 00:00 0 
7f6580014000-7f6580016000 r-xp 00000000 00:14bd 4611686019135190017      /nix/store/gpxl5qgg8kicmcvivwmybwjlpf7wh20l-graalvm17-ce-22.3.0/lib/libextnet.so
7f6580016000-7f6580017000 r--p 00001000 00:14bd 4611686019135190017      /nix/store/gpxl5qgg8kicmcvivwmybwjlpf7wh20l-graalvm17-ce-22.3.0/lib/libextnet.so
7f6580017000-7f6580018000 rw-p 00002000 00:14bd 4611686019135190017      /nix/store/gpxl5qgg8kicmcvivwmybwjlpf7wh20l-graalvm17-ce-22.3.0/lib/libextnet.so
7f6580018000-7f6580019000 rw-p 00004000 00:14bd 4611686019135190017      /nix/store/gpxl5qgg8kicmcvivwmybwjlpf7wh20l-graalvm17-ce-22.3.0/lib/libextnet.so
7f6580019000-7f6580020000 r-xp 00000000 00:14bd 4611686019135192580      /nix/store/gpxl5qgg8kicmcvivwmybwjlpf7wh20l-graalvm17-ce-22.3.0/lib/libzip.so
7f6580020000-7f6580021000 ---p 00007000 00:14bd 4611686019135192580      /nix/store/gpxl5qgg8kicmcvivwmybwjlpf7wh20l-graalvm17-ce-22.3.0/lib/libzip.so
7f6580021000-7f6580022000 r--p 00007000 00:14bd 4611686019135192580      /nix/store/gpxl5qgg8kicmcvivwmybwjlpf7wh20l-graalvm17-ce-22.3.0/lib/libzip.so
7f6580022000-7f6580023000 rw-p 00008000 00:14bd 4611686019135192580      /nix/store/gpxl5qgg8kicmcvivwmybwjlpf7wh20l-graalvm17-ce-22.3.0/lib/libzip.so
7f6580023000-7f6580025000 rw-p 0000b000 00:14bd 4611686019135192580      /nix/store/gpxl5qgg8kicmcvivwmybwjlpf7wh20l-graalvm17-ce-22.3.0/lib/libzip.so
7f6580025000-7f658003a000 r-xp 00000000 00:14bd 4611686019135192570      /nix/store/gpxl5qgg8kicmcvivwmybwjlpf7wh20l-graalvm17-ce-22.3.0/lib/libnet.so
7f658003a000-7f658003b000 ---p 00015000 00:14bd 4611686019135192570      /nix/store/gpxl5qgg8kicmcvivwmybwjlpf7wh20l-graalvm17-ce-22.3.0/lib/libnet.so
7f658003b000-7f658003c000 r--p 00015000 00:14bd 4611686019135192570      /nix/store/gpxl5qgg8kicmcvivwmybwjlpf7wh20l-graalvm17-ce-22.3.0/lib/libnet.so
7f658003c000-7f658003d000 rw-p 00016000 00:14bd 4611686019135192570      /nix/store/gpxl5qgg8kicmcvivwmybwjlpf7wh20l-graalvm17-ce-22.3.0/lib/libnet.so
7f658003d000-7f6580040000 rw-p 0001b000 00:14bd 4611686019135192570      /nix/store/gpxl5qgg8kicmcvivwmybwjlpf7wh20l-graalvm17-ce-22.3.0/lib/libnet.so
7f6580040000-7f6580053000 r-xp 00000000 00:14bd 4611686019135192571      /nix/store/gpxl5qgg8kicmcvivwmybwjlpf7wh20l-graalvm17-ce-22.3.0/lib/libnio.so
7f6580053000-7f6580054000 r--p 00012000 00:14bd 4611686019135192571      /nix/store/gpxl5qgg8kicmcvivwmybwjlpf7wh20l-graalvm17-ce-22.3.0/lib/libnio.so
7f6580054000-7f6580055000 rw-p 00013000 00:14bd 4611686019135192571      /nix/store/gpxl5qgg8kicmcvivwmybwjlpf7wh20l-graalvm17-ce-22.3.0/lib/libnio.so
7f6580055000-7f658005a000 rw-p 00019000 00:14bd 4611686019135192571      /nix/store/gpxl5qgg8kicmcvivwmybwjlpf7wh20l-graalvm17-ce-22.3.0/lib/libnio.so
7f658005a000-7f658005e000 ---p 00000000 00:00 0 
7f658005e000-7f658015a000 rw-p 00000000 00:00 0 
7f658015a000-7f658015e000 ---p 00000000 00:00 0 
7f658015e000-7f658025a000 rw-p 00000000 00:00 0 
7f658025a000-7f658025b000 ---p 00000000 00:00 0 
7f658025b000-7f658035c000 rw-p 00000000 00:00 0 
7f658035c000-7f658042a000 r-xp 00000000 00:14bd 4611686019135190036      /nix/store/gpxl5qgg8kicmcvivwmybwjlpf7wh20l-graalvm17-ce-22.3.0/lib/libjsvml.so
7f658042a000-7f658042b000 r--p 000cd000 00:14bd 4611686019135190036      /nix/store/gpxl5qgg8kicmcvivwmybwjlpf7wh20l-graalvm17-ce-22.3.0/lib/libjsvml.so
7f658042b000-7f658042c000 rw-p 000ce000 00:14bd 4611686019135190036      /nix/store/gpxl5qgg8kicmcvivwmybwjlpf7wh20l-graalvm17-ce-22.3.0/lib/libjsvml.so
7f658042c000-7f6581d04000 rw-p 00000000 00:00 0 
7f6581d04000-7f6581d05000 ---p 00000000 00:00 0 
7f6581d05000-7f6581eb0000 rw-p 00000000 00:00 0 
7f6581eb0000-7f6581eb7000 rw-p 00000000 00:00 0 
7f6581eb7000-7f6581f06000 ---p 00000000 00:00 0 
7f6581f06000-7f6581f0e000 rw-p 00000000 00:00 0 
7f6581f0e000-7f6581ff2000 ---p 00000000 00:00 0 
7f6581ff2000-7f6582016000 rw-p 00000000 00:00 0 
7f6582016000-7f65820dd000 ---p 00000000 00:00 0 
7f65820dd000-7f65820e2000 rw-p 00000000 00:00 0 
7f65820e2000-7f65820e9000 ---p 00000000 00:00 0 
7f65820e9000-7f658210d000 r-xp 00000000 00:14bd 4611686019135190028      /nix/store/gpxl5qgg8kicmcvivwmybwjlpf7wh20l-graalvm17-ce-22.3.0/lib/libjava.so
7f658210d000-7f658210e000 ---p 00024000 00:14bd 4611686019135190028      /nix/store/gpxl5qgg8kicmcvivwmybwjlpf7wh20l-graalvm17-ce-22.3.0/lib/libjava.so
7f658210e000-7f658210f000 r--p 00024000 00:14bd 4611686019135190028      /nix/store/gpxl5qgg8kicmcvivwmybwjlpf7wh20l-graalvm17-ce-22.3.0/lib/libjava.so
7f658210f000-7f6582110000 rw-p 00025000 00:14bd 4611686019135190028      /nix/store/gpxl5qgg8kicmcvivwmybwjlpf7wh20l-graalvm17-ce-22.3.0/lib/libjava.so
7f6582110000-7f6582111000 rw-p 00000000 00:00 0 
7f6582111000-7f6582118000 rw-p 0002f000 00:14bd 4611686019135190028      /nix/store/gpxl5qgg8kicmcvivwmybwjlpf7wh20l-graalvm17-ce-22.3.0/lib/libjava.so
7f6582118000-7f6582120000 rw-s 00000000 00:9ae 355                       /tmp/hsperfdata_runner/20
7f6582120000-7f6582121000 ---p 00000000 00:00 0 
7f6582121000-7f6582122000 r--p 00000000 00:00 0 
7f6582122000-7f6582123000 rwxp 00000000 00:00 0 
7f6582123000-7f658213e000 r-xp 00000000 00:14bd 4611686019135190032      /nix/store/gpxl5qgg8kicmcvivwmybwjlpf7wh20l-graalvm17-ce-22.3.0/lib/libjimage.so
7f658213e000-7f658213f000 ---p 0001b000 00:14bd 4611686019135190032      /nix/store/gpxl5qgg8kicmcvivwmybwjlpf7wh20l-graalvm17-ce-22.3.0/lib/libjimage.so
7f658213f000-7f6582141000 r--p 0001b000 00:14bd 4611686019135190032      /nix/store/gpxl5qgg8kicmcvivwmybwjlpf7wh20l-graalvm17-ce-22.3.0/lib/libjimage.so
7f6582141000-7f6582142000 rw-p 0001d000 00:14bd 4611686019135190032      /nix/store/gpxl5qgg8kicmcvivwmybwjlpf7wh20l-graalvm17-ce-22.3.0/lib/libjimage.so
7f6582142000-7f6582143000 rw-p 00024000 00:14bd 4611686019135190032      /nix/store/gpxl5qgg8kicmcvivwmybwjlpf7wh20l-graalvm17-ce-22.3.0/lib/libjimage.so
7f6582143000-7f6582147000 ---p 00000000 00:00 0 
7f6582147000-7f6582243000 rw-p 00000000 00:00 0 
7f6582243000-7f6582251000 r--p 00000000 00:14bd 4611686019027979927      /nix/store/4nlgxhb09sdr51nc9hdm8az5b08vzkgx-glibc-2.35-163/lib/libm.so.6
7f6582251000-7f65822c4000 r-xp 0000e000 00:14bd 4611686019027979927      /nix/store/4nlgxhb09sdr51nc9hdm8az5b08vzkgx-glibc-2.35-163/lib/libm.so.6
7f65822c4000-7f6582321000 r--p 00081000 00:14bd 4611686019027979927      /nix/store/4nlgxhb09sdr51nc9hdm8az5b08vzkgx-glibc-2.35-163/lib/libm.so.6
7f6582321000-7f6582322000 r--p 000dd000 00:14bd 4611686019027979927      /nix/store/4nlgxhb09sdr51nc9hdm8az5b08vzkgx-glibc-2.35-163/lib/libm.so.6
7f6582322000-7f6582323000 rw-p 000de000 00:14bd 4611686019027979927      /nix/store/4nlgxhb09sdr51nc9hdm8az5b08vzkgx-glibc-2.35-163/lib/libm.so.6
7f6582323000-7f6582324000 r--p 00000000 00:14bd 4611686019027979946      /nix/store/4nlgxhb09sdr51nc9hdm8az5b08vzkgx-glibc-2.35-163/lib/librt.so.1
7f6582324000-7f6582325000 r-xp 00001000 00:14bd 4611686019027979946      /nix/store/4nlgxhb09sdr51nc9hdm8az5b08vzkgx-glibc-2.35-163/lib/librt.so.1
7f6582325000-7f6582326000 r--p 00002000 00:14bd 4611686019027979946      /nix/store/4nlgxhb09sdr51nc9hdm8az5b08vzkgx-glibc-2.35-163/lib/librt.so.1
7f6582326000-7f6582327000 r--p 00002000 00:14bd 4611686019027979946      /nix/store/4nlgxhb09sdr51nc9hdm8az5b08vzkgx-glibc-2.35-163/lib/librt.so.1
7f6582327000-7f6582328000 rw-p 00003000 00:14bd 4611686019027979946      /nix/store/4nlgxhb09sdr51nc9hdm8az5b08vzkgx-glibc-2.35-163/lib/librt.so.1
7f6582328000-7f658343b000 r-xp 00000000 00:14bd 4611686019135360866      /nix/store/gpxl5qgg8kicmcvivwmybwjlpf7wh20l-graalvm17-ce-22.3.0/lib/server/libjvm.so
7f658343b000-7f658343c000 ---p 01113000 00:14bd 4611686019135360866      /nix/store/gpxl5qgg8kicmcvivwmybwjlpf7wh20l-graalvm17-ce-22.3.0/lib/server/libjvm.so
7f658343c000-7f65834f1000 r--p 01113000 00:14bd 4611686019135360866      /nix/store/gpxl5qgg8kicmcvivwmybwjlpf7wh20l-graalvm17-ce-22.3.0/lib/server/libjvm.so
7f65834f1000-7f6583525000 rw-p 011c8000 00:14bd 4611686019135360866      /nix/store/gpxl5qgg8kicmcvivwmybwjlpf7wh20l-graalvm17-ce-22.3.0/lib/server/libjvm.so
7f6583525000-7f6583581000 rw-p 00000000 00:00 0 
7f6583581000-7f65835a9000 r--p 00000000 00:14bd 4611686019027979918      /nix/store/4nlgxhb09sdr51nc9hdm8az5b08vzkgx-glibc-2.35-163/lib/libc.so.6
7f65835a9000-7f658371f000 r-xp 00028000 00:14bd 4611686019027979918      /nix/store/4nlgxhb09sdr51nc9hdm8az5b08vzkgx-glibc-2.35-163/lib/libc.so.6
7f658371f000-7f6583777000 r--p 0019e000 00:14bd 4611686019027979918      /nix/store/4nlgxhb09sdr51nc9hdm8az5b08vzkgx-glibc-2.35-163/lib/libc.so.6
7f6583777000-7f658377b000 r--p 001f6000 00:14bd 4611686019027979918      /nix/store/4nlgxhb09sdr51nc9hdm8az5b08vzkgx-glibc-2.35-163/lib/libc.so.6
7f658377b000-7f658377d000 rw-p 001fa000 00:14bd 4611686019027979918      /nix/store/4nlgxhb09sdr51nc9hdm8az5b08vzkgx-glibc-2.35-163/lib/libc.so.6
7f658377d000-7f658378c000 rw-p 00000000 00:00 0 
7f658378c000-7f658378d000 r--p 00000000 00:14bd 4611686019027979923      /nix/store/4nlgxhb09sdr51nc9hdm8az5b08vzkgx-glibc-2.35-163/lib/libdl.so.2
7f658378d000-7f658378e000 r-xp 00001000 00:14bd 4611686019027979923      /nix/store/4nlgxhb09sdr51nc9hdm8az5b08vzkgx-glibc-2.35-163/lib/libdl.so.2
7f658378e000-7f658378f000 r--p 00002000 00:14bd 4611686019027979923      /nix/store/4nlgxhb09sdr51nc9hdm8az5b08vzkgx-glibc-2.35-163/lib/libdl.so.2
7f658378f000-7f6583790000 r--p 00002000 00:14bd 4611686019027979923      /nix/store/4nlgxhb09sdr51nc9hdm8az5b08vzkgx-glibc-2.35-163/lib/libdl.so.2
7f6583790000-7f6583791000 rw-p 00003000 00:14bd 4611686019027979923      /nix/store/4nlgxhb09sdr51nc9hdm8az5b08vzkgx-glibc-2.35-163/lib/libdl.so.2
7f6583791000-7f6583792000 r--p 00000000 00:14bd 4611686019027979942      /nix/store/4nlgxhb09sdr51nc9hdm8az5b08vzkgx-glibc-2.35-163/lib/libpthread.so.0
7f6583792000-7f6583793000 r-xp 00001000 00:14bd 4611686019027979942      /nix/store/4nlgxhb09sdr51nc9hdm8az5b08vzkgx-glibc-2.35-163/lib/libpthread.so.0
7f6583793000-7f6583794000 r--p 00002000 00:14bd 4611686019027979942      /nix/store/4nlgxhb09sdr51nc9hdm8az5b08vzkgx-glibc-2.35-163/lib/libpthread.so.0
7f6583794000-7f6583795000 r--p 00002000 00:14bd 4611686019027979942      /nix/store/4nlgxhb09sdr51nc9hdm8az5b08vzkgx-glibc-2.35-163/lib/libpthread.so.0
7f6583795000-7f6583796000 rw-p 00003000 00:14bd 4611686019027979942      /nix/store/4nlgxhb09sdr51nc9hdm8az5b08vzkgx-glibc-2.35-163/lib/libpthread.so.0
7f6583796000-7f65837a4000 r-xp 00000000 00:14bd 4611686019135190033      /nix/store/gpxl5qgg8kicmcvivwmybwjlpf7wh20l-graalvm17-ce-22.3.0/lib/libjli.so
7f65837a4000-7f65837a5000 ---p 0000e000 00:14bd 4611686019135190033      /nix/store/gpxl5qgg8kicmcvivwmybwjlpf7wh20l-graalvm17-ce-22.3.0/lib/libjli.so
7f65837a5000-7f65837a6000 r--p 0000e000 00:14bd 4611686019135190033      /nix/store/gpxl5qgg8kicmcvivwmybwjlpf7wh20l-graalvm17-ce-22.3.0/lib/libjli.so
7f65837a6000-7f65837a7000 rw-p 0000f000 00:14bd 4611686019135190033      /nix/store/gpxl5qgg8kicmcvivwmybwjlpf7wh20l-graalvm17-ce-22.3.0/lib/libjli.so
7f65837a7000-7f65837a8000 rw-p 00012000 00:14bd 4611686019135190033      /nix/store/gpxl5qgg8kicmcvivwmybwjlpf7wh20l-graalvm17-ce-22.3.0/lib/libjli.so
7f65837a8000-7f65837ab000 r--p 00000000 00:14bd 4611686019106210071      /nix/store/026hln0aq1hyshaxsdvhg0kmcm6yf45r-zlib-1.2.13/lib/libz.so.1.2.13
7f65837ab000-7f65837bd000 r-xp 00003000 00:14bd 4611686019106210071      /nix/store/026hln0aq1hyshaxsdvhg0kmcm6yf45r-zlib-1.2.13/lib/libz.so.1.2.13
7f65837bd000-7f65837c4000 r--p 00015000 00:14bd 4611686019106210071      /nix/store/026hln0aq1hyshaxsdvhg0kmcm6yf45r-zlib-1.2.13/lib/libz.so.1.2.13
7f65837c4000-7f65837c5000 r--p 0001b000 00:14bd 4611686019106210071      /nix/store/026hln0aq1hyshaxsdvhg0kmcm6yf45r-zlib-1.2.13/lib/libz.so.1.2.13
7f65837c5000-7f65837c6000 rw-p 0001c000 00:14bd 4611686019106210071      /nix/store/026hln0aq1hyshaxsdvhg0kmcm6yf45r-zlib-1.2.13/lib/libz.so.1.2.13
7f65837c6000-7f65837c8000 rw-p 00000000 00:00 0 
7f65837c8000-7f65837ca000 r--p 00000000 00:14bd 4611686019027979912      /nix/store/4nlgxhb09sdr51nc9hdm8az5b08vzkgx-glibc-2.35-163/lib/ld-linux-x86-64.so.2
7f65837ca000-7f65837f1000 r-xp 00002000 00:14bd 4611686019027979912      /nix/store/4nlgxhb09sdr51nc9hdm8az5b08vzkgx-glibc-2.35-163/lib/ld-linux-x86-64.so.2
7f65837f1000-7f65837fd000 r--p 00029000 00:14bd 4611686019027979912      /nix/store/4nlgxhb09sdr51nc9hdm8az5b08vzkgx-glibc-2.35-163/lib/ld-linux-x86-64.so.2
7f65837fd000-7f65837ff000 r--p 00034000 00:14bd 4611686019027979912      /nix/store/4nlgxhb09sdr51nc9hdm8az5b08vzkgx-glibc-2.35-163/lib/ld-linux-x86-64.so.2
7f65837ff000-7f6583801000 rw-p 00036000 00:14bd 4611686019027979912      /nix/store/4nlgxhb09sdr51nc9hdm8az5b08vzkgx-glibc-2.35-163/lib/ld-linux-x86-64.so.2
7fffe088f000-7fffe08b3000 rw-p 00000000 00:00 0                          [stack]
7fffe08b3000-7fffe08b7000 r--p 00000000 00:00 0                          [vvar]
7fffe08b7000-7fffe08b9000 r-xp 00000000 00:00 0                          [vdso]
ffffffffff600000-ffffffffff601000 --xp 00000000 00:00 0                  [vsyscall]


VM Arguments:
jvm_args: -XX:ThreadPriorityPolicy=1 -XX:+UnlockExperimentalVMOptions -XX:+EnableJVMCIProduct -XX:JVMCIThreadsPerNativeLibraryRuntime=1 -XX:-UnlockExperimentalVMOptions -Declipse.application=org.eclipse.jdt.ls.core.id1 -Dosgi.bundles.defaultStartLevel=4 -Declipse.product=org.eclipse.jdt.ls.core.product -Dlog.level=ALL -Xverify:none -XX:+UseParallelGC -XX:GCTimeRatio=4 -XX:AdaptiveSizePolicyWeight=90 -Dsun.zip.disableMemoryMapping=true -Xmx512m -Xms100m 
java_command: /nix/store/m6gcpi1ii6rghy04cjwjddcavv7i90df-jdt-language-server-1.9.0/share/java/plugins/org.eclipse.equinox.launcher_1.6.400.v20210924-0641.jar --add-modules=ALL-SYSTEM --add-opens java.base/java.util=ALL-UNNAMED --add-opens java.base/java.lang=ALL-UNNAMED -configuration /home/runner/.cache/jdt-language-server/config -data /home/runner/.cache/jdt-language-server/data/home/runner/BudgetManager
java_class_path (initial): /nix/store/m6gcpi1ii6rghy04cjwjddcavv7i90df-jdt-language-server-1.9.0/share/java/plugins/org.eclipse.equinox.launcher_1.6.400.v20210924-0641.jar
Launcher Type: SUN_STANDARD

[Global flags]
    uintx AdaptiveSizePolicyWeight                 = 90                                        {product} {command line}
     intx CICompilerCount                          = 2                                         {product} {ergonomic}
     bool EnableJVMCIProduct                       = true                                {JVMCI product} {jimage}
    uintx GCTimeRatio                              = 4                                         {product} {command line}
   size_t InitialHeapSize                          = 104857600                                 {product} {command line}
     uint JVMCIThreadsPerNativeLibraryRuntime      = 1                                   {JVMCI product} {jimage}
   size_t MaxHeapSize                              = 536870912                                 {product} {command line}
   size_t MaxNewSize                               = 178782208                                 {product} {ergonomic}
   size_t MinHeapDeltaBytes                        = 524288                                    {product} {ergonomic}
   size_t MinHeapSize                              = 104857600                                 {product} {command line}
   size_t NewSize                                  = 34603008                                  {product} {ergonomic}
    uintx NonNMethodCodeHeapSize                   = 5826188                                {pd product} {ergonomic}
    uintx NonProfiledCodeHeapSize                  = 122916026                              {pd product} {ergonomic}
   size_t OldSize                                  = 70254592                                  {product} {ergonomic}
    uintx ProfiledCodeHeapSize                     = 122916026                              {pd product} {ergonomic}
    uintx ReservedCodeCacheSize                    = 251658240                              {pd product} {ergonomic}
     bool SegmentedCodeCache                       = true                                      {product} {ergonomic}
   size_t SoftMaxHeapSize                          = 536870912                              {manageable} {ergonomic}
     intx ThreadPriorityPolicy                     = 1                                         {product} {jimage}
     bool UseCompressedClassPointers               = true                           {product lp64_product} {ergonomic}
     bool UseCompressedOops                        = true                           {product lp64_product} {ergonomic}
     bool UseParallelGC                            = true                                      {product} {command line}

Logging:
Log output configuration:
 #0: stdout all=warning uptime,level,tags
 #1: stderr all=off uptime,level,tags

Environment Variables:
JAVA_HOME=/nix/store/gpxl5qgg8kicmcvivwmybwjlpf7wh20l-graalvm17-ce-22.3.0
PATH=/nix/store/1d6ian3r8kdzspw8hacjhl3xkp40g1lj-binutils-wrapper-2.39/bin:/nix/store/dq0xwmsk1g0i2ayg6pb7y87na2knzylh-gcc-wrapper-11.3.0/bin:/nix/store/bap4d0lpcrhpwmpb8ayjcgkmvfj62lnq-bash-interactive-5.1-p16/bin:/nix/store/pr5n59mb4jzmfx6kanwxly0l07p861fg-patchelf-0.15.0/bin:/nix/store/1gf2flfqnpqbr1b4p4qz2f72y42bs56r-gcc-11.3.0/bin:/nix/store/57xv61c5zi8pphjbcwxxjlgc34p61ic9-glibc-2.35-163-bin/bin:/nix/store/a7gvj343m05j2s32xcnwr35v31ynlypr-coreutils-9.1/bin:/nix/store/039g378vc3pc3dvi9dzdlrd0i4q93qwf-binutils-2.39/bin:/nix/store/gpxl5qgg8kicmcvivwmybwjlpf7wh20l-graalvm17-ce-22.3.0/bin:/nix/store/6z9ag3ihc8mq2hzsw48lhbznvzny65nz-apache-maven-3.8.6/bin:/nix/store/m6gcpi1ii6rghy04cjwjddcavv7i90df-jdt-language-server-1.9.0/bin:/nix/store/84xs5alhs01zrbr4ywm05kxbjbp5590l-java-debug/bin:/nix/store/mydc6f4k2z73xlcz7ilif3v2lcaiqvza-findutils-4.9.0/bin:/nix/store/j9p3g8472iijd50vhdprx0nmk2fqn5gv-diffutils-3.8/bin:/nix/store/89zs7rms6x00xfq4dq6m7mjnhkr8a6r4-gnused-4.8/bin:/nix/store/86bp03jkmsl6f92w0yzg4s59g5mhxwmy-gnugrep-3.7/bin:/nix/store/hwcdqw4jrjnd37wxqgsd47hd0j8bnj09-gawk-5.1.1/bin:/nix/store/cfbhw8r8ags41vwqaz47r583d0p4h4a1-gnutar-1.34/bin:/nix/store/p3m1ndl1lapwrlh698bnb5lvvxh67378-gzip-1.12/bin:/nix/store/a8mhcagrsly7c7mpjrpsnaahk4aax056-bzip2-1.0.8-bin/bin:/nix/store/mblgz65m3zv9x548a3d5m96fj2pbwr09-gnumake-4.3/bin:/nix/store/dsd5gz46hdbdk2rfdimqddhq6m8m8fqs-bash-5.1-p16/bin:/nix/store/v7ljksji50mg3w61dykaa3n3y79n6nil-patch-2.7.6/bin:/nix/store/zlcnmqq14jz5x9439jf937mvayyl63da-xz-5.2.7-bin/bin:/nix/store/y6aj732zm9m87c82fpvf103a1xb22blp-file-5.43/bin:/nix/store/i4kzir3m7mrisxmf5xvlnkw01x4qaqr4-prybar-elisp-0.0.0-e0d9a52/bin:/nix/store/lwwivxf6h7x3cvxp9zv8sj0mv7dak99r-prybar-lua-0.0.0-e0d9a52/bin:/nix/store/gxj28g1cg4hq3qanmjv07156h800qr58-prybar-python3-0.0.0-e0d9a52/bin:/nix/store/hshkjnxrgidigf8x75vg6lqng2xlx9i3-prybar-sqlite-0.0.0-e0d9a52/bin:/nix/store/c4w01bpjgyy5ixmwdk8m1pw87zq4sl26-prybar-tcl-0.0.0-e0d9a52/bin:/nix/store/hpbvrlwd5viqmvcaisb3x0118i913a9n-st
LD_LIBRARY_PATH=/nix/store/a4pff549sk2idnkpzk5nsfps3mdkdnvm-cups-2.4.2-lib/lib:/nix/store/72mqxxhh3cy5yifh92wh2yb8cl2hikyy-cairo-1.16.0/lib:/nix/store/2k366jrbsra97gjfxwvrhvixjfxdach5-glib-2.74.1/lib:/nix/store/2j2znigd8ak37rlwh9khz0ry3clqlw1l-gtk+3-3.24.34/lib:/nix/store/hisqvx32cd57apbpcsnkpx6k3549wql1-libglvnd-1.4.0/lib:/nix/store/p36pgcv991mq5srvg765b78yqpxvk3qs-mesa-21.3.3-drivers/lib:/nix/store/mav4251if1ahjq5vkpwycyyvnmy459c4-pulseaudio-14.2/lib
DISPLAY=:0
LANG=en_US.UTF-8

Signal Handlers:
   SIGSEGV: crash_handler in libjvm.so, mask=11100100010111111101111111111110, flags=SA_RESTART|SA_SIGINFO
    SIGBUS: crash_handler in libjvm.so, mask=11100100010111111101111111111110, flags=SA_RESTART|SA_SIGINFO
    SIGFPE: crash_handler in libjvm.so, mask=11100100010111111101111111111110, flags=SA_RESTART|SA_SIGINFO
   SIGPIPE: IsolateEnterStub_IgnoreSIGPIPEStartupHook_noopSignalHandler_8f19bff2f35b5f630d83b364d6b2339320d4ec70_216e8361c6bc87a8f89f58cc10d3b2fd4415bf87 in libjvmcicompiler.so, mask=00000000000000000000000000000000, flags=SA_RESTART
  *** Handler was modified!
  *** Expected: javaSignalHandler in libjvm.so, mask=11100100110111111111111111111110, flags=SA_RESTART|SA_SIGINFO
   SIGXFSZ: javaSignalHandler in libjvm.so, mask=11100100010111111101111111111110, flags=SA_RESTART|SA_SIGINFO
    SIGILL: crash_handler in libjvm.so, mask=11100100010111111101111111111110, flags=SA_RESTART|SA_SIGINFO
   SIGUSR2: SR_handler in libjvm.so, mask=00000000000000000000000000000000, flags=SA_RESTART|SA_SIGINFO
    SIGHUP: UserHandler in libjvm.so, mask=11100100010111111101111111111110, flags=SA_RESTART|SA_SIGINFO
    SIGINT: UserHandler in libjvm.so, mask=11100100010111111101111111111110, flags=SA_RESTART|SA_SIGINFO
   SIGTERM: UserHandler in libjvm.so, mask=11100100010111111101111111111110, flags=SA_RESTART|SA_SIGINFO
   SIGQUIT: UserHandler in libjvm.so, mask=11100100010111111101111111111110, flags=SA_RESTART|SA_SIGINFO
  *** Handler was modified!
  *** Expected: javaSignalHandler in libjvm.so, mask=11100100110111111111111111111110, flags=SA_RESTART|SA_SIGINFO
   SIGTRAP: crash_handler in libjvm.so, mask=11100100010111111101111111111110, flags=SA_RESTART|SA_SIGINFO


---------------  S Y S T E M  ---------------

OS:
DISTRIB_ID=Ubuntu
DISTRIB_RELEASE=20.04
DISTRIB_CODENAME=focal
DISTRIB_DESCRIPTION="Ubuntu 20.04.2 LTS"
uname: Linux 5.19.0-1026-gcp #28~22.04.1-Ubuntu SMP Tue Jun 6 07:24:26 UTC 2023 x86_64
OS uptime: 0 days 0:41 hours
libc: glibc 2.35 NPTL 2.35 
rlimit (soft/hard): STACK 8192k/infinity , CORE infinity/infinity , NPROC infinity/infinity , NOFILE 5242/5242 , AS infinity/infinity , CPU infinity/infinity , DATA infinity/infinity , FSIZE infinity/infinity , MEMLOCK 8192k/8192k
load average: 19.89 11.93 9.06

/proc/meminfo:
MemTotal:       65839956 kB
MemFree:        31878588 kB
MemAvailable:   49939904 kB
Buffers:         2373616 kB
Cached:         14840796 kB
SwapCached:            0 kB
Active:          6106432 kB
Inactive:       24529712 kB
Active(anon):      15412 kB
Inactive(anon): 13121964 kB
Active(file):    6091020 kB
Inactive(file): 11407748 kB
Unevictable:       56444 kB
Mlocked:           56444 kB
SwapTotal:             0 kB
SwapFree:              0 kB
Zswap:                 0 kB
Zswapped:              0 kB
Dirty:             27040 kB
Writeback:             0 kB
AnonPages:      13203168 kB
Mapped:          1562984 kB
Shmem:             23968 kB
KReclaimable:    1289036 kB
Slab:            2219300 kB
SReclaimable:    1289036 kB
SUnreclaim:       930264 kB
KernelStack:      448780 kB
PageTables:       187520 kB
NFS_Unstable:          0 kB
Bounce:                0 kB
WritebackTmp:          0 kB
CommitLimit:    32919976 kB
Committed_AS:   57373584 kB
VmallocTotal:   34359738367 kB
VmallocUsed:      485624 kB
VmallocChunk:          0 kB
Percpu:            43872 kB
HardwareCorrupted:     0 kB
AnonHugePages:    575488 kB
ShmemHugePages:        0 kB
ShmemPmdMapped:        0 kB
FileHugePages:         0 kB
FilePmdMapped:         0 kB
HugePages_Total:       0
HugePages_Free:        0
HugePages_Rsvd:        0
HugePages_Surp:        0
Hugepagesize:       2048 kB
Hugetlb:               0 kB
DirectMap4k:     1633080 kB
DirectMap2M:    37160960 kB
DirectMap1G:    30408704 kB

/sys/kernel/mm/transparent_hugepage/enabled: always [madvise] never
/sys/kernel/mm/transparent_hugepage/defrag (defrag/compaction efforts parameter): always defer defer+madvise [madvise] never

Process Memory:
Virtual Size: 4796504K (peak: 4874044K)
Resident Set Size: 550028K (peak: 771348K) (anon: 519496K, file: 30532K, shmem: 0K)
Swapped out: 0K
C-Heap outstanding allocations: 44553K, retained: 16214K
glibc malloc tunables: (default)

/proc/sys/kernel/threads-max (system-wide limit on the number of threads): 514310
/proc/sys/vm/max_map_count (maximum number of memory map areas a process may have): 65530
/proc/sys/kernel/pid_max (system-wide limit on number of process identifiers): 4194304

container (cgroup) information:
container_type: cgroupv1
cpu_cpuset_cpus: 2-7
cpu_memory_nodes: 0
active_processor_count: 1
cpu_quota: 50000
cpu_period: 100000
cpu_shares: 512
memory_limit_in_bytes: 1048576 k
memory_and_swap_limit_in_bytes: 1048576 k
memory_soft_limit_in_bytes: 524288 k
memory_usage_in_bytes: 576652 k
memory_max_usage_in_bytes: 635420 k
maximum number of tasks: 1000
current number of tasks: 47

KVM virtualization detected
Steal ticks since vm start: 0
Steal ticks percentage since vm start:  0.000

CPU: total 8 (initial active 1) (8 cores per cpu, 2 threads per core) family 23 model 49 stepping 0 microcode 0xffffffff, cx8, cmov, fxsr, ht, mmx, 3dnowpref, sse, sse2, sse3, ssse3, sse4a, sse4.1, sse4.2, popcnt, lzcnt, tsc, tscinvbit, avx, avx2, aes, clmul, bmi1, bmi2, adx, sha, fma, vzeroupper, clflush, clflushopt, hv
CPU Model and flags from /proc/cpuinfo:
model name	: AMD EPYC 7B12
flags		: fpu vme de pse tsc msr pae mce cx8 apic sep mtrr pge mca cmov pat pse36 clflush mmx fxsr sse sse2 ht syscall nx mmxext fxsr_opt pdpe1gb rdtscp lm constant_tsc rep_good nopl nonstop_tsc cpuid extd_apicid tsc_known_freq pni pclmulqdq ssse3 fma cx16 sse4_1 sse4_2 movbe popcnt aes xsave avx f16c rdrand hypervisor lahf_lm cmp_legacy cr8_legacy abm sse4a misalignsse 3dnowprefetch osvw topoext ssbd ibrs ibpb stibp vmmcall fsgsbase tsc_adjust bmi1 avx2 smep bmi2 rdseed adx smap clflushopt clwb sha_ni xsaveopt xsavec xgetbv1 clzero xsaveerptr arat npt nrip_save umip rdpid

Online cpus: 0-7
Offline cpus: 
BIOS frequency limitation: <Not Available>
Frequency switch latency (ns): <Not Available>
Available cpu frequencies: <Not Available>
Current governor: <Not Available>
Core performance/turbo boost: <Not Available>

Memory: 4k page, physical 1048576k(472040k free), swap 0k(0k free)
Page Sizes: 4k

vm_info: OpenJDK 64-Bit Server VM (17.0.5+8-jvmci-22.3-b08) for linux-amd64 JRE (17.0.5+8-jvmci-22.3-b08), built on Oct 19 2022 09:01:27 by "buildslave" with gcc 10.3.0

END.
