#
# A fatal error has been detected by the Java Runtime Environment:
#
#  Internal Error (jvmciRuntime.cpp:1609), pid=21, tid=35
#  fatal error: Fatal exception in JVMCI: Error calling jdk.vm.ci.services.Services.serializeSavedProperties
#
# JRE version: OpenJDK Runtime Environment GraalVM CE 22.3.0 (17.0.5+8) (build 17.0.5+8-jvmci-22.3-b08)
# Java VM: OpenJDK 64-Bit Server VM GraalVM CE 22.3.0 (17.0.5+8-jvmci-22.3-b08, mixed mode, sharing, tiered, jvmci, jvmci compiler, compressed oops, compressed class ptrs, parallel gc, linux-amd64)
# Problematic frame:
# V  [libjvm.so+0x972714]  JVMCIRuntime::fatal_exception(JVMCIEnv*, char const*)+0x74
#
# Core dump will be written. Default location: Core dumps may be processed with "/usr/share/apport/apport -p%p -s%s -c%c -d%d -P%P -u%u -g%g -- %E" (or dumping to /home/runner/BudgetManager/core.21)
#
# If you would like to submit a bug report, please visit:
#   https://github.com/oracle/graal/issues
#

---------------  S U M M A R Y ------------

Command Line: -XX:ThreadPriorityPolicy=1 -XX:+UnlockExperimentalVMOptions -XX:+EnableJVMCIProduct -XX:JVMCIThreadsPerNativeLibraryRuntime=1 -XX:-UnlockExperimentalVMOptions -Declipse.application=org.eclipse.jdt.ls.core.id1 -Dosgi.bundles.defaultStartLevel=4 -Declipse.product=org.eclipse.jdt.ls.core.product -Dlog.level=ALL -Xverify:none -XX:+UseParallelGC -XX:GCTimeRatio=4 -XX:AdaptiveSizePolicyWeight=90 -Dsun.zip.disableMemoryMapping=true -Xmx512m -Xms100m /nix/store/m6gcpi1ii6rghy04cjwjddcavv7i90df-jdt-language-server-1.9.0/share/java/plugins/org.eclipse.equinox.launcher_1.6.400.v20210924-0641.jar --add-modules=ALL-SYSTEM --add-opens java.base/java.util=ALL-UNNAMED --add-opens java.base/java.lang=ALL-UNNAMED -configuration /home/runner/.cache/jdt-language-server/config -data /home/runner/.cache/jdt-language-server/data/home/runner/BudgetManager

Host: AMD EPYC 7B12, 8 cores, 1G, Ubuntu 20.04.2 LTS
Time: Wed Jun 21 21:39:30 2023 UTC elapsed time: 684.455555 seconds (0d 0h 11m 24s)

---------------  T H R E A D  ---------------

Current thread (0x00007f621c0b21e0):  JavaThread "JVMCI-native CompilerThread0" daemon [_thread_in_vm, id=35, stack(0x00007f622071a000,0x00007f622091a000)]


Current CompileTask:
JVMCI-native: 684455 9515   !   4       org.eclipse.jdt.internal.core.Openable::exists (114 bytes)

Stack: [0x00007f622071a000,0x00007f622091a000],  sp=0x00007f6220918380,  free space=2040k
Native frames: (J=compiled Java code, j=interpreted, Vv=VM code, C=native code)
V  [libjvm.so+0x972714]  JVMCIRuntime::fatal_exception(JVMCIEnv*, char const*)+0x74
V  [libjvm.so+0x93e2fe]  JVMCIEnv::copy_saved_properties()+0x14e
V  [libjvm.so+0x9732a9]  JVMCIRuntime::initialize(JVMCIEnv*)+0xb19
V  [libjvm.so+0x9738a2]  JVMCIRuntime::get_HotSpotJVMCIRuntime(JVMCIEnv*)+0x12
V  [libjvm.so+0x9749f2]  JVMCIRuntime::compile_method(JVMCIEnv*, JVMCICompiler*, methodHandle const&, int)+0xd2
V  [libjvm.so+0x5b0d20]  CompileBroker::invoke_compiler_on_method(CompileTask*)+0x1470
V  [libjvm.so+0x5b12e8]  CompileBroker::compiler_thread_loop()+0x528
V  [libjvm.so+0xd82460]  JavaThread::thread_main_inner()+0xd0
V  [libjvm.so+0xd85a40]  Thread::call_run()+0xc0
V  [libjvm.so+0xbdb1e1]  thread_native_entry(Thread*)+0xe1

Register to memory mapping:

RAX=0x00007f622380c000 points into unknown readable memory: 0x0000000000000058 | 58 00 00 00 00 00 00 00
RBX=0x00007f6224907398: <offset 0x0000000000ef5398> in /nix/store/gpxl5qgg8kicmcvivwmybwjlpf7wh20l-graalvm17-ce-22.3.0/lib/server/libjvm.so at 0x00007f6223a12000
RCX=0x00007f62248bf1e8: <offset 0x0000000000ead1e8> in /nix/store/gpxl5qgg8kicmcvivwmybwjlpf7wh20l-graalvm17-ce-22.3.0/lib/server/libjvm.so at 0x00007f6223a12000
RDX=0x0000000000000649 is an unknown value
RSP=0x00007f6220918380 is pointing into the stack for thread: 0x00007f621c0b21e0
RBP=0x00007f62209183a0 is pointing into the stack for thread: 0x00007f621c0b21e0
RSI=0x00007f6224907c48: <offset 0x0000000000ef5c48> in /nix/store/gpxl5qgg8kicmcvivwmybwjlpf7wh20l-graalvm17-ce-22.3.0/lib/server/libjvm.so at 0x00007f6223a12000
RDI=0x00000000e0000000 is an oop: [B 
{0x00000000e0000000} - klass: {type array byte}
 - length: 36
R8 =0x00007f6224907398: <offset 0x0000000000ef5398> in /nix/store/gpxl5qgg8kicmcvivwmybwjlpf7wh20l-graalvm17-ce-22.3.0/lib/server/libjvm.so at 0x00007f6223a12000
R9 =0x0000000000000003 is an unknown value
R10=0x00007f6224c58da0: <offset 0x0000000001246da0> in /nix/store/gpxl5qgg8kicmcvivwmybwjlpf7wh20l-graalvm17-ce-22.3.0/lib/server/libjvm.so at 0x00007f6223a12000
R11=0x000000080044f048 is pointing into metadata
R12=0x0 is NULL
R13=0x00007f621c0b21e0 is a thread
R14=0x00007f621c000b80 points into unknown readable memory: 0x00007f6224b38a38 | 38 8a b3 24 62 7f 00 00
R15=0x00007f6224c46e40: <offset 0x0000000001234e40> in /nix/store/gpxl5qgg8kicmcvivwmybwjlpf7wh20l-graalvm17-ce-22.3.0/lib/server/libjvm.so at 0x00007f6223a12000


Registers:
RAX=0x00007f622380c000, RBX=0x00007f6224907398, RCX=0x00007f62248bf1e8, RDX=0x0000000000000649
RSP=0x00007f6220918380, RBP=0x00007f62209183a0, RSI=0x00007f6224907c48, RDI=0x00000000e0000000
R8 =0x00007f6224907398, R9 =0x0000000000000003, R10=0x00007f6224c58da0, R11=0x000000080044f048
R12=0x0000000000000000, R13=0x00007f621c0b21e0, R14=0x00007f621c000b80, R15=0x00007f6224c46e40
RIP=0x00007f6224384714, EFLAGS=0x0000000000010206, CSGSFS=0x002b000000000033, ERR=0x0000000000000006
  TRAPNO=0x000000000000000e

Top of Stack: (sp=0x00007f6220918380)
0x00007f6220918380:   00007f6220918940 00007f621c0b21e0
0x00007f6220918390:   00007f622219d8c8 0000000800c417a0
0x00007f62209183a0:   00007f6220918500 00007f62243502fe
0x00007f62209183b0:   00007f62209183e0 00007f6220918440 

Instructions: (pc=0x00007f6224384714)
0x00007f6224384614:   30 e8 f6 cf e8 ff 4c 89 e7 e8 2e 48 d1 ff 84 db
0x00007f6224384624:   75 2a 4d 85 ed 74 04 4d 8b 6d 00 48 83 c4 08 44
0x00007f6224384634:   89 f9 4c 89 f2 4c 89 ee 5b 4c 89 e7 41 5c 41 5d
0x00007f6224384644:   41 5e 41 5f 5d e9 e2 47 d1 ff 66 90 48 83 c4 08
0x00007f6224384654:   5b 41 5c 41 5d 41 5e 41 5f 5d c3 90 31 d2 be 08
0x00007f6224384664:   00 00 00 4c 89 ff e8 b1 78 a3 ff 49 89 c5 e9 37
0x00007f6224384674:   ff ff ff 66 0f 1f 84 00 00 00 00 00 48 8b 7a 08
0x00007f6224384684:   e9 6d ff ff ff 0f 1f 80 00 00 00 00 e8 5b 48 0a
0x00007f6224384694:   00 84 c0 75 89 e9 6a ff ff ff 66 90 55 48 89 e5
0x00007f62243846a4:   41 56 41 55 41 54 49 89 fc 53 48 89 f3 66 48 8d
0x00007f62243846b4:   3d 27 5e 85 00 66 66 48 e8 df 43 8d ff 4c 8b 28
0x00007f62243846c4:   8b 05 be 72 8a 00 85 c0 75 14 ba 01 00 00 00 48
0x00007f62243846d4:   8d 0d ae 72 8a 00 f0 0f b1 11 85 c0 74 4e be c8
0x00007f62243846e4:   00 00 00 4c 89 ef e8 01 0b 41 00 48 8d 05 12 ac
0x00007f62243846f4:   85 00 49 89 d8 48 8d 0d e8 aa 53 00 ba 49 06 00
0x00007f6224384704:   00 48 8d 35 3c 35 58 00 bf 00 00 00 e0 48 8b 00
0x00007f6224384714:   c6 00 58 31 c0 e8 e2 91 c6 ff 5b 41 5c 41 5d 41
0x00007f6224384724:   5e 5d e9 55 34 26 00 0f 1f 44 00 00 48 8d 05 81
0x00007f6224384734:   a3 8b 00 48 89 df 4c 8b 30 e8 9e 43 8d ff 48 89
0x00007f6224384744:   de 48 89 c2 49 8b 06 4c 89 f7 ff 50 08 4c 89 f7
0x00007f6224384754:   e8 a7 5c 27 00 4d 85 e4 74 12 be 01 00 00 00 4c
0x00007f6224384764:   89 e7 e8 35 43 fc ff eb 82 0f 1f 00 be 01 00 00
0x00007f6224384774:   00 4c 89 ef e8 d3 fd ff ff e9 6d ff ff ff 66 66
0x00007f6224384784:   2e 0f 1f 84 00 00 00 00 00 0f 1f 00 55 48 89 e5
0x00007f6224384794:   41 57 41 56 41 55 41 54 53 48 81 ec 08 02 00 00
0x00007f62243847a4:   64 48 8b 04 25 28 00 00 00 48 89 45 c8 8b 07 83
0x00007f62243847b4:   f8 02 0f 84 11 04 00 00 4c 8b 6f 18 49 89 ff 49
0x00007f62243847c4:   89 f4 4d 85 ed 74 14 4c 89 ef e8 5d 57 22 00 41
0x00007f62243847d4:   8b 07 83 f8 02 0f 84 19 04 00 00 48 8d 1d 9a 06
0x00007f62243847e4:   8a 00 4c 8d 35 0b 3c 58 00 eb 38 90 48 85 d2 7f
0x00007f62243847f4:   0d 48 8d 05 b4 c0 85 00 48 83 38 00 7e 0e 41 8b
0x00007f6224384804:   77 2c 4c 89 f7 31 c0 e8 a0 b2 f7 ff 49 8b 7f 18 


Stack slot to memory mapping:
stack at sp + 0 slots: 0x00007f6220918940 is pointing into the stack for thread: 0x00007f621c0b21e0
stack at sp + 1 slots: 0x00007f621c0b21e0 is a thread
stack at sp + 2 slots: 0x00007f622219d8c8 points into unknown readable memory: 0x65730018052dffff | ff ff 2d 05 18 00 73 65
stack at sp + 3 slots: 0x0000000800c417a0 is a pointer to class: 
jdk.vm.ci.services.Services {0x0000000800c417a0}
 - instance size:     2
 - klass size:        65
 - access:            public final synchronized 
 - state:             fully_initialized
 - name:              'jdk/vm/ci/services/Services'
 - super:             'java/lang/Object'
 - sub:               
 - arrays:            NULL
 - methods:           Array<T>(0x00007f622103f7b8)
 - method ordering:   Array<T>(0x0000000800928960)
 - default_methods:   Array<T>(0x0000000000000000)
 - local interfaces:  Array<T>(0x00000008005ce810)
 - trans. interfaces: Array<T>(0x00000008005ce810)
 - constants:         constant pool [427] {0x00007f622103e898} for 'jdk/vm/ci/services/Services' cache=0x00007f6221040a88
 - class loader data:  loader data: 0x00007f621c0283f0 of 'bootstrap'
 - source file:       'Services.java'
 - class annotations:       Array<T>(0x0000000000000000)
 - class type annotations:  Array<T>(0x0000000000000000)
 - field annotations:       Array<T>(0x0000000000000000)
 - field type annotations:  Array<T>(0x0000000000000000)
 - inner classes:     Array<T>(0x00007f6221040a58)
 - nest members:     Array<T>(0x00007f6221040a78)
 - permitted subclasses:     Array<T>(0x00000008005ce7a0)
 - java mirror:       a 'java/lang/Class'{0x00000000e01d3970} = 'jdk/vm/ci/services/Services'
 - vtable length      5  (start addr: 0x0000000800c41970)
 - itable length      2 (start addr: 0x0000000800c41998)
 - ---- static fields (3 words):
 - public static final 'IS_BUILDING_NATIVE_IMAGE' 'Z' @128 
 - public static final 'IS_IN_NATIVE_IMAGE' 'Z' @129 
 - private static volatile 'savedProperties' 'Ljava/util/Map;' @112 
 - static final 'JVMCI_ENABLED' 'Z' @130 
 - private static final 'servicesCache' 'Ljava/util/Map;' @116 
 - private static final 'MAX_UNICODE_IN_UTF8_LENGTH' 'I' @120 
 - private static final 'MAX_UTF8_PROPERTY_STRING_LENGTH' 'I' @124 
 - ---- non-static fields (0 words):
 - non-static oop maps: 
stack at sp + 4 slots: 0x00007f6220918500 is pointing into the stack for thread: 0x00007f621c0b21e0
stack at sp + 5 slots: 0x00007f62243502fe: <offset 0x000000000093e2fe> in /nix/store/gpxl5qgg8kicmcvivwmybwjlpf7wh20l-graalvm17-ce-22.3.0/lib/server/libjvm.so at 0x00007f6223a12000
stack at sp + 6 slots: 0x00007f62209183e0 is pointing into the stack for thread: 0x00007f621c0b21e0
stack at sp + 7 slots: 0x00007f6220918440 is pointing into the stack for thread: 0x00007f621c0b21e0


---------------  P R O C E S S  ---------------

Threads class SMR info:
_java_thread_list=0x00007f6180000b70, length=24, elements={
0x00007f621c026690, 0x00007f621c0a64d0, 0x00007f621c0a7910, 0x00007f621c0ae050,
0x00007f621c0af400, 0x00007f621c0b07f0, 0x00007f621c0b21e0, 0x00007f621c0b36f0,
0x00007f621c0b4b40, 0x00007f621c0e0800, 0x00007f621c128370, 0x00007f621c324100,
0x00007f621c357ab0, 0x00007f621c359940, 0x00007f621c4118d0, 0x00007f61b4016dd0,
0x00007f61b42a25a0, 0x00007f61b4304890, 0x00007f61b44944f0, 0x00007f61b45ff280,
0x00007f621c42aef0, 0x00007f621c3c4c70, 0x00007f6188000ff0, 0x00007f618414e810
}

Java Threads: ( => current thread )
  0x00007f621c026690 JavaThread "main" [_thread_blocked, id=27, stack(0x00007f622382d000,0x00007f622392d000)]
  0x00007f621c0a64d0 JavaThread "Reference Handler" daemon [_thread_blocked, id=30, stack(0x00007f6221844000,0x00007f6221944000)]
  0x00007f621c0a7910 JavaThread "Finalizer" daemon [_thread_blocked, id=31, stack(0x00007f6220f00000,0x00007f6221000000)]
  0x00007f621c0ae050 JavaThread "Signal Dispatcher" daemon [_thread_blocked, id=32, stack(0x00007f6220b1a000,0x00007f6220c1a000)]
  0x00007f621c0af400 JavaThread "Service Thread" daemon [_thread_blocked, id=33, stack(0x00007f6220a1a000,0x00007f6220b1a000)]
  0x00007f621c0b07f0 JavaThread "Monitor Deflation Thread" daemon [_thread_blocked, id=34, stack(0x00007f622091a000,0x00007f6220a1a000)]
=>0x00007f621c0b21e0 JavaThread "JVMCI-native CompilerThread0" daemon [_thread_in_vm, id=35, stack(0x00007f622071a000,0x00007f622091a000)]
  0x00007f621c0b36f0 JavaThread "C1 CompilerThread0" daemon [_thread_blocked, id=36, stack(0x00007f622051a000,0x00007f622071a000)]
  0x00007f621c0b4b40 JavaThread "Sweeper thread" daemon [_thread_blocked, id=37, stack(0x00007f622041a000,0x00007f622051a000)]
  0x00007f621c0e0800 JavaThread "Common-Cleaner" daemon [_thread_blocked, id=38, stack(0x00007f622031a000,0x00007f622041a000)]
  0x00007f621c128370 JavaThread "Notification Thread" daemon [_thread_blocked, id=39, stack(0x00007f622021a000,0x00007f622031a000)]
  0x00007f621c324100 JavaThread "Active Thread: Equinox Container: 0e1ea24f-cd62-4344-91e6-8ef34b8f914b" [_thread_blocked, id=44, stack(0x00007f62033b3000,0x00007f62034b3000)]
  0x00007f621c357ab0 JavaThread "Framework Event Dispatcher: Equinox Container: 0e1ea24f-cd62-4344-91e6-8ef34b8f914b" daemon [_thread_blocked, id=45, stack(0x00007f6200f00000,0x00007f6201000000)]
  0x00007f621c359940 JavaThread "Start Level: Equinox Container: 0e1ea24f-cd62-4344-91e6-8ef34b8f914b" daemon [_thread_blocked, id=46, stack(0x00007f6200d00000,0x00007f6200e00000)]
  0x00007f621c4118d0 JavaThread "Refresh Thread: Equinox Container: 0e1ea24f-cd62-4344-91e6-8ef34b8f914b" daemon [_thread_blocked, id=47, stack(0x00007f6200b00000,0x00007f6200c00000)]
  0x00007f61b4016dd0 JavaThread "SCR Component Actor" daemon [_thread_blocked, id=48, stack(0x00007f6200900000,0x00007f6200a00000)]
  0x00007f61b42a25a0 JavaThread "Worker-JM" [_thread_blocked, id=50, stack(0x00007f6200500000,0x00007f6200600000)]
  0x00007f61b4304890 JavaThread "Worker-0" [_thread_blocked, id=51, stack(0x00007f6200300000,0x00007f6200400000)]
  0x00007f61b44944f0 JavaThread "Java indexing" daemon [_thread_blocked, id=53, stack(0x00007f61cad00000,0x00007f61cae00000)]
  0x00007f61b45ff280 JavaThread "Bundle File Closer" daemon [_thread_blocked, id=54, stack(0x00007f61cab00000,0x00007f61cac00000)]
  0x00007f621c42aef0 JavaThread "pool-3-thread-1" [_thread_blocked, id=55, stack(0x00007f61ca900000,0x00007f61caa00000)]
  0x00007f621c3c4c70 JavaThread "pool-2-thread-1" [_thread_blocked, id=57, stack(0x00007f61ca500000,0x00007f61ca600000)]
  0x00007f6188000ff0 JavaThread "Worker-4" [_thread_blocked, id=59, stack(0x00007f61ca100000,0x00007f61ca200000)]
  0x00007f618414e810 JavaThread "Thread-4" [_thread_blocked, id=69, stack(0x00007f6200700000,0x00007f6200800000)]

Other Threads:
  0x00007f621c0a1c10 VMThread "VM Thread" [stack: 0x00007f6221946000,0x00007f6221a46000] [id=29] _threads_hazard_ptr=0x00007f6180000b70
  0x00007f621c129d10 WatcherThread [stack: 0x00007f622011a000,0x00007f622021a000] [id=40]
  0x00007f621c03df30 GCTaskThread "GC Thread#0" [stack: 0x00007f62233f0000,0x00007f62234f0000] [id=28]

Threads with active compile tasks:
JVMCI-native CompilerThread0   684484 9515   !   4       org.eclipse.jdt.internal.core.Openable::exists (114 bytes)

VM state: synchronizing (normal execution)

VM Mutex/Monitor currently owned by a thread:  ([mutex/lock_event])
[0x00007f621c023840] Threads_lock - owner thread: 0x00007f621c0a1c10
[0x00007f621c023ff0] Heap_lock - owner thread: 0x00007f621c3c4c70

OutOfMemory and StackOverflow Exception counts:
OutOfMemoryError java_heap_errors=1
LinkageErrors=71

Heap address: 0x00000000e0000000, size: 512 MB, Compressed Oops mode: 32-bit

CDS archive(s) mapped at: [0x0000000800000000-0x0000000800bc8000-0x0000000800bc8000), size 12353536, SharedBaseAddress: 0x0000000800000000, ArchiveRelocationMode: 0.
Compressed class space mapped at: 0x0000000800c00000-0x0000000840c00000, reserved size: 1073741824
Narrow klass base: 0x0000000800000000, Narrow klass shift: 0, Narrow klass range: 0x100000000

GC Precious Log:
 CPUs: 8 total, 1 available
 Memory: 1024M
 Large Page Support: Disabled
 NUMA Support: Disabled
 Compressed Oops: Enabled (32-bit)
 Alignments: Space 512K, Generation 512K, Heap 2M
 Heap Min Capacity: 100M
 Heap Initial Capacity: 100M
 Heap Max Capacity: 512M
 Pre-touch: Disabled
 Parallel Workers: 1

Heap:
 PSYoungGen      total 37888K, used 28671K [0x00000000f5580000, 0x00000000f8780000, 0x0000000100000000)
  eden space 28672K, 99% used [0x00000000f5580000,0x00000000f717fff8,0x00000000f7180000)
  from space 9216K, 0% used [0x00000000f7e80000,0x00000000f7e80000,0x00000000f8780000)
  to   space 10240K, 0% used [0x00000000f7180000,0x00000000f7180000,0x00000000f7b80000)
 ParOldGen       total 349696K, used 349695K [0x00000000e0000000, 0x00000000f5580000, 0x00000000f5580000)
  object space 349696K, 99% used [0x00000000e0000000,0x00000000f557ffd8,0x00000000f5580000)
 Metaspace       used 60616K, committed 61824K, reserved 1105920K
  class space    used 5945K, committed 6464K, reserved 1048576K

Card table byte_map: [0x00007f62234f0000,0x00007f62235f1000] _byte_map_base: 0x00007f6222df0000

Marking Bits: (ParMarkBitMap*) 0x00007f6224c404c0
 Begin Bits: [0x00007f6222343000, 0x00007f6222b43000)
 End Bits:   [0x00007f6222b43000, 0x00007f6223343000)

Polling page: 0x00007f622380a000

Metaspace:

Usage:
  Non-class:     53.39 MB used.
      Class:      5.81 MB used.
       Both:     59.20 MB used.

Virtual space:
  Non-class space:       56.00 MB reserved,      54.06 MB ( 97%) committed,  7 nodes.
      Class space:        1.00 GB reserved,       6.31 MB ( <1%) committed,  1 nodes.
             Both:        1.05 GB reserved,      60.38 MB (  6%) committed. 

Chunk freelists:
   Non-Class:  1.92 MB
       Class:  1.80 MB
        Both:  3.71 MB

MaxMetaspaceSize: unlimited
CompressedClassSpaceSize: 1.00 GB
Initial GC threshold: 21.00 MB
Current GC threshold: 100.62 MB
CDS: on
MetaspaceReclaimPolicy: balanced
 - commit_granule_bytes: 65536.
 - commit_granule_words: 8192.
 - virtual_space_node_default_size: 1048576.
 - enlarge_chunks_in_place: 1.
 - new_chunks_are_fully_committed: 0.
 - uncommit_free_chunks: 1.
 - use_allocation_guard: 0.
 - handle_deallocations: 1.


Internal statistics:

num_allocs_failed_limit: 6.
num_arena_births: 506.
num_arena_deaths: 150.
num_vsnodes_births: 8.
num_vsnodes_deaths: 0.
num_space_committed: 964.
num_space_uncommitted: 0.
num_chunks_returned_to_freelist: 212.
num_chunks_taken_from_freelist: 2858.
num_chunk_merges: 84.
num_chunk_splits: 1871.
num_chunks_enlarged: 1192.
num_purges: 6.
num_inconsistent_stats: 0.

CodeHeap 'non-profiled nmethods': size=120036Kb used=2715Kb max_used=2715Kb free=117320Kb
 bounds [0x00007f620af7a000, 0x00007f620b22a000, 0x00007f62124b3000]
CodeHeap 'profiled nmethods': size=120032Kb used=14731Kb max_used=16165Kb free=105300Kb
 bounds [0x00007f6203a42000, 0x00007f6204a12000, 0x00007f620af7a000]
CodeHeap 'non-nmethods': size=5692Kb used=1386Kb max_used=1394Kb free=4305Kb
 bounds [0x00007f62034b3000, 0x00007f6203723000, 0x00007f6203a42000]
 total_blobs=8059 nmethods=7329 adapters=631
 compilation: enabled
              stopped_count=0, restarted_count=0
 full_count=0

JVMCI Events (20 events):
Event: 524.446 Thread 0x00007f621c0b21e0 destroyed JavaVM[8]@0x00007f61c969e340 for JVMCI runtime 0
Event: 524.446 Thread 0x00007f621c0b21e0 compacted oop handles in JVMCI runtime 0 from 51 to 51
Event: 524.446 Thread 0x00007f621c0b21e0 releasing handles for JVMCI runtime 0: oop handles=51, metadata handles={total=96, live=85, blocks=36}
Event: 524.446 Thread 0x00007f621c0b21e0 detached from JVMCI runtime 0
Event: 545.435 Thread 0x00007f621c0b21e0 attached to JVMCI runtime 0
Event: 545.437 Thread 0x00007f621c0b21e0 created JavaVM[9]@0x00007f61c969e340 for JVMCI runtime 0
Event: 545.437 Thread 0x00007f621c0b21e0 initializing JVMCI runtime 0
Event: 545.437 Thread 0x00007f621c0b21e0 done waiting for JavaVM references initialization in JVMCI runtime 0
Event: 549.938 Thread 0x00007f621c0b21e0 initialized JVMCI runtime 0
Event: 582.342 Thread 0x00007f621c0b21e0 detaching from JVMCI runtime 0: releasing idle compiler thread (0 other threads still attached)
Event: 582.342 Thread 0x00007f621c0b21e0 shutting down HotSpotJVMCIRuntime for JVMCI runtime 0
Event: 582.342 Thread 0x00007f621c0b21e0 shut down JVMCI runtime 0
Event: 583.438 Thread 0x00007f621c0b21e0 destroyed JavaVM[9]@0x00007f61c969e340 for JVMCI runtime 0
Event: 583.438 Thread 0x00007f621c0b21e0 compacted oop handles in JVMCI runtime 0 from 49 to 49
Event: 583.438 Thread 0x00007f621c0b21e0 releasing handles for JVMCI runtime 0: oop handles=49, metadata handles={total=96, live=92, blocks=36}
Event: 583.438 Thread 0x00007f621c0b21e0 detached from JVMCI runtime 0
Event: 670.233 Thread 0x00007f621c0b21e0 attached to JVMCI runtime 0
Event: 670.234 Thread 0x00007f621c0b21e0 created JavaVM[10]@0x00007f61c969e340 for JVMCI runtime 0
Event: 671.546 Thread 0x00007f621c0b21e0 initializing JVMCI runtime 0
Event: 671.546 Thread 0x00007f621c0b21e0 done waiting for JavaVM references initialization in JVMCI runtime 0

Compilation events (20 events):
Event: 488.566 Thread 0x00007f621c0b21e0 nmethod 9506 0x00007f620b21f110 code [0x00007f620b21f2a0, 0x00007f620b21f540]
Event: 497.969 Thread 0x00007f621c0b21e0 9507  s    4       java.io.BufferedOutputStream::write (67 bytes)
Event: 521.932 Thread 0x00007f621c0b21e0 nmethod 9507 0x00007f620b21f810 code [0x00007f620b21f9c0, 0x00007f620b21fe80]
Event: 543.066 Thread 0x00007f621c0b36f0 9508       3       org.eclipse.jdt.internal.core.SourceMethod::hashCode (40 bytes)
Event: 545.435 Thread 0x00007f621c0b21e0 9509       4       java.util.Arrays::hashCode (56 bytes)
Event: 545.436 Thread 0x00007f621c0b36f0 nmethod 9508 0x00007f6204385f10 code [0x00007f6204386120, 0x00007f6204386990]
Event: 554.537 Thread 0x00007f621c0b36f0 9510       3       java.util.concurrent.locks.AbstractQueuedSynchronizer::acquire (20 bytes)
Event: 554.537 Thread 0x00007f621c0b36f0 nmethod 9510 0x00007f6204385690 code [0x00007f6204385840, 0x00007f6204385c10]
Event: 581.253 Thread 0x00007f621c0b21e0 nmethod 9509 0x00007f620b220090 code [0x00007f620b220220, 0x00007f620b220940]
Event: 602.540 Thread 0x00007f621c0b36f0 9511       3       java.lang.invoke.VarHandleReferences$FieldInstanceReadWrite::compareAndSet (48 bytes)
Event: 603.575 Thread 0x00007f621c0b36f0 nmethod 9511 0x00007f62041af890 code [0x00007f62041afb00, 0x00007f62041b0680]
Event: 603.575 Thread 0x00007f621c0b36f0 9512       1       org.eclipse.osgi.internal.framework.EquinoxContainer::getStorage (5 bytes)
Event: 603.575 Thread 0x00007f621c0b36f0 nmethod 9512 0x00007f620b220c10 code [0x00007f620b220da0, 0x00007f620b220e70]
Event: 644.144 Thread 0x00007f621c0b36f0 9513       3       com.google.gson.stream.JsonWriter::value (24 bytes)
Event: 644.144 Thread 0x00007f621c0b36f0 nmethod 9513 0x00007f62048e1710 code [0x00007f62048e1900, 0x00007f62048e1c40]
Event: 649.935 Thread 0x00007f621c0b36f0 9514       3       org.eclipse.jdt.internal.compiler.impl.CompilerOptions::getSeverityString (49 bytes)
Event: 650.945 Thread 0x00007f621c0b36f0 nmethod 9514 0x00007f62048e0d90 code [0x00007f62048e0f80, 0x00007f62048e14b0]
Event: 670.233 Thread 0x00007f621c0b21e0 9515   !   4       org.eclipse.jdt.internal.core.Openable::exists (114 bytes)
Event: 680.743 Thread 0x00007f621c0b36f0 9516       3       org.eclipse.jdt.internal.compiler.util.CharDeduplication::optimizedCurrentTokenSource4 (231 bytes)
Event: 680.745 Thread 0x00007f621c0b36f0 nmethod 9516 0x00007f62041e7510 code [0x00007f62041e7740, 0x00007f62041e8340]

GC Heap History (20 events):
Event: 671.546 GC heap before
{Heap before GC invocations=684 (full 522):
 PSYoungGen      total 37888K, used 28671K [0x00000000f5580000, 0x00000000f8780000, 0x0000000100000000)
  eden space 28672K, 99% used [0x00000000f5580000,0x00000000f717fff0,0x00000000f7180000)
  from space 9216K, 0% used [0x00000000f7e80000,0x00000000f7e80000,0x00000000f8780000)
  to   space 10240K, 0% used [0x00000000f7180000,0x00000000f7180000,0x00000000f7b80000)
 ParOldGen       total 349696K, used 349650K [0x00000000e0000000, 0x00000000f5580000, 0x00000000f5580000)
  object space 349696K, 99% used [0x00000000e0000000,0x00000000f55749b0,0x00000000f5580000)
 Metaspace       used 60615K, committed 61824K, reserved 1105920K
  class space    used 5945K, committed 6464K, reserved 1048576K
}
Event: 672.654 GC heap after
{Heap after GC invocations=684 (full 522):
 PSYoungGen      total 38912K, used 28671K [0x00000000f5580000, 0x00000000f8780000, 0x0000000100000000)
  eden space 28672K, 99% used [0x00000000f5580000,0x00000000f717ffc0,0x00000000f7180000)
  from space 10240K, 0% used [0x00000000f7180000,0x00000000f7180000,0x00000000f7b80000)
  to   space 9216K, 0% used [0x00000000f7e80000,0x00000000f7e80000,0x00000000f8780000)
 ParOldGen       total 349696K, used 349648K [0x00000000e0000000, 0x00000000f5580000, 0x00000000f5580000)
  object space 349696K, 99% used [0x00000000e0000000,0x00000000f55743c0,0x00000000f5580000)
 Metaspace       used 60615K, committed 61824K, reserved 1105920K
  class space    used 5945K, committed 6464K, reserved 1048576K
}
Event: 672.654 GC heap before
{Heap before GC invocations=685 (full 523):
 PSYoungGen      total 38912K, used 28671K [0x00000000f5580000, 0x00000000f8780000, 0x0000000100000000)
  eden space 28672K, 99% used [0x00000000f5580000,0x00000000f717fff0,0x00000000f7180000)
  from space 10240K, 0% used [0x00000000f7180000,0x00000000f7180000,0x00000000f7b80000)
  to   space 9216K, 0% used [0x00000000f7e80000,0x00000000f7e80000,0x00000000f8780000)
 ParOldGen       total 349696K, used 349648K [0x00000000e0000000, 0x00000000f5580000, 0x00000000f5580000)
  object space 349696K, 99% used [0x00000000e0000000,0x00000000f55743c0,0x00000000f5580000)
 Metaspace       used 60615K, committed 61824K, reserved 1105920K
  class space    used 5945K, committed 6464K, reserved 1048576K
}
Event: 673.836 GC heap after
{Heap after GC invocations=685 (full 523):
 PSYoungGen      total 37888K, used 28671K [0x00000000f5580000, 0x00000000f8780000, 0x0000000100000000)
  eden space 28672K, 99% used [0x00000000f5580000,0x00000000f717fff0,0x00000000f7180000)
  from space 9216K, 0% used [0x00000000f7e80000,0x00000000f7e80000,0x00000000f8780000)
  to   space 10240K, 0% used [0x00000000f7180000,0x00000000f7180000,0x00000000f7b80000)
 ParOldGen       total 349696K, used 349648K [0x00000000e0000000, 0x00000000f5580000, 0x00000000f5580000)
  object space 349696K, 99% used [0x00000000e0000000,0x00000000f55743c0,0x00000000f5580000)
 Metaspace       used 60615K, committed 61824K, reserved 1105920K
  class space    used 5945K, committed 6464K, reserved 1048576K
}
Event: 673.837 GC heap before
{Heap before GC invocations=686 (full 524):
 PSYoungGen      total 37888K, used 28672K [0x00000000f5580000, 0x00000000f8780000, 0x0000000100000000)
  eden space 28672K, 100% used [0x00000000f5580000,0x00000000f7180000,0x00000000f7180000)
  from space 9216K, 0% used [0x00000000f7e80000,0x00000000f7e80000,0x00000000f8780000)
  to   space 10240K, 0% used [0x00000000f7180000,0x00000000f7180000,0x00000000f7b80000)
 ParOldGen       total 349696K, used 349660K [0x00000000e0000000, 0x00000000f5580000, 0x00000000f5580000)
  object space 349696K, 99% used [0x00000000e0000000,0x00000000f5577250,0x00000000f5580000)
 Metaspace       used 60615K, committed 61824K, reserved 1105920K
  class space    used 5945K, committed 6464K, reserved 1048576K
}
Event: 674.966 GC heap after
{Heap after GC invocations=686 (full 524):
 PSYoungGen      total 38912K, used 28672K [0x00000000f5580000, 0x00000000f8780000, 0x0000000100000000)
  eden space 28672K, 100% used [0x00000000f5580000,0x00000000f7180000,0x00000000f7180000)
  from space 10240K, 0% used [0x00000000f7180000,0x00000000f7180000,0x00000000f7b80000)
  to   space 9216K, 0% used [0x00000000f7e80000,0x00000000f7e80000,0x00000000f8780000)
 ParOldGen       total 349696K, used 349650K [0x00000000e0000000, 0x00000000f5580000, 0x00000000f5580000)
  object space 349696K, 99% used [0x00000000e0000000,0x00000000f5574a88,0x00000000f5580000)
 Metaspace       used 60615K, committed 61824K, reserved 1105920K
  class space    used 5945K, committed 6464K, reserved 1048576K
}
Event: 674.967 GC heap before
{Heap before GC invocations=687 (full 525):
 PSYoungGen      total 38912K, used 28672K [0x00000000f5580000, 0x00000000f8780000, 0x0000000100000000)
  eden space 28672K, 100% used [0x00000000f5580000,0x00000000f7180000,0x00000000f7180000)
  from space 10240K, 0% used [0x00000000f7180000,0x00000000f7180000,0x00000000f7b80000)
  to   space 9216K, 0% used [0x00000000f7e80000,0x00000000f7e80000,0x00000000f8780000)
 ParOldGen       total 349696K, used 349682K [0x00000000e0000000, 0x00000000f5580000, 0x00000000f5580000)
  object space 349696K, 99% used [0x00000000e0000000,0x00000000f557c8f8,0x00000000f5580000)
 Metaspace       used 60616K, committed 61824K, reserved 1105920K
  class space    used 5945K, committed 6464K, reserved 1048576K
}
Event: 676.841 GC heap after
{Heap after GC invocations=687 (full 525):
 PSYoungGen      total 37888K, used 28671K [0x00000000f5580000, 0x00000000f8780000, 0x0000000100000000)
  eden space 28672K, 99% used [0x00000000f5580000,0x00000000f717ffe8,0x00000000f7180000)
  from space 9216K, 0% used [0x00000000f7e80000,0x00000000f7e80000,0x00000000f8780000)
  to   space 10240K, 0% used [0x00000000f7180000,0x00000000f7180000,0x00000000f7b80000)
 ParOldGen       total 349696K, used 349679K [0x00000000e0000000, 0x00000000f5580000, 0x00000000f5580000)
  object space 349696K, 99% used [0x00000000e0000000,0x00000000f557be98,0x00000000f5580000)
 Metaspace       used 60616K, committed 61824K, reserved 1105920K
  class space    used 5945K, committed 6464K, reserved 1048576K
}
Event: 676.843 GC heap before
{Heap before GC invocations=688 (full 526):
 PSYoungGen      total 37888K, used 28671K [0x00000000f5580000, 0x00000000f8780000, 0x0000000100000000)
  eden space 28672K, 99% used [0x00000000f5580000,0x00000000f717fff8,0x00000000f7180000)
  from space 9216K, 0% used [0x00000000f7e80000,0x00000000f7e80000,0x00000000f8780000)
  to   space 10240K, 0% used [0x00000000f7180000,0x00000000f7180000,0x00000000f7b80000)
 ParOldGen       total 349696K, used 349685K [0x00000000e0000000, 0x00000000f5580000, 0x00000000f5580000)
  object space 349696K, 99% used [0x00000000e0000000,0x00000000f557d5c0,0x00000000f5580000)
 Metaspace       used 60616K, committed 61824K, reserved 1105920K
  class space    used 5945K, committed 6464K, reserved 1048576K
}
Event: 678.399 GC heap after
{Heap after GC invocations=688 (full 526):
 PSYoungGen      total 38912K, used 28671K [0x00000000f5580000, 0x00000000f8780000, 0x0000000100000000)
  eden space 28672K, 99% used [0x00000000f5580000,0x00000000f717fff8,0x00000000f7180000)
  from space 10240K, 0% used [0x00000000f7180000,0x00000000f7180000,0x00000000f7b80000)
  to   space 9216K, 0% used [0x00000000f7e80000,0x00000000f7e80000,0x00000000f8780000)
 ParOldGen       total 349696K, used 349685K [0x00000000e0000000, 0x00000000f5580000, 0x00000000f5580000)
  object space 349696K, 99% used [0x00000000e0000000,0x00000000f557d5c0,0x00000000f5580000)
 Metaspace       used 60616K, committed 61824K, reserved 1105920K
  class space    used 5945K, committed 6464K, reserved 1048576K
}
Event: 678.399 GC heap before
{Heap before GC invocations=689 (full 527):
 PSYoungGen      total 38912K, used 28671K [0x00000000f5580000, 0x00000000f8780000, 0x0000000100000000)
  eden space 28672K, 99% used [0x00000000f5580000,0x00000000f717fff8,0x00000000f7180000)
  from space 10240K, 0% used [0x00000000f7180000,0x00000000f7180000,0x00000000f7b80000)
  to   space 9216K, 0% used [0x00000000f7e80000,0x00000000f7e80000,0x00000000f8780000)
 ParOldGen       total 349696K, used 349688K [0x00000000e0000000, 0x00000000f5580000, 0x00000000f5580000)
  object space 349696K, 99% used [0x00000000e0000000,0x00000000f557e080,0x00000000f5580000)
 Metaspace       used 60616K, committed 61824K, reserved 1105920K
  class space    used 5945K, committed 6464K, reserved 1048576K
}
Event: 679.485 GC heap after
{Heap after GC invocations=689 (full 527):
 PSYoungGen      total 37888K, used 28671K [0x00000000f5580000, 0x00000000f8780000, 0x0000000100000000)
  eden space 28672K, 99% used [0x00000000f5580000,0x00000000f717fff8,0x00000000f7180000)
  from space 9216K, 0% used [0x00000000f7e80000,0x00000000f7e80000,0x00000000f8780000)
  to   space 10240K, 0% used [0x00000000f7180000,0x00000000f7180000,0x00000000f7b80000)
 ParOldGen       total 349696K, used 349688K [0x00000000e0000000, 0x00000000f5580000, 0x00000000f5580000)
  object space 349696K, 99% used [0x00000000e0000000,0x00000000f557e080,0x00000000f5580000)
 Metaspace       used 60616K, committed 61824K, reserved 1105920K
  class space    used 5945K, committed 6464K, reserved 1048576K
}
Event: 679.485 GC heap before
{Heap before GC invocations=690 (full 528):
 PSYoungGen      total 37888K, used 28671K [0x00000000f5580000, 0x00000000f8780000, 0x0000000100000000)
  eden space 28672K, 99% used [0x00000000f5580000,0x00000000f717fff8,0x00000000f7180000)
  from space 9216K, 0% used [0x00000000f7e80000,0x00000000f7e80000,0x00000000f8780000)
  to   space 10240K, 0% used [0x00000000f7180000,0x00000000f7180000,0x00000000f7b80000)
 ParOldGen       total 349696K, used 349692K [0x00000000e0000000, 0x00000000f5580000, 0x00000000f5580000)
  object space 349696K, 99% used [0x00000000e0000000,0x00000000f557f010,0x00000000f5580000)
 Metaspace       used 60616K, committed 61824K, reserved 1105920K
  class space    used 5945K, committed 6464K, reserved 1048576K
}
Event: 680.743 GC heap after
{Heap after GC invocations=690 (full 528):
 PSYoungGen      total 38912K, used 28671K [0x00000000f5580000, 0x00000000f8780000, 0x0000000100000000)
  eden space 28672K, 99% used [0x00000000f5580000,0x00000000f717fff8,0x00000000f7180000)
  from space 10240K, 0% used [0x00000000f7180000,0x00000000f7180000,0x00000000f7b80000)
  to   space 9216K, 0% used [0x00000000f7e80000,0x00000000f7e80000,0x00000000f8780000)
 ParOldGen       total 349696K, used 349692K [0x00000000e0000000, 0x00000000f5580000, 0x00000000f5580000)
  object space 349696K, 99% used [0x00000000e0000000,0x00000000f557f000,0x00000000f5580000)
 Metaspace       used 60616K, committed 61824K, reserved 1105920K
  class space    used 5945K, committed 6464K, reserved 1048576K
}
Event: 680.746 GC heap before
{Heap before GC invocations=691 (full 529):
 PSYoungGen      total 38912K, used 28671K [0x00000000f5580000, 0x00000000f8780000, 0x0000000100000000)
  eden space 28672K, 99% used [0x00000000f5580000,0x00000000f717fff8,0x00000000f7180000)
  from space 10240K, 0% used [0x00000000f7180000,0x00000000f7180000,0x00000000f7b80000)
  to   space 9216K, 0% used [0x00000000f7e80000,0x00000000f7e80000,0x00000000f8780000)
 ParOldGen       total 349696K, used 349695K [0x00000000e0000000, 0x00000000f5580000, 0x00000000f5580000)
  object space 349696K, 99% used [0x00000000e0000000,0x00000000f557ff98,0x00000000f5580000)
 Metaspace       used 60616K, committed 61824K, reserved 1105920K
  class space    used 5945K, committed 6464K, reserved 1048576K
}
Event: 681.874 GC heap after
{Heap after GC invocations=691 (full 529):
 PSYoungGen      total 37888K, used 28671K [0x00000000f5580000, 0x00000000f8780000, 0x0000000100000000)
  eden space 28672K, 99% used [0x00000000f5580000,0x00000000f717fff8,0x00000000f7180000)
  from space 9216K, 0% used [0x00000000f7e80000,0x00000000f7e80000,0x00000000f8780000)
  to   space 10240K, 0% used [0x00000000f7180000,0x00000000f7180000,0x00000000f7b80000)
 ParOldGen       total 349696K, used 349695K [0x00000000e0000000, 0x00000000f5580000, 0x00000000f5580000)
  object space 349696K, 99% used [0x00000000e0000000,0x00000000f557fdd8,0x00000000f5580000)
 Metaspace       used 60616K, committed 61824K, reserved 1105920K
  class space    used 5945K, committed 6464K, reserved 1048576K
}
Event: 681.875 GC heap before
{Heap before GC invocations=692 (full 530):
 PSYoungGen      total 37888K, used 28671K [0x00000000f5580000, 0x00000000f8780000, 0x0000000100000000)
  eden space 28672K, 99% used [0x00000000f5580000,0x00000000f717fff8,0x00000000f7180000)
  from space 9216K, 0% used [0x00000000f7e80000,0x00000000f7e80000,0x00000000f8780000)
  to   space 10240K, 0% used [0x00000000f7180000,0x00000000f7180000,0x00000000f7b80000)
 ParOldGen       total 349696K, used 349695K [0x00000000e0000000, 0x00000000f5580000, 0x00000000f5580000)
  object space 349696K, 99% used [0x00000000e0000000,0x00000000f557ffd0,0x00000000f5580000)
 Metaspace       used 60616K, committed 61824K, reserved 1105920K
  class space    used 5945K, committed 6464K, reserved 1048576K
}
Event: 683.275 GC heap after
{Heap after GC invocations=692 (full 530):
 PSYoungGen      total 38912K, used 28671K [0x00000000f5580000, 0x00000000f8780000, 0x0000000100000000)
  eden space 28672K, 99% used [0x00000000f5580000,0x00000000f717fff8,0x00000000f7180000)
  from space 10240K, 0% used [0x00000000f7180000,0x00000000f7180000,0x00000000f7b80000)
  to   space 9216K, 0% used [0x00000000f7e80000,0x00000000f7e80000,0x00000000f8780000)
 ParOldGen       total 349696K, used 349695K [0x00000000e0000000, 0x00000000f5580000, 0x00000000f5580000)
  object space 349696K, 99% used [0x00000000e0000000,0x00000000f557fe10,0x00000000f5580000)
 Metaspace       used 60616K, committed 61824K, reserved 1105920K
  class space    used 5945K, committed 6464K, reserved 1048576K
}
Event: 683.276 GC heap before
{Heap before GC invocations=693 (full 531):
 PSYoungGen      total 38912K, used 28671K [0x00000000f5580000, 0x00000000f8780000, 0x0000000100000000)
  eden space 28672K, 99% used [0x00000000f5580000,0x00000000f717fff8,0x00000000f7180000)
  from space 10240K, 0% used [0x00000000f7180000,0x00000000f7180000,0x00000000f7b80000)
  to   space 9216K, 0% used [0x00000000f7e80000,0x00000000f7e80000,0x00000000f8780000)
 ParOldGen       total 349696K, used 349695K [0x00000000e0000000, 0x00000000f5580000, 0x00000000f5580000)
  object space 349696K, 99% used [0x00000000e0000000,0x00000000f557fe10,0x00000000f5580000)
 Metaspace       used 60616K, committed 61824K, reserved 1105920K
  class space    used 5945K, committed 6464K, reserved 1048576K
}
Event: 684.435 GC heap after
{Heap after GC invocations=693 (full 531):
 PSYoungGen      total 37888K, used 28671K [0x00000000f5580000, 0x00000000f8780000, 0x0000000100000000)
  eden space 28672K, 99% used [0x00000000f5580000,0x00000000f717fff8,0x00000000f7180000)
  from space 9216K, 0% used [0x00000000f7e80000,0x00000000f7e80000,0x00000000f8780000)
  to   space 10240K, 0% used [0x00000000f7180000,0x00000000f7180000,0x00000000f7b80000)
 ParOldGen       total 349696K, used 349695K [0x00000000e0000000, 0x00000000f5580000, 0x00000000f5580000)
  object space 349696K, 99% used [0x00000000e0000000,0x00000000f557fe10,0x00000000f5580000)
 Metaspace       used 60616K, committed 61824K, reserved 1105920K
  class space    used 5945K, committed 6464K, reserved 1048576K
}

Dll operation events (9 events):
Event: 0.002 Loaded shared library /nix/store/gpxl5qgg8kicmcvivwmybwjlpf7wh20l-graalvm17-ce-22.3.0/lib/libjava.so
Event: 0.009 Loaded shared library /nix/store/gpxl5qgg8kicmcvivwmybwjlpf7wh20l-graalvm17-ce-22.3.0/lib/libjsvml.so
Event: 0.356 Loaded shared library /nix/store/gpxl5qgg8kicmcvivwmybwjlpf7wh20l-graalvm17-ce-22.3.0/lib/libnio.so
Event: 0.359 Loaded shared library /nix/store/gpxl5qgg8kicmcvivwmybwjlpf7wh20l-graalvm17-ce-22.3.0/lib/libzip.so
Event: 0.363 Loaded shared library /nix/store/gpxl5qgg8kicmcvivwmybwjlpf7wh20l-graalvm17-ce-22.3.0/lib/libjvmcicompiler.so
Event: 0.964 Loaded shared library /nix/store/gpxl5qgg8kicmcvivwmybwjlpf7wh20l-graalvm17-ce-22.3.0/lib/libjimage.so
Event: 1.750 Loaded shared library /nix/store/gpxl5qgg8kicmcvivwmybwjlpf7wh20l-graalvm17-ce-22.3.0/lib/libnet.so
Event: 6.862 Loaded shared library /home/runner/.cache/jdt-language-server/config/org.eclipse.equinox.launcher/org.eclipse.equinox.launcher.gtk.linux.x86_64_1.2.400.v20211117-0650/eclipse_11600.so
Event: 15.129 Loaded shared library /nix/store/gpxl5qgg8kicmcvivwmybwjlpf7wh20l-graalvm17-ce-22.3.0/lib/libextnet.so

Deoptimization events (20 events):
Event: 62.152 Thread 0x00007f61b44944f0 DEOPT PACKING pc=0x00007f620447aadd sp=0x00007f61cadfe530
Event: 62.152 Thread 0x00007f61b44944f0 DEOPT UNPACKING pc=0x00007f6203505325 sp=0x00007f61cadfda20 mode 0
Event: 62.233 Thread 0x00007f61b44944f0 DEOPT PACKING pc=0x00007f620447aadd sp=0x00007f61cadfe530
Event: 62.233 Thread 0x00007f61b44944f0 DEOPT UNPACKING pc=0x00007f6203505325 sp=0x00007f61cadfda20 mode 0
Event: 62.234 Thread 0x00007f61b44944f0 DEOPT PACKING pc=0x00007f620447aadd sp=0x00007f61cadfe530
Event: 62.234 Thread 0x00007f61b44944f0 DEOPT UNPACKING pc=0x00007f6203505325 sp=0x00007f61cadfda20 mode 0
Event: 62.239 Thread 0x00007f61b44944f0 DEOPT PACKING pc=0x00007f620447aadd sp=0x00007f61cadfe530
Event: 62.239 Thread 0x00007f61b44944f0 DEOPT UNPACKING pc=0x00007f6203505325 sp=0x00007f61cadfda20 mode 0
Event: 385.445 Thread 0x00007f61a4003f20 Uncommon trap: trap_request=0xffffffed fr.pc=0x00007f620b0ab781 relative=0x0000000000000161
Event: 385.445 Thread 0x00007f61a4003f20 Uncommon trap: reason=null_assert_or_unreached0 action=reinterpret pc=0x00007f620b0ab781 method=java.util.concurrent.locks.AbstractQueuedSynchronizer.signalNext(Ljava/util/concurrent/locks/AbstractQueuedSynchronizer$Node;)V @ 17 jvmci
Event: 385.445 Thread 0x00007f61a4003f20 DEOPT PACKING pc=0x00007f620b0ab781 sp=0x00007f62002fe700
Event: 385.445 Thread 0x00007f61a4003f20 DEOPT UNPACKING pc=0x00007f6203505325 sp=0x00007f62002fdad0 mode 3
Event: 549.942 Thread 0x00007f618414e810 Uncommon trap: trap_request=0xffffffed fr.pc=0x00007f620b2178fa relative=0x000000000000081a
Event: 549.942 Thread 0x00007f618414e810 Uncommon trap: reason=null_assert_or_unreached0 action=reinterpret pc=0x00007f620b2178fa method=org.eclipse.jdt.core.Signature.toCharArray([C)[C @ 0 jvmci
Event: 549.942 Thread 0x00007f618414e810 DEOPT PACKING pc=0x00007f620b2178fa sp=0x00007f62007fe230
Event: 549.942 Thread 0x00007f618414e810 DEOPT UNPACKING pc=0x00007f6203505325 sp=0x00007f62007fd6d0 mode 3
Event: 549.942 Thread 0x00007f618414e810 Uncommon trap: trap_request=0xffffffed fr.pc=0x00007f620b1ef24b relative=0x00000000000000ab
Event: 549.942 Thread 0x00007f618414e810 Uncommon trap: reason=null_assert_or_unreached0 action=reinterpret pc=0x00007f620b1ef24b method=org.eclipse.jdt.core.Signature.appendTypeSignature([CIZLjava/lang/StringBuffer;)I @ 0 jvmci
Event: 549.942 Thread 0x00007f618414e810 DEOPT PACKING pc=0x00007f620b1ef24b sp=0x00007f62007fe1a0
Event: 549.942 Thread 0x00007f618414e810 DEOPT UNPACKING pc=0x00007f6203505325 sp=0x00007f62007fd648 mode 3

Classes unloaded (20 events):
Event: 157.574 Thread 0x00007f621c0a1c10 Unloading class 0x0000000801100c00 'jdk/internal/reflect/GeneratedConstructorAccessor36'
Event: 157.574 Thread 0x00007f621c0a1c10 Unloading class 0x00000008010e8c00 'jdk/internal/reflect/GeneratedMethodAccessor10'
Event: 157.574 Thread 0x00007f621c0a1c10 Unloading class 0x00000008010e8800 'jdk/internal/reflect/GeneratedMethodAccessor9'
Event: 157.574 Thread 0x00007f621c0a1c10 Unloading class 0x00000008010e8400 'jdk/internal/reflect/GeneratedMethodAccessor8'
Event: 157.574 Thread 0x00007f621c0a1c10 Unloading class 0x00000008010e8000 'jdk/internal/reflect/GeneratedMethodAccessor7'
Event: 157.574 Thread 0x00007f621c0a1c10 Unloading class 0x00000008010c8000 'jdk/internal/reflect/GeneratedSerializationConstructorAccessor3'
Event: 157.574 Thread 0x00007f621c0a1c10 Unloading class 0x0000000801092400 'jdk/internal/reflect/GeneratedSerializationConstructorAccessor2'
Event: 157.574 Thread 0x00007f621c0a1c10 Unloading class 0x0000000801092000 'jdk/internal/reflect/GeneratedSerializationConstructorAccessor1'
Event: 157.575 Thread 0x00007f621c0a1c10 Unloading class 0x0000000801059800 'java/lang/invoke/LambdaForm$MH+0x0000000801059800'
Event: 157.575 Thread 0x00007f621c0a1c10 Unloading class 0x0000000801059400 'java/lang/invoke/LambdaForm$MH+0x0000000801059400'
Event: 157.575 Thread 0x00007f621c0a1c10 Unloading class 0x0000000801059000 'java/lang/invoke/LambdaForm$MH+0x0000000801059000'
Event: 157.575 Thread 0x00007f621c0a1c10 Unloading class 0x0000000801058c00 'java/lang/invoke/LambdaForm$MH+0x0000000801058c00'
Event: 157.575 Thread 0x00007f621c0a1c10 Unloading class 0x0000000801058800 'java/lang/invoke/LambdaForm$MH+0x0000000801058800'
Event: 157.575 Thread 0x00007f621c0a1c10 Unloading class 0x0000000801058400 'java/lang/invoke/LambdaForm$MH+0x0000000801058400'
Event: 157.575 Thread 0x00007f621c0a1c10 Unloading class 0x0000000800ee5000 'jdk/internal/reflect/GeneratedConstructorAccessor12'
Event: 157.575 Thread 0x00007f621c0a1c10 Unloading class 0x0000000800ee4800 'jdk/internal/reflect/GeneratedConstructorAccessor10'
Event: 157.575 Thread 0x00007f621c0a1c10 Unloading class 0x0000000800ee4400 'jdk/internal/reflect/GeneratedConstructorAccessor9'
Event: 157.575 Thread 0x00007f621c0a1c10 Unloading class 0x0000000800ee4000 'jdk/internal/reflect/GeneratedConstructorAccessor8'
Event: 157.575 Thread 0x00007f621c0a1c10 Unloading class 0x0000000800d98400 'java/lang/invoke/LambdaForm$MH+0x0000000800d98400'
Event: 157.575 Thread 0x00007f621c0a1c10 Unloading class 0x0000000800d04000 'java/lang/invoke/LambdaForm$MH+0x0000000800d04000'

Classes redefined (0 events):
No events

Internal exceptions (20 events):
Event: 37.041 Thread 0x00007f6190001130 Exception <a 'java/lang/NoSuchMethodError'{0x00000000f56c8078}: static [Lorg/eclipse/core/runtime/IPath;.<clinit>()V> (0x00000000f56c8078) 
thrown [src/hotspot/share/prims/jni.cpp, line 1107]
Event: 37.048 Thread 0x00007f6190001130 Exception <a 'java/lang/NoSuchMethodError'{0x00000000f58a3ee8}: static [J.<clinit>()V> (0x00000000f58a3ee8) 
thrown [src/hotspot/share/prims/jni.cpp, line 1107]
Event: 39.773 Thread 0x00007f6188000ff0 Exception <a 'java/lang/NoSuchMethodError'{0x00000000f5583880}: 'java.lang.Object java.lang.invoke.DirectMethodHandle$Holder.invokeStatic(java.lang.Object, java.lang.Object, java.lang.Object, long)'> (0x00000000f5583880) 
thrown [src/hotspot/share/interpreter/linkResolver.cpp, line 758]
Event: 39.775 Thread 0x00007f6188000ff0 Exception <a 'java/lang/NoSuchMethodError'{0x00000000f558b000}: 'java.lang.Object java.lang.invoke.DirectMethodHandle$Holder.newInvokeSpecial(java.lang.Object, java.lang.Object, java.lang.Object, long)'> (0x00000000f558b000) 
thrown [src/hotspot/share/interpreter/linkResolver.cpp, line 758]
Event: 39.775 Thread 0x00007f6188000ff0 Exception <a 'java/lang/NoSuchMethodError'{0x00000000f55d0cf8}: 'java.lang.Object java.lang.invoke.DirectMethodHandle$Holder.invokeSpecial(java.lang.Object, java.lang.Object, java.lang.Object, java.lang.Object, long)'> (0x00000000f55d0cf8) 
thrown [src/hotspot/share/interpreter/linkResolver.cpp, line 758]
Event: 39.781 Thread 0x00007f6188000ff0 Exception <a 'java/lang/NoSuchMethodError'{0x00000000f55d4620}: 'java.lang.Object java.lang.invoke.Invokers$Holder.linkToTargetMethod(java.lang.Object, java.lang.Object, long, java.lang.Object)'> (0x00000000f55d4620) 
thrown [src/hotspot/share/interpreter/linkResolver.cpp, line 758]
Event: 40.131 Thread 0x00007f6188000ff0 Exception <a 'java/io/FileNotFoundException'{0x00000000f597f1c0}> (0x00000000f597f1c0) 
thrown [src/hotspot/share/prims/jni.cpp, line 516]
Event: 40.807 Thread 0x00007f618414e810 Implicit null exception at 0x00007f620b1692a2 to 0x00007f620b16962c
Event: 41.832 Thread 0x00007f618414e810 Implicit null exception at 0x00007f620b0d0a69 to 0x00007f620b0d0c1b
Event: 45.549 Thread 0x00007f6190001130 Exception <a 'java/lang/NoSuchMethodError'{0x00000000f591fa08}: 'java.lang.Object java.lang.invoke.DirectMethodHandle$Holder.newInvokeSpecial(java.lang.Object, java.lang.Object, int, java.lang.Object, java.lang.Object)'> (0x00000000f591fa08) 
thrown [src/hotspot/share/interpreter/linkResolver.cpp, line 758]
Event: 45.549 Thread 0x00007f6190001130 Exception <a 'java/lang/NoSuchMethodError'{0x00000000f592a698}: 'java.lang.Object java.lang.invoke.DirectMethodHandle$Holder.invokeSpecial(java.lang.Object, java.lang.Object, java.lang.Object, int, java.lang.Object, java.lang.Object)'> (0x00000000f592a698) 
thrown [src/hotspot/share/interpreter/linkResolver.cpp, line 758]
Event: 45.654 Thread 0x00007f618414e810 Exception <a 'java/lang/NoSuchMethodError'{0x00000000f56f96d0}: 'java.lang.Object java.lang.invoke.DirectMethodHandle$Holder.newInvokeSpecial(java.lang.Object, java.lang.Object, int, java.lang.Object, java.lang.Object, java.lang.Object, java.lang.Object)'> (0x00000000f56f96d0) 
thrown [src/hotspot/share/interpreter/linkResolver.cpp, line 758]
Event: 45.750 Thread 0x00007f6190001130 Exception <a 'java/lang/NoSuchMethodError'{0x00000000f5a43788}: 'java.lang.Object java.lang.invoke.DirectMethodHandle$Holder.newInvokeSpecial(java.lang.Object, java.lang.Object, java.lang.Object, int, java.lang.Object)'> (0x00000000f5a43788) 
thrown [src/hotspot/share/interpreter/linkResolver.cpp, line 758]
Event: 45.750 Thread 0x00007f6190001130 Exception <a 'java/lang/NoSuchMethodError'{0x00000000f5a47bb8}: 'java.lang.Object java.lang.invoke.DirectMethodHandle$Holder.invokeSpecial(java.lang.Object, java.lang.Object, java.lang.Object, java.lang.Object, int, java.lang.Object)'> (0x00000000f5a47bb8) 
thrown [src/hotspot/share/interpreter/linkResolver.cpp, line 758]
Event: 45.751 Thread 0x00007f6190001130 Exception <a 'java/lang/NoSuchMethodError'{0x00000000f5a4b8e8}: 'java.lang.Object java.lang.invoke.Invokers$Holder.linkToTargetMethod(java.lang.Object, java.lang.Object, int, java.lang.Object, java.lang.Object)'> (0x00000000f5a4b8e8) 
thrown [src/hotspot/share/interpreter/linkResolver.cpp, line 758]
Event: 45.937 Thread 0x00007f618414e810 Exception <a 'java/lang/NoSuchMethodError'{0x00000000f5862a78}: 'void java.lang.invoke.DirectMethodHandle$Holder.invokeSpecial(java.lang.Object, java.lang.Object, int)'> (0x00000000f5862a78) 
thrown [src/hotspot/share/interpreter/linkResolver.cpp, line 758]
Event: 48.530 Thread 0x00007f618414e810 Exception <a 'java/lang/NoSuchMethodError'{0x00000000f5ab22e0}: 'java.lang.Object java.lang.invoke.DirectMethodHandle$Holder.invokeStatic(java.lang.Object, int, java.lang.Object, java.lang.Object, java.lang.Object, java.lang.Object)'> (0x00000000f5ab22e0) 
thrown [src/hotspot/share/interpreter/linkResolver.cpp, line 758]
Event: 48.531 Thread 0x00007f618414e810 Exception <a 'java/lang/NoSuchMethodError'{0x00000000f5b546a8}: 'java.lang.Object java.lang.invoke.DirectMethodHandle$Holder.newInvokeSpecial(java.lang.Object, int, java.lang.Object, java.lang.Object, java.lang.Object)'> (0x00000000f5b546a8) 
thrown [src/hotspot/share/interpreter/linkResolver.cpp, line 758]
Event: 49.562 Thread 0x00007f618414e810 Exception <a 'java/lang/NoSuchMethodError'{0x00000000f5b62ba8}: 'int java.lang.invoke.DirectMethodHandle$Holder.invokeSpecialIFC(java.lang.Object, java.lang.Object, java.lang.Object, java.lang.Object)'> (0x00000000f5b62ba8) 
thrown [src/hotspot/share/interpreter/linkResolver.cpp, line 758]
Event: 684.435 Thread 0x00007f621c0b21e0 Exception <a 'java/lang/OutOfMemoryError'{0x00000000e0018c00}> (0x00000000e0018c00) 
thrown [src/hotspot/share/gc/shared/memAllocator.cpp, line 136]

VM Operations (20 events):
Event: 670.233 Executing VM operation: ParallelGCFailedAllocation
Event: 671.546 Executing VM operation: ParallelGCFailedAllocation done
Event: 671.546 Executing VM operation: ParallelGCFailedAllocation
Event: 672.654 Executing VM operation: ParallelGCFailedAllocation done
Event: 672.654 Executing VM operation: ParallelGCFailedAllocation
Event: 673.836 Executing VM operation: ParallelGCFailedAllocation done
Event: 673.836 Executing VM operation: ParallelGCFailedAllocation
Event: 674.966 Executing VM operation: ParallelGCFailedAllocation done
Event: 674.967 Executing VM operation: ParallelGCFailedAllocation
Event: 676.841 Executing VM operation: ParallelGCFailedAllocation done
Event: 676.842 Executing VM operation: ParallelGCFailedAllocation
Event: 678.399 Executing VM operation: ParallelGCFailedAllocation done
Event: 678.399 Executing VM operation: ParallelGCFailedAllocation
Event: 679.485 Executing VM operation: ParallelGCFailedAllocation done
Event: 679.485 Executing VM operation: ParallelGCFailedAllocation
Event: 680.743 Executing VM operation: ParallelGCFailedAllocation done
Event: 680.745 Executing VM operation: ParallelGCFailedAllocation
Event: 681.874 Executing VM operation: ParallelGCFailedAllocation done
Event: 681.875 Executing VM operation: ParallelGCFailedAllocation
Event: 684.435 Executing VM operation: ParallelGCFailedAllocation done

Events (20 events):
Event: 46.359 loading class java/util/AbstractList$SubList
Event: 46.359 loading class java/util/AbstractList$SubList done
Event: 49.654 Thread 0x00007f618414e810 Thread exited: 0x00007f618414e810
Event: 61.949 Thread 0x00007f621c217700 Thread exited: 0x00007f621c217700
Event: 94.531 Thread 0x00007f61a4005440 Thread exited: 0x00007f61a4005440
Event: 94.531 Thread 0x00007f617c42c870 Thread exited: 0x00007f617c42c870
Event: 105.855 Thread 0x00007f619c007510 Thread exited: 0x00007f619c007510
Event: 107.059 Thread 0x00007f619c0010d0 Thread exited: 0x00007f619c0010d0
Event: 107.059 Thread 0x00007f6190001130 Thread exited: 0x00007f6190001130
Event: 363.471 loading class java/io/InterruptedIOException
Event: 363.471 loading class java/io/InterruptedIOException done
Event: 363.471 loading class javax/net/ssl/SSLException
Event: 363.472 loading class javax/net/ssl/SSLException done
Event: 365.942 loading class java/lang/AssertionError
Event: 365.943 loading class java/lang/AssertionError done
Event: 389.048 Thread 0x00007f61a4003f20 Thread exited: 0x00007f61a4003f20
Event: 391.632 Thread 0x00007f617c427d20 Thread exited: 0x00007f617c427d20
Event: 407.744 Thread 0x00007f618414e810 Thread added: 0x00007f618414e810
Event: 407.744 Protecting memory [0x00007f6200700000,0x00007f6200704000] with protection modes 0
Event: 426.667 Thread 0x00007f617c4282a0 Thread exited: 0x00007f617c4282a0


Dynamic libraries:
e0000000-f5580000 rw-p 00000000 00:00 0 
f5580000-f8780000 rw-p 00000000 00:00 0 
f8780000-100000000 ---p 00000000 00:00 0 
800000000-800449000 rw-p 00001000 00:1d39 4611686019135357769            /nix/store/gpxl5qgg8kicmcvivwmybwjlpf7wh20l-graalvm17-ce-22.3.0/lib/server/classes.jsa
800449000-800bc8000 r--p 0044a000 00:1d39 4611686019135357769            /nix/store/gpxl5qgg8kicmcvivwmybwjlpf7wh20l-graalvm17-ce-22.3.0/lib/server/classes.jsa
800bc8000-800c00000 ---p 00000000 00:00 0 
800c00000-800c20000 rw-p 00000000 00:00 0 
800c20000-800c40000 rw-p 00000000 00:00 0 
800c40000-800cc0000 rw-p 00000000 00:00 0 
800cc0000-800d00000 rw-p 00000000 00:00 0 
800d00000-800dc0000 rw-p 00000000 00:00 0 
800dc0000-800e00000 rw-p 00000000 00:00 0 
800e00000-800f40000 rw-p 00000000 00:00 0 
800f40000-800fc0000 rw-p 00000000 00:00 0 
800fc0000-801000000 rw-p 00000000 00:00 0 
801000000-801250000 rw-p 00000000 00:00 0 
801250000-840c00000 ---p 00000000 00:00 0 
560521aeb000-560521aec000 r-xp 00000000 00:1d39 4611686019099417844      /nix/store/gpxl5qgg8kicmcvivwmybwjlpf7wh20l-graalvm17-ce-22.3.0/bin/.java-wrapped
560521aed000-560521aee000 r--p 00001000 00:1d39 4611686019099417844      /nix/store/gpxl5qgg8kicmcvivwmybwjlpf7wh20l-graalvm17-ce-22.3.0/bin/.java-wrapped
560521aee000-560521aef000 rw-p 00002000 00:1d39 4611686019099417844      /nix/store/gpxl5qgg8kicmcvivwmybwjlpf7wh20l-graalvm17-ce-22.3.0/bin/.java-wrapped
560521aef000-560521af0000 rw-p 00004000 00:1d39 4611686019099417844      /nix/store/gpxl5qgg8kicmcvivwmybwjlpf7wh20l-graalvm17-ce-22.3.0/bin/.java-wrapped
560521af0000-560521af1000 rw-p 00005000 00:1d39 4611686019099417844      /nix/store/gpxl5qgg8kicmcvivwmybwjlpf7wh20l-graalvm17-ce-22.3.0/bin/.java-wrapped
560522581000-5605225c9000 rw-p 00000000 00:00 0                          [heap]
7f615c000000-7f615c232000 rw-p 00000000 00:00 0 
7f615c232000-7f6160000000 ---p 00000000 00:00 0 
7f6164000000-7f6164021000 rw-p 00000000 00:00 0 
7f6164021000-7f6168000000 ---p 00000000 00:00 0 
7f6168000000-7f6168021000 rw-p 00000000 00:00 0 
7f6168021000-7f616c000000 ---p 00000000 00:00 0 
7f616c000000-7f616c021000 rw-p 00000000 00:00 0 
7f616c021000-7f6170000000 ---p 00000000 00:00 0 
7f6171c00000-7f6172240000 rw-p 00000000 00:00 0 
7f6172240000-7f6172400000 ---p 00000000 00:00 0 
7f61724b3000-7f617c000000 r--s 00000000 00:1d39 4611686019135192581      /nix/store/gpxl5qgg8kicmcvivwmybwjlpf7wh20l-graalvm17-ce-22.3.0/lib/modules
7f617c000000-7f617c501000 rw-p 00000000 00:00 0 
7f617c501000-7f6180000000 ---p 00000000 00:00 0 
7f6180000000-7f6180021000 rw-p 00000000 00:00 0 
7f6180021000-7f6184000000 ---p 00000000 00:00 0 
7f6184000000-7f6184174000 rw-p 00000000 00:00 0 
7f6184174000-7f6188000000 ---p 00000000 00:00 0 
7f6188000000-7f6188059000 rw-p 00000000 00:00 0 
7f6188059000-7f618c000000 ---p 00000000 00:00 0 
7f618c000000-7f618c021000 rw-p 00000000 00:00 0 
7f618c021000-7f6190000000 ---p 00000000 00:00 0 
7f6190000000-7f6190104000 rw-p 00000000 00:00 0 
7f6190104000-7f6194000000 ---p 00000000 00:00 0 
7f6194000000-7f619405c000 rw-p 00000000 00:00 0 
7f619405c000-7f6198000000 ---p 00000000 00:00 0 
7f6198000000-7f6198021000 rw-p 00000000 00:00 0 
7f6198021000-7f619c000000 ---p 00000000 00:00 0 
7f619c000000-7f619c04a000 rw-p 00000000 00:00 0 
7f619c04a000-7f61a0000000 ---p 00000000 00:00 0 
7f61a0000000-7f61a0313000 rw-p 00000000 00:00 0 
7f61a0313000-7f61a4000000 ---p 00000000 00:00 0 
7f61a4000000-7f61a4021000 rw-p 00000000 00:00 0 
7f61a4021000-7f61a8000000 ---p 00000000 00:00 0 
7f61a8000000-7f61a8021000 rw-p 00000000 00:00 0 
7f61a8021000-7f61ac000000 ---p 00000000 00:00 0 
7f61ac000000-7f61ac021000 rw-p 00000000 00:00 0 
7f61ac021000-7f61b0000000 ---p 00000000 00:00 0 
7f61b0800000-7f61b0ca0000 rw-p 00000000 00:00 0 
7f61b0ca0000-7f61b0d80000 rw-p 00000000 00:00 0 
7f61b0d80000-7f61b0dd0000 rw-p 00000000 00:00 0 
7f61b0dd0000-7f61b0e00000 ---p 00000000 00:00 0 
7f61b0e00000-7f61b1000000 rw-p 00000000 00:00 0 
7f61b1800000-7f61b19c0000 rw-p 00000000 00:00 0 
7f61b19c0000-7f61b1a00000 rw-p 00000000 00:00 0 
7f61b1a00000-7f61b1d00000 rw-p 00000000 00:00 0 
7f61b1d00000-7f61b1e00000 rw-p 00000000 00:00 0 
7f61b1e00000-7f61b2000000 rw-p 00000000 00:00 0 
7f61b2000000-7f61b2080000 rw-p 00000000 00:00 0 
7f61b2080000-7f61b2100000 rw-p 00000000 00:00 0 
7f61b2100000-7f61b2300000 rw-p 00000000 00:00 0 
7f61b2300000-7f61b2500000 rw-p 00000000 00:00 0 
7f61b2500000-7f61b2600000 rw-p 00000000 00:00 0 
7f61b2600000-7f61b2800000 rw-p 00000000 00:00 0 
7f61b2800000-7f61b2900000 rw-p 00000000 00:00 0 
7f61b2900000-7f61b2a00000 rw-p 00000000 00:00 0 
7f61b2a00000-7f61b2f80000 rw-p 00000000 00:00 0 
7f61b2f80000-7f61b3000000 rw-p 00000000 00:00 0 
7f61b3000000-7f61b3100000 rw-p 00000000 00:00 0 
7f61b3100000-7f61b3200000 rw-p 00000000 00:00 0 
7f61b3200000-7f61b3500000 rw-p 00000000 00:00 0 
7f61b3500000-7f61b3600000 rw-p 00000000 00:00 0 
7f61b3600000-7f61b3800000 rw-p 00000000 00:00 0 
7f61b4000000-7f61b48f2000 rw-p 00000000 00:00 0 
7f61b48f2000-7f61b8000000 ---p 00000000 00:00 0 
7f61b8000000-7f61b8025000 rw-p 00000000 00:00 0 
7f61b8025000-7f61bc000000 ---p 00000000 00:00 0 
7f61bc000000-7f61bc021000 rw-p 00000000 00:00 0 
7f61bc021000-7f61c0000000 ---p 00000000 00:00 0 
7f61c0000000-7f61c0021000 rw-p 00000000 00:00 0 
7f61c0021000-7f61c4000000 ---p 00000000 00:00 0 
7f61c4000000-7f61c4021000 rw-p 00000000 00:00 0 
7f61c4021000-7f61c8000000 ---p 00000000 00:00 0 
7f61c8400000-7f61c8410000 r-xp 00000000 00:1d30 360                      /home/runner/.cache/jdt-language-server/config/org.eclipse.equinox.launcher/org.eclipse.equinox.launcher.gtk.linux.x86_64_1.2.400.v20211117-0650/eclipse_11600.so
7f61c8410000-7f61c860f000 ---p 00010000 00:1d30 360                      /home/runner/.cache/jdt-language-server/config/org.eclipse.equinox.launcher/org.eclipse.equinox.launcher.gtk.linux.x86_64_1.2.400.v20211117-0650/eclipse_11600.so
7f61c860f000-7f61c8610000 r--p 0000f000 00:1d30 360                      /home/runner/.cache/jdt-language-server/config/org.eclipse.equinox.launcher/org.eclipse.equinox.launcher.gtk.linux.x86_64_1.2.400.v20211117-0650/eclipse_11600.so
7f61c8610000-7f61c8611000 rw-p 00010000 00:1d30 360                      /home/runner/.cache/jdt-language-server/config/org.eclipse.equinox.launcher/org.eclipse.equinox.launcher.gtk.linux.x86_64_1.2.400.v20211117-0650/eclipse_11600.so
7f61c8a00000-7f61c8b00000 ---p 00000000 00:00 0 
7f61c8b00000-7f61c90af000 r--p 01122000 00:1d39 4611686019135190040      /nix/store/gpxl5qgg8kicmcvivwmybwjlpf7wh20l-graalvm17-ce-22.3.0/lib/libjvmcicompiler.so
7f61c90af000-7f61c9200000 r--p 00000000 00:00 0 
7f61c9200000-7f61c923d000 rw-p 00000000 00:00 0 
7f61c923d000-7f61c975d000 rw-p 0185f000 00:1d39 4611686019135190040      /nix/store/gpxl5qgg8kicmcvivwmybwjlpf7wh20l-graalvm17-ce-22.3.0/lib/libjvmcicompiler.so
7f61c975d000-7f61c9b44000 r--p 01d7f000 00:1d39 4611686019135190040      /nix/store/gpxl5qgg8kicmcvivwmybwjlpf7wh20l-graalvm17-ce-22.3.0/lib/libjvmcicompiler.so
7f61c9c00000-7f61c9c04000 ---p 00000000 00:00 0 
7f61c9c04000-7f61c9d00000 rw-p 00000000 00:00 0 
7f61c9d00000-7f61c9d04000 ---p 00000000 00:00 0 
7f61c9d04000-7f61c9e00000 rw-p 00000000 00:00 0 
7f61c9f00000-7f61c9f04000 ---p 00000000 00:00 0 
7f61c9f04000-7f61ca000000 rw-p 00000000 00:00 0 
7f61ca100000-7f61ca104000 ---p 00000000 00:00 0 
7f61ca104000-7f61ca200000 rw-p 00000000 00:00 0 
7f61ca300000-7f61ca304000 ---p 00000000 00:00 0 
7f61ca304000-7f61ca400000 rw-p 00000000 00:00 0 
7f61ca500000-7f61ca504000 ---p 00000000 00:00 0 
7f61ca504000-7f61ca600000 rw-p 00000000 00:00 0 
7f61ca700000-7f61ca704000 ---p 00000000 00:00 0 
7f61ca704000-7f61ca800000 rw-p 00000000 00:00 0 
7f61ca900000-7f61ca904000 ---p 00000000 00:00 0 
7f61ca904000-7f61caa00000 rw-p 00000000 00:00 0 
7f61cab00000-7f61cab04000 ---p 00000000 00:00 0 
7f61cab04000-7f61cac00000 rw-p 00000000 00:00 0 
7f61cad00000-7f61cad04000 ---p 00000000 00:00 0 
7f61cad04000-7f61cae00000 rw-p 00000000 00:00 0 
7f61cba68000-7f61cbf00000 rw-p 00000000 00:00 0 
7f61cc000000-7f61cc021000 rw-p 00000000 00:00 0 
7f61cc021000-7f61d0000000 ---p 00000000 00:00 0 
7f61d0000000-7f61d0021000 rw-p 00000000 00:00 0 
7f61d0021000-7f61d4000000 ---p 00000000 00:00 0 
7f61d4000000-7f61d4069000 rw-p 00000000 00:00 0 
7f61d4069000-7f61d8000000 ---p 00000000 00:00 0 
7f61d8000000-7f61d8021000 rw-p 00000000 00:00 0 
7f61d8021000-7f61dc000000 ---p 00000000 00:00 0 
7f61dc000000-7f61dc0fc000 rw-p 00000000 00:00 0 
7f61dc0fc000-7f61e0000000 ---p 00000000 00:00 0 
7f61e0000000-7f61e0b70000 rw-p 00000000 00:00 0 
7f61e0b70000-7f61e4000000 ---p 00000000 00:00 0 
7f61e4000000-7f61e4021000 rw-p 00000000 00:00 0 
7f61e4021000-7f61e8000000 ---p 00000000 00:00 0 
7f61e8000000-7f61e8021000 rw-p 00000000 00:00 0 
7f61e8021000-7f61ec000000 ---p 00000000 00:00 0 
7f61ec000000-7f61ec021000 rw-p 00000000 00:00 0 
7f61ec021000-7f61f0000000 ---p 00000000 00:00 0 
7f61f0000000-7f61f0021000 rw-p 00000000 00:00 0 
7f61f0021000-7f61f4000000 ---p 00000000 00:00 0 
7f61f4000000-7f61f4021000 rw-p 00000000 00:00 0 
7f61f4021000-7f61f8000000 ---p 00000000 00:00 0 
7f61f8000000-7f61f8021000 rw-p 00000000 00:00 0 
7f61f8021000-7f61fc000000 ---p 00000000 00:00 0 
7f61fc000000-7f61fc1e5000 rw-p 00000000 00:00 0 
7f61fc1e5000-7f6200000000 ---p 00000000 00:00 0 
7f6200100000-7f6200104000 ---p 00000000 00:00 0 
7f6200104000-7f6200200000 rw-p 00000000 00:00 0 
7f6200200000-7f6200204000 ---p 00000000 00:00 0 
7f6200204000-7f6200300000 rw-p 00000000 00:00 0 
7f6200300000-7f6200304000 ---p 00000000 00:00 0 
7f6200304000-7f6200400000 rw-p 00000000 00:00 0 
7f6200400000-7f6200404000 ---p 00000000 00:00 0 
7f6200404000-7f6200500000 rw-p 00000000 00:00 0 
7f6200500000-7f6200504000 ---p 00000000 00:00 0 
7f6200504000-7f6200600000 rw-p 00000000 00:00 0 
7f6200700000-7f6200704000 ---p 00000000 00:00 0 
7f6200704000-7f6200800000 rw-p 00000000 00:00 0 
7f6200900000-7f6200904000 ---p 00000000 00:00 0 
7f6200904000-7f6200a00000 rw-p 00000000 00:00 0 
7f6200b00000-7f6200b04000 ---p 00000000 00:00 0 
7f6200b04000-7f6200c00000 rw-p 00000000 00:00 0 
7f6200d00000-7f6200d04000 ---p 00000000 00:00 0 
7f6200d04000-7f6200e00000 rw-p 00000000 00:00 0 
7f6200f00000-7f6200f04000 ---p 00000000 00:00 0 
7f6200f04000-7f6201000000 rw-p 00000000 00:00 0 
7f6201000000-7f620316a000 r-xp 00000000 00:1d39 4611686019135190040      /nix/store/gpxl5qgg8kicmcvivwmybwjlpf7wh20l-graalvm17-ce-22.3.0/lib/libjvmcicompiler.so
7f620316a000-7f6203369000 ---p 0216a000 00:1d39 4611686019135190040      /nix/store/gpxl5qgg8kicmcvivwmybwjlpf7wh20l-graalvm17-ce-22.3.0/lib/libjvmcicompiler.so
7f6203369000-7f620336a000 r--p 02169000 00:1d39 4611686019135190040      /nix/store/gpxl5qgg8kicmcvivwmybwjlpf7wh20l-graalvm17-ce-22.3.0/lib/libjvmcicompiler.so
7f620336a000-7f620336c000 rw-p 0216a000 00:1d39 4611686019135190040      /nix/store/gpxl5qgg8kicmcvivwmybwjlpf7wh20l-graalvm17-ce-22.3.0/lib/libjvmcicompiler.so
7f620336c000-7f620336d000 rw-p 00000000 00:00 0 
7f620336d000-7f6203372000 rw-p 023c3000 00:1d39 4611686019135190040      /nix/store/gpxl5qgg8kicmcvivwmybwjlpf7wh20l-graalvm17-ce-22.3.0/lib/libjvmcicompiler.so
7f62033b3000-7f62033b7000 ---p 00000000 00:00 0 
7f62033b7000-7f62034b3000 rw-p 00000000 00:00 0 
7f62034b3000-7f6203723000 rwxp 00000000 00:00 0 
7f6203723000-7f6203a42000 ---p 00000000 00:00 0 
7f6203a42000-7f6204a12000 rwxp 00000000 00:00 0 
7f6204a12000-7f620af7a000 ---p 00000000 00:00 0 
7f620af7a000-7f620b22a000 rwxp 00000000 00:00 0 
7f620b22a000-7f62124b3000 ---p 00000000 00:00 0 
7f62124b3000-7f621c000000 r--s 00000000 00:1d39 4611686019135192581      /nix/store/gpxl5qgg8kicmcvivwmybwjlpf7wh20l-graalvm17-ce-22.3.0/lib/modules
7f621c000000-7f621c61e000 rw-p 00000000 00:00 0 
7f621c61e000-7f6220000000 ---p 00000000 00:00 0 
7f62200f1000-7f62200f3000 r-xp 00000000 00:1d39 4611686019135190017      /nix/store/gpxl5qgg8kicmcvivwmybwjlpf7wh20l-graalvm17-ce-22.3.0/lib/libextnet.so
7f62200f3000-7f62200f4000 r--p 00001000 00:1d39 4611686019135190017      /nix/store/gpxl5qgg8kicmcvivwmybwjlpf7wh20l-graalvm17-ce-22.3.0/lib/libextnet.so
7f62200f4000-7f62200f5000 rw-p 00002000 00:1d39 4611686019135190017      /nix/store/gpxl5qgg8kicmcvivwmybwjlpf7wh20l-graalvm17-ce-22.3.0/lib/libextnet.so
7f62200f5000-7f62200f6000 rw-p 00004000 00:1d39 4611686019135190017      /nix/store/gpxl5qgg8kicmcvivwmybwjlpf7wh20l-graalvm17-ce-22.3.0/lib/libextnet.so
7f62200f6000-7f62200fa000 ---p 00000000 00:00 0 
7f62200fa000-7f6220118000 rw-p 00000000 00:00 0 
7f6220118000-7f6220119000 ---p 00000000 00:00 0 
7f6220119000-7f622021a000 rw-p 00000000 00:00 0 
7f622021a000-7f622021e000 ---p 00000000 00:00 0 
7f622021e000-7f622031a000 rw-p 00000000 00:00 0 
7f622031a000-7f622031e000 ---p 00000000 00:00 0 
7f622031e000-7f622041a000 rw-p 00000000 00:00 0 
7f622041a000-7f622041e000 ---p 00000000 00:00 0 
7f622041e000-7f622051a000 rw-p 00000000 00:00 0 
7f622051a000-7f622051e000 ---p 00000000 00:00 0 
7f622051e000-7f622071a000 rw-p 00000000 00:00 0 
7f622071a000-7f622071e000 ---p 00000000 00:00 0 
7f622071e000-7f622091a000 rw-p 00000000 00:00 0 
7f622091a000-7f622091e000 ---p 00000000 00:00 0 
7f622091e000-7f6220a1a000 rw-p 00000000 00:00 0 
7f6220a1a000-7f6220a1e000 ---p 00000000 00:00 0 
7f6220a1e000-7f6220b1a000 rw-p 00000000 00:00 0 
7f6220b1a000-7f6220b1e000 ---p 00000000 00:00 0 
7f6220b1e000-7f6220c1a000 rw-p 00000000 00:00 0 
7f6220c1a000-7f6220f00000 r--p 00000000 00:1c89 28444448                 /usr/lib/locale/locale-archive
7f6220f00000-7f6220f04000 ---p 00000000 00:00 0 
7f6220f04000-7f6221400000 rw-p 00000000 00:00 0 
7f6221400000-7f6221700000 rw-p 00000000 00:00 0 
7f6221700000-7f6221800000 rw-p 00000000 00:00 0 
7f6221803000-7f622180a000 r-xp 00000000 00:1d39 4611686019135192580      /nix/store/gpxl5qgg8kicmcvivwmybwjlpf7wh20l-graalvm17-ce-22.3.0/lib/libzip.so
7f622180a000-7f622180b000 ---p 00007000 00:1d39 4611686019135192580      /nix/store/gpxl5qgg8kicmcvivwmybwjlpf7wh20l-graalvm17-ce-22.3.0/lib/libzip.so
7f622180b000-7f622180c000 r--p 00007000 00:1d39 4611686019135192580      /nix/store/gpxl5qgg8kicmcvivwmybwjlpf7wh20l-graalvm17-ce-22.3.0/lib/libzip.so
7f622180c000-7f622180d000 rw-p 00008000 00:1d39 4611686019135192580      /nix/store/gpxl5qgg8kicmcvivwmybwjlpf7wh20l-graalvm17-ce-22.3.0/lib/libzip.so
7f622180d000-7f622180f000 rw-p 0000b000 00:1d39 4611686019135192580      /nix/store/gpxl5qgg8kicmcvivwmybwjlpf7wh20l-graalvm17-ce-22.3.0/lib/libzip.so
7f622180f000-7f6221824000 r-xp 00000000 00:1d39 4611686019135192570      /nix/store/gpxl5qgg8kicmcvivwmybwjlpf7wh20l-graalvm17-ce-22.3.0/lib/libnet.so
7f6221824000-7f6221825000 ---p 00015000 00:1d39 4611686019135192570      /nix/store/gpxl5qgg8kicmcvivwmybwjlpf7wh20l-graalvm17-ce-22.3.0/lib/libnet.so
7f6221825000-7f6221826000 r--p 00015000 00:1d39 4611686019135192570      /nix/store/gpxl5qgg8kicmcvivwmybwjlpf7wh20l-graalvm17-ce-22.3.0/lib/libnet.so
7f6221826000-7f6221827000 rw-p 00016000 00:1d39 4611686019135192570      /nix/store/gpxl5qgg8kicmcvivwmybwjlpf7wh20l-graalvm17-ce-22.3.0/lib/libnet.so
7f6221827000-7f622182a000 rw-p 0001b000 00:1d39 4611686019135192570      /nix/store/gpxl5qgg8kicmcvivwmybwjlpf7wh20l-graalvm17-ce-22.3.0/lib/libnet.so
7f622182a000-7f622183d000 r-xp 00000000 00:1d39 4611686019135192571      /nix/store/gpxl5qgg8kicmcvivwmybwjlpf7wh20l-graalvm17-ce-22.3.0/lib/libnio.so
7f622183d000-7f622183e000 r--p 00012000 00:1d39 4611686019135192571      /nix/store/gpxl5qgg8kicmcvivwmybwjlpf7wh20l-graalvm17-ce-22.3.0/lib/libnio.so
7f622183e000-7f622183f000 rw-p 00013000 00:1d39 4611686019135192571      /nix/store/gpxl5qgg8kicmcvivwmybwjlpf7wh20l-graalvm17-ce-22.3.0/lib/libnio.so
7f622183f000-7f6221844000 rw-p 00019000 00:1d39 4611686019135192571      /nix/store/gpxl5qgg8kicmcvivwmybwjlpf7wh20l-graalvm17-ce-22.3.0/lib/libnio.so
7f6221844000-7f6221848000 ---p 00000000 00:00 0 
7f6221848000-7f6221944000 rw-p 00000000 00:00 0 
7f6221944000-7f6221945000 ---p 00000000 00:00 0 
7f6221945000-7f6221a46000 rw-p 00000000 00:00 0 
7f6221a46000-7f6221b14000 r-xp 00000000 00:1d39 4611686019135190036      /nix/store/gpxl5qgg8kicmcvivwmybwjlpf7wh20l-graalvm17-ce-22.3.0/lib/libjsvml.so
7f6221b14000-7f6221b15000 r--p 000cd000 00:1d39 4611686019135190036      /nix/store/gpxl5qgg8kicmcvivwmybwjlpf7wh20l-graalvm17-ce-22.3.0/lib/libjsvml.so
7f6221b15000-7f6221b16000 rw-p 000ce000 00:1d39 4611686019135190036      /nix/store/gpxl5qgg8kicmcvivwmybwjlpf7wh20l-graalvm17-ce-22.3.0/lib/libjsvml.so
7f6221b16000-7f62233ee000 rw-p 00000000 00:00 0 
7f62233ee000-7f62233ef000 ---p 00000000 00:00 0 
7f62233ef000-7f622359a000 rw-p 00000000 00:00 0 
7f622359a000-7f62235b4000 rw-p 00000000 00:00 0 
7f62235b4000-7f62235f0000 ---p 00000000 00:00 0 
7f62235f0000-7f62235f7000 rw-p 00000000 00:00 0 
7f62235f7000-7f62236dc000 ---p 00000000 00:00 0 
7f62236dc000-7f62236fc000 rw-p 00000000 00:00 0 
7f62236fc000-7f62237c7000 ---p 00000000 00:00 0 
7f62237c7000-7f62237cc000 rw-p 00000000 00:00 0 
7f62237cc000-7f62237d3000 ---p 00000000 00:00 0 
7f62237d3000-7f62237f7000 r-xp 00000000 00:1d39 4611686019135190028      /nix/store/gpxl5qgg8kicmcvivwmybwjlpf7wh20l-graalvm17-ce-22.3.0/lib/libjava.so
7f62237f7000-7f62237f8000 ---p 00024000 00:1d39 4611686019135190028      /nix/store/gpxl5qgg8kicmcvivwmybwjlpf7wh20l-graalvm17-ce-22.3.0/lib/libjava.so
7f62237f8000-7f62237f9000 r--p 00024000 00:1d39 4611686019135190028      /nix/store/gpxl5qgg8kicmcvivwmybwjlpf7wh20l-graalvm17-ce-22.3.0/lib/libjava.so
7f62237f9000-7f62237fa000 rw-p 00025000 00:1d39 4611686019135190028      /nix/store/gpxl5qgg8kicmcvivwmybwjlpf7wh20l-graalvm17-ce-22.3.0/lib/libjava.so
7f62237fa000-7f62237fb000 rw-p 00000000 00:00 0 
7f62237fb000-7f6223802000 rw-p 0002f000 00:1d39 4611686019135190028      /nix/store/gpxl5qgg8kicmcvivwmybwjlpf7wh20l-graalvm17-ce-22.3.0/lib/libjava.so
7f6223802000-7f622380a000 rw-s 00000000 00:22e 355                       /tmp/hsperfdata_runner/21
7f622380a000-7f622380b000 ---p 00000000 00:00 0 
7f622380b000-7f622380c000 r--p 00000000 00:00 0 
7f622380c000-7f622380d000 rwxp 00000000 00:00 0 
7f622380d000-7f6223828000 r-xp 00000000 00:1d39 4611686019135190032      /nix/store/gpxl5qgg8kicmcvivwmybwjlpf7wh20l-graalvm17-ce-22.3.0/lib/libjimage.so
7f6223828000-7f6223829000 ---p 0001b000 00:1d39 4611686019135190032      /nix/store/gpxl5qgg8kicmcvivwmybwjlpf7wh20l-graalvm17-ce-22.3.0/lib/libjimage.so
7f6223829000-7f622382b000 r--p 0001b000 00:1d39 4611686019135190032      /nix/store/gpxl5qgg8kicmcvivwmybwjlpf7wh20l-graalvm17-ce-22.3.0/lib/libjimage.so
7f622382b000-7f622382c000 rw-p 0001d000 00:1d39 4611686019135190032      /nix/store/gpxl5qgg8kicmcvivwmybwjlpf7wh20l-graalvm17-ce-22.3.0/lib/libjimage.so
7f622382c000-7f622382d000 rw-p 00024000 00:1d39 4611686019135190032      /nix/store/gpxl5qgg8kicmcvivwmybwjlpf7wh20l-graalvm17-ce-22.3.0/lib/libjimage.so
7f622382d000-7f6223831000 ---p 00000000 00:00 0 
7f6223831000-7f622392d000 rw-p 00000000 00:00 0 
7f622392d000-7f622393b000 r--p 00000000 00:1d39 4611686019027979927      /nix/store/4nlgxhb09sdr51nc9hdm8az5b08vzkgx-glibc-2.35-163/lib/libm.so.6
7f622393b000-7f62239ae000 r-xp 0000e000 00:1d39 4611686019027979927      /nix/store/4nlgxhb09sdr51nc9hdm8az5b08vzkgx-glibc-2.35-163/lib/libm.so.6
7f62239ae000-7f6223a0b000 r--p 00081000 00:1d39 4611686019027979927      /nix/store/4nlgxhb09sdr51nc9hdm8az5b08vzkgx-glibc-2.35-163/lib/libm.so.6
7f6223a0b000-7f6223a0c000 r--p 000dd000 00:1d39 4611686019027979927      /nix/store/4nlgxhb09sdr51nc9hdm8az5b08vzkgx-glibc-2.35-163/lib/libm.so.6
7f6223a0c000-7f6223a0d000 rw-p 000de000 00:1d39 4611686019027979927      /nix/store/4nlgxhb09sdr51nc9hdm8az5b08vzkgx-glibc-2.35-163/lib/libm.so.6
7f6223a0d000-7f6223a0e000 r--p 00000000 00:1d39 4611686019027979946      /nix/store/4nlgxhb09sdr51nc9hdm8az5b08vzkgx-glibc-2.35-163/lib/librt.so.1
7f6223a0e000-7f6223a0f000 r-xp 00001000 00:1d39 4611686019027979946      /nix/store/4nlgxhb09sdr51nc9hdm8az5b08vzkgx-glibc-2.35-163/lib/librt.so.1
7f6223a0f000-7f6223a10000 r--p 00002000 00:1d39 4611686019027979946      /nix/store/4nlgxhb09sdr51nc9hdm8az5b08vzkgx-glibc-2.35-163/lib/librt.so.1
7f6223a10000-7f6223a11000 r--p 00002000 00:1d39 4611686019027979946      /nix/store/4nlgxhb09sdr51nc9hdm8az5b08vzkgx-glibc-2.35-163/lib/librt.so.1
7f6223a11000-7f6223a12000 rw-p 00003000 00:1d39 4611686019027979946      /nix/store/4nlgxhb09sdr51nc9hdm8az5b08vzkgx-glibc-2.35-163/lib/librt.so.1
7f6223a12000-7f6224b25000 r-xp 00000000 00:1d39 4611686019135360866      /nix/store/gpxl5qgg8kicmcvivwmybwjlpf7wh20l-graalvm17-ce-22.3.0/lib/server/libjvm.so
7f6224b25000-7f6224b26000 ---p 01113000 00:1d39 4611686019135360866      /nix/store/gpxl5qgg8kicmcvivwmybwjlpf7wh20l-graalvm17-ce-22.3.0/lib/server/libjvm.so
7f6224b26000-7f6224bdb000 r--p 01113000 00:1d39 4611686019135360866      /nix/store/gpxl5qgg8kicmcvivwmybwjlpf7wh20l-graalvm17-ce-22.3.0/lib/server/libjvm.so
7f6224bdb000-7f6224c0f000 rw-p 011c8000 00:1d39 4611686019135360866      /nix/store/gpxl5qgg8kicmcvivwmybwjlpf7wh20l-graalvm17-ce-22.3.0/lib/server/libjvm.so
7f6224c0f000-7f6224c6b000 rw-p 00000000 00:00 0 
7f6224c6b000-7f6224c93000 r--p 00000000 00:1d39 4611686019027979918      /nix/store/4nlgxhb09sdr51nc9hdm8az5b08vzkgx-glibc-2.35-163/lib/libc.so.6
7f6224c93000-7f6224e09000 r-xp 00028000 00:1d39 4611686019027979918      /nix/store/4nlgxhb09sdr51nc9hdm8az5b08vzkgx-glibc-2.35-163/lib/libc.so.6
7f6224e09000-7f6224e61000 r--p 0019e000 00:1d39 4611686019027979918      /nix/store/4nlgxhb09sdr51nc9hdm8az5b08vzkgx-glibc-2.35-163/lib/libc.so.6
7f6224e61000-7f6224e65000 r--p 001f6000 00:1d39 4611686019027979918      /nix/store/4nlgxhb09sdr51nc9hdm8az5b08vzkgx-glibc-2.35-163/lib/libc.so.6
7f6224e65000-7f6224e67000 rw-p 001fa000 00:1d39 4611686019027979918      /nix/store/4nlgxhb09sdr51nc9hdm8az5b08vzkgx-glibc-2.35-163/lib/libc.so.6
7f6224e67000-7f6224e76000 rw-p 00000000 00:00 0 
7f6224e76000-7f6224e77000 r--p 00000000 00:1d39 4611686019027979923      /nix/store/4nlgxhb09sdr51nc9hdm8az5b08vzkgx-glibc-2.35-163/lib/libdl.so.2
7f6224e77000-7f6224e78000 r-xp 00001000 00:1d39 4611686019027979923      /nix/store/4nlgxhb09sdr51nc9hdm8az5b08vzkgx-glibc-2.35-163/lib/libdl.so.2
7f6224e78000-7f6224e79000 r--p 00002000 00:1d39 4611686019027979923      /nix/store/4nlgxhb09sdr51nc9hdm8az5b08vzkgx-glibc-2.35-163/lib/libdl.so.2
7f6224e79000-7f6224e7a000 r--p 00002000 00:1d39 4611686019027979923      /nix/store/4nlgxhb09sdr51nc9hdm8az5b08vzkgx-glibc-2.35-163/lib/libdl.so.2
7f6224e7a000-7f6224e7b000 rw-p 00003000 00:1d39 4611686019027979923      /nix/store/4nlgxhb09sdr51nc9hdm8az5b08vzkgx-glibc-2.35-163/lib/libdl.so.2
7f6224e7b000-7f6224e7c000 r--p 00000000 00:1d39 4611686019027979942      /nix/store/4nlgxhb09sdr51nc9hdm8az5b08vzkgx-glibc-2.35-163/lib/libpthread.so.0
7f6224e7c000-7f6224e7d000 r-xp 00001000 00:1d39 4611686019027979942      /nix/store/4nlgxhb09sdr51nc9hdm8az5b08vzkgx-glibc-2.35-163/lib/libpthread.so.0
7f6224e7d000-7f6224e7e000 r--p 00002000 00:1d39 4611686019027979942      /nix/store/4nlgxhb09sdr51nc9hdm8az5b08vzkgx-glibc-2.35-163/lib/libpthread.so.0
7f6224e7e000-7f6224e7f000 r--p 00002000 00:1d39 4611686019027979942      /nix/store/4nlgxhb09sdr51nc9hdm8az5b08vzkgx-glibc-2.35-163/lib/libpthread.so.0
7f6224e7f000-7f6224e80000 rw-p 00003000 00:1d39 4611686019027979942      /nix/store/4nlgxhb09sdr51nc9hdm8az5b08vzkgx-glibc-2.35-163/lib/libpthread.so.0
7f6224e80000-7f6224e8e000 r-xp 00000000 00:1d39 4611686019135190033      /nix/store/gpxl5qgg8kicmcvivwmybwjlpf7wh20l-graalvm17-ce-22.3.0/lib/libjli.so
7f6224e8e000-7f6224e8f000 ---p 0000e000 00:1d39 4611686019135190033      /nix/store/gpxl5qgg8kicmcvivwmybwjlpf7wh20l-graalvm17-ce-22.3.0/lib/libjli.so
7f6224e8f000-7f6224e90000 r--p 0000e000 00:1d39 4611686019135190033      /nix/store/gpxl5qgg8kicmcvivwmybwjlpf7wh20l-graalvm17-ce-22.3.0/lib/libjli.so
7f6224e90000-7f6224e91000 rw-p 0000f000 00:1d39 4611686019135190033      /nix/store/gpxl5qgg8kicmcvivwmybwjlpf7wh20l-graalvm17-ce-22.3.0/lib/libjli.so
7f6224e91000-7f6224e92000 rw-p 00012000 00:1d39 4611686019135190033      /nix/store/gpxl5qgg8kicmcvivwmybwjlpf7wh20l-graalvm17-ce-22.3.0/lib/libjli.so
7f6224e92000-7f6224e95000 r--p 00000000 00:1d39 4611686019106210071      /nix/store/026hln0aq1hyshaxsdvhg0kmcm6yf45r-zlib-1.2.13/lib/libz.so.1.2.13
7f6224e95000-7f6224ea7000 r-xp 00003000 00:1d39 4611686019106210071      /nix/store/026hln0aq1hyshaxsdvhg0kmcm6yf45r-zlib-1.2.13/lib/libz.so.1.2.13
7f6224ea7000-7f6224eae000 r--p 00015000 00:1d39 4611686019106210071      /nix/store/026hln0aq1hyshaxsdvhg0kmcm6yf45r-zlib-1.2.13/lib/libz.so.1.2.13
7f6224eae000-7f6224eaf000 r--p 0001b000 00:1d39 4611686019106210071      /nix/store/026hln0aq1hyshaxsdvhg0kmcm6yf45r-zlib-1.2.13/lib/libz.so.1.2.13
7f6224eaf000-7f6224eb0000 rw-p 0001c000 00:1d39 4611686019106210071      /nix/store/026hln0aq1hyshaxsdvhg0kmcm6yf45r-zlib-1.2.13/lib/libz.so.1.2.13
7f6224eb0000-7f6224eb2000 rw-p 00000000 00:00 0 
7f6224eb2000-7f6224eb4000 r--p 00000000 00:1d39 4611686019027979912      /nix/store/4nlgxhb09sdr51nc9hdm8az5b08vzkgx-glibc-2.35-163/lib/ld-linux-x86-64.so.2
7f6224eb4000-7f6224edb000 r-xp 00002000 00:1d39 4611686019027979912      /nix/store/4nlgxhb09sdr51nc9hdm8az5b08vzkgx-glibc-2.35-163/lib/ld-linux-x86-64.so.2
7f6224edb000-7f6224ee7000 r--p 00029000 00:1d39 4611686019027979912      /nix/store/4nlgxhb09sdr51nc9hdm8az5b08vzkgx-glibc-2.35-163/lib/ld-linux-x86-64.so.2
7f6224ee7000-7f6224ee9000 r--p 00034000 00:1d39 4611686019027979912      /nix/store/4nlgxhb09sdr51nc9hdm8az5b08vzkgx-glibc-2.35-163/lib/ld-linux-x86-64.so.2
7f6224ee9000-7f6224eeb000 rw-p 00036000 00:1d39 4611686019027979912      /nix/store/4nlgxhb09sdr51nc9hdm8az5b08vzkgx-glibc-2.35-163/lib/ld-linux-x86-64.so.2
7ffc444f5000-7ffc44519000 rw-p 00000000 00:00 0                          [stack]
7ffc44545000-7ffc44549000 r--p 00000000 00:00 0                          [vvar]
7ffc44549000-7ffc4454b000 r-xp 00000000 00:00 0                          [vdso]
ffffffffff600000-ffffffffff601000 --xp 00000000 00:00 0                  [vsyscall]


VM Arguments:
jvm_args: -XX:ThreadPriorityPolicy=1 -XX:+UnlockExperimentalVMOptions -XX:+EnableJVMCIProduct -XX:JVMCIThreadsPerNativeLibraryRuntime=1 -XX:-UnlockExperimentalVMOptions -Declipse.application=org.eclipse.jdt.ls.core.id1 -Dosgi.bundles.defaultStartLevel=4 -Declipse.product=org.eclipse.jdt.ls.core.product -Dlog.level=ALL -Xverify:none -XX:+UseParallelGC -XX:GCTimeRatio=4 -XX:AdaptiveSizePolicyWeight=90 -Dsun.zip.disableMemoryMapping=true -Xmx512m -Xms100m 
java_command: /nix/store/m6gcpi1ii6rghy04cjwjddcavv7i90df-jdt-language-server-1.9.0/share/java/plugins/org.eclipse.equinox.launcher_1.6.400.v20210924-0641.jar --add-modules=ALL-SYSTEM --add-opens java.base/java.util=ALL-UNNAMED --add-opens java.base/java.lang=ALL-UNNAMED -configuration /home/runner/.cache/jdt-language-server/config -data /home/runner/.cache/jdt-language-server/data/home/runner/BudgetManager
java_class_path (initial): /nix/store/m6gcpi1ii6rghy04cjwjddcavv7i90df-jdt-language-server-1.9.0/share/java/plugins/org.eclipse.equinox.launcher_1.6.400.v20210924-0641.jar
Launcher Type: SUN_STANDARD

[Global flags]
    uintx AdaptiveSizePolicyWeight                 = 90                                        {product} {command line}
     intx CICompilerCount                          = 2                                         {product} {ergonomic}
     bool EnableJVMCIProduct                       = true                                {JVMCI product} {jimage}
    uintx GCTimeRatio                              = 4                                         {product} {command line}
   size_t InitialHeapSize                          = 104857600                                 {product} {command line}
     uint JVMCIThreadsPerNativeLibraryRuntime      = 1                                   {JVMCI product} {jimage}
   size_t MaxHeapSize                              = 536870912                                 {product} {command line}
   size_t MaxNewSize                               = 178782208                                 {product} {ergonomic}
   size_t MinHeapDeltaBytes                        = 524288                                    {product} {ergonomic}
   size_t MinHeapSize                              = 104857600                                 {product} {command line}
   size_t NewSize                                  = 34603008                                  {product} {ergonomic}
    uintx NonNMethodCodeHeapSize                   = 5826188                                {pd product} {ergonomic}
    uintx NonProfiledCodeHeapSize                  = 122916026                              {pd product} {ergonomic}
   size_t OldSize                                  = 70254592                                  {product} {ergonomic}
    uintx ProfiledCodeHeapSize                     = 122916026                              {pd product} {ergonomic}
    uintx ReservedCodeCacheSize                    = 251658240                              {pd product} {ergonomic}
     bool SegmentedCodeCache                       = true                                      {product} {ergonomic}
   size_t SoftMaxHeapSize                          = 536870912                              {manageable} {ergonomic}
     intx ThreadPriorityPolicy                     = 1                                         {product} {jimage}
     bool UseCompressedClassPointers               = true                           {product lp64_product} {ergonomic}
     bool UseCompressedOops                        = true                           {product lp64_product} {ergonomic}
     bool UseParallelGC                            = true                                      {product} {command line}

Logging:
Log output configuration:
 #0: stdout all=warning uptime,level,tags
 #1: stderr all=off uptime,level,tags

Environment Variables:
JAVA_HOME=/nix/store/gpxl5qgg8kicmcvivwmybwjlpf7wh20l-graalvm17-ce-22.3.0
PATH=/nix/store/1d6ian3r8kdzspw8hacjhl3xkp40g1lj-binutils-wrapper-2.39/bin:/nix/store/dq0xwmsk1g0i2ayg6pb7y87na2knzylh-gcc-wrapper-11.3.0/bin:/nix/store/bap4d0lpcrhpwmpb8ayjcgkmvfj62lnq-bash-interactive-5.1-p16/bin:/nix/store/pr5n59mb4jzmfx6kanwxly0l07p861fg-patchelf-0.15.0/bin:/nix/store/1gf2flfqnpqbr1b4p4qz2f72y42bs56r-gcc-11.3.0/bin:/nix/store/57xv61c5zi8pphjbcwxxjlgc34p61ic9-glibc-2.35-163-bin/bin:/nix/store/a7gvj343m05j2s32xcnwr35v31ynlypr-coreutils-9.1/bin:/nix/store/039g378vc3pc3dvi9dzdlrd0i4q93qwf-binutils-2.39/bin:/nix/store/gpxl5qgg8kicmcvivwmybwjlpf7wh20l-graalvm17-ce-22.3.0/bin:/nix/store/6z9ag3ihc8mq2hzsw48lhbznvzny65nz-apache-maven-3.8.6/bin:/nix/store/m6gcpi1ii6rghy04cjwjddcavv7i90df-jdt-language-server-1.9.0/bin:/nix/store/84xs5alhs01zrbr4ywm05kxbjbp5590l-java-debug/bin:/nix/store/mydc6f4k2z73xlcz7ilif3v2lcaiqvza-findutils-4.9.0/bin:/nix/store/j9p3g8472iijd50vhdprx0nmk2fqn5gv-diffutils-3.8/bin:/nix/store/89zs7rms6x00xfq4dq6m7mjnhkr8a6r4-gnused-4.8/bin:/nix/store/86bp03jkmsl6f92w0yzg4s59g5mhxwmy-gnugrep-3.7/bin:/nix/store/hwcdqw4jrjnd37wxqgsd47hd0j8bnj09-gawk-5.1.1/bin:/nix/store/cfbhw8r8ags41vwqaz47r583d0p4h4a1-gnutar-1.34/bin:/nix/store/p3m1ndl1lapwrlh698bnb5lvvxh67378-gzip-1.12/bin:/nix/store/a8mhcagrsly7c7mpjrpsnaahk4aax056-bzip2-1.0.8-bin/bin:/nix/store/mblgz65m3zv9x548a3d5m96fj2pbwr09-gnumake-4.3/bin:/nix/store/dsd5gz46hdbdk2rfdimqddhq6m8m8fqs-bash-5.1-p16/bin:/nix/store/v7ljksji50mg3w61dykaa3n3y79n6nil-patch-2.7.6/bin:/nix/store/zlcnmqq14jz5x9439jf937mvayyl63da-xz-5.2.7-bin/bin:/nix/store/y6aj732zm9m87c82fpvf103a1xb22blp-file-5.43/bin:/nix/store/i4kzir3m7mrisxmf5xvlnkw01x4qaqr4-prybar-elisp-0.0.0-e0d9a52/bin:/nix/store/lwwivxf6h7x3cvxp9zv8sj0mv7dak99r-prybar-lua-0.0.0-e0d9a52/bin:/nix/store/gxj28g1cg4hq3qanmjv07156h800qr58-prybar-python3-0.0.0-e0d9a52/bin:/nix/store/hshkjnxrgidigf8x75vg6lqng2xlx9i3-prybar-sqlite-0.0.0-e0d9a52/bin:/nix/store/c4w01bpjgyy5ixmwdk8m1pw87zq4sl26-prybar-tcl-0.0.0-e0d9a52/bin:/nix/store/hpbvrlwd5viqmvcaisb3x0118i913a9n-st
LD_LIBRARY_PATH=/nix/store/a4pff549sk2idnkpzk5nsfps3mdkdnvm-cups-2.4.2-lib/lib:/nix/store/72mqxxhh3cy5yifh92wh2yb8cl2hikyy-cairo-1.16.0/lib:/nix/store/2k366jrbsra97gjfxwvrhvixjfxdach5-glib-2.74.1/lib:/nix/store/2j2znigd8ak37rlwh9khz0ry3clqlw1l-gtk+3-3.24.34/lib:/nix/store/hisqvx32cd57apbpcsnkpx6k3549wql1-libglvnd-1.4.0/lib:/nix/store/p36pgcv991mq5srvg765b78yqpxvk3qs-mesa-21.3.3-drivers/lib:/nix/store/mav4251if1ahjq5vkpwycyyvnmy459c4-pulseaudio-14.2/lib
DISPLAY=:0
LANG=en_US.UTF-8

Signal Handlers:
   SIGSEGV: crash_handler in libjvm.so, mask=11100100010111111101111111111110, flags=SA_RESTART|SA_SIGINFO
    SIGBUS: crash_handler in libjvm.so, mask=11100100010111111101111111111110, flags=SA_RESTART|SA_SIGINFO
    SIGFPE: crash_handler in libjvm.so, mask=11100100010111111101111111111110, flags=SA_RESTART|SA_SIGINFO
   SIGPIPE: IsolateEnterStub_IgnoreSIGPIPEStartupHook_noopSignalHandler_8f19bff2f35b5f630d83b364d6b2339320d4ec70_216e8361c6bc87a8f89f58cc10d3b2fd4415bf87 in libjvmcicompiler.so, mask=00000000000000000000000000000000, flags=SA_RESTART
  *** Handler was modified!
  *** Expected: javaSignalHandler in libjvm.so, mask=11100100110111111111111111111110, flags=SA_RESTART|SA_SIGINFO
   SIGXFSZ: javaSignalHandler in libjvm.so, mask=11100100010111111101111111111110, flags=SA_RESTART|SA_SIGINFO
    SIGILL: crash_handler in libjvm.so, mask=11100100010111111101111111111110, flags=SA_RESTART|SA_SIGINFO
   SIGUSR2: SR_handler in libjvm.so, mask=00000000000000000000000000000000, flags=SA_RESTART|SA_SIGINFO
    SIGHUP: UserHandler in libjvm.so, mask=11100100010111111101111111111110, flags=SA_RESTART|SA_SIGINFO
    SIGINT: UserHandler in libjvm.so, mask=11100100010111111101111111111110, flags=SA_RESTART|SA_SIGINFO
   SIGTERM: UserHandler in libjvm.so, mask=11100100010111111101111111111110, flags=SA_RESTART|SA_SIGINFO
   SIGQUIT: UserHandler in libjvm.so, mask=11100100010111111101111111111110, flags=SA_RESTART|SA_SIGINFO
  *** Handler was modified!
  *** Expected: javaSignalHandler in libjvm.so, mask=11100100110111111111111111111110, flags=SA_RESTART|SA_SIGINFO
   SIGTRAP: crash_handler in libjvm.so, mask=11100100010111111101111111111110, flags=SA_RESTART|SA_SIGINFO


---------------  S Y S T E M  ---------------

OS:
DISTRIB_ID=Ubuntu
DISTRIB_RELEASE=20.04
DISTRIB_CODENAME=focal
DISTRIB_DESCRIPTION="Ubuntu 20.04.2 LTS"
uname: Linux 5.19.0-1026-gcp #28~22.04.1-Ubuntu SMP Tue Jun 6 07:24:26 UTC 2023 x86_64
OS uptime: 0 days 2:04 hours
libc: glibc 2.35 NPTL 2.35 
rlimit (soft/hard): STACK 8192k/infinity , CORE infinity/infinity , NPROC infinity/infinity , NOFILE 5242/5242 , AS infinity/infinity , CPU infinity/infinity , DATA infinity/infinity , FSIZE infinity/infinity , MEMLOCK 8192k/8192k
load average: 15.45 12.83 13.48

/proc/meminfo:
MemTotal:       65839956 kB
MemFree:        12446780 kB
MemAvailable:   38507516 kB
Buffers:         1924120 kB
Cached:         23021600 kB
SwapCached:            0 kB
Active:          8333072 kB
Inactive:       41097628 kB
Active(anon):      23080 kB
Inactive(anon): 24098344 kB
Active(file):    8309992 kB
Inactive(file): 16999284 kB
Unevictable:       55168 kB
Mlocked:           55168 kB
SwapTotal:             0 kB
SwapFree:              0 kB
Zswap:                 0 kB
Zswapped:              0 kB
Dirty:             16636 kB
Writeback:             0 kB
AnonPages:      24090708 kB
Mapped:          2060684 kB
Shmem:            133504 kB
KReclaimable:    1477948 kB
Slab:            2626984 kB
SReclaimable:    1477948 kB
SUnreclaim:      1149036 kB
KernelStack:      530104 kB
PageTables:       275412 kB
NFS_Unstable:          0 kB
Bounce:                0 kB
WritebackTmp:          0 kB
CommitLimit:    32919976 kB
Committed_AS:   93276468 kB
VmallocTotal:   34359738367 kB
VmallocUsed:      576132 kB
VmallocChunk:          0 kB
Percpu:            58368 kB
HardwareCorrupted:     0 kB
AnonHugePages:   4587520 kB
ShmemHugePages:        0 kB
ShmemPmdMapped:        0 kB
FileHugePages:         0 kB
FilePmdMapped:         0 kB
HugePages_Total:       0
HugePages_Free:        0
HugePages_Rsvd:        0
HugePages_Surp:        0
Hugepagesize:       2048 kB
Hugetlb:               0 kB
DirectMap4k:     3910456 kB
DirectMap2M:    51660800 kB
DirectMap1G:    13631488 kB

/sys/kernel/mm/transparent_hugepage/enabled: always [madvise] never
/sys/kernel/mm/transparent_hugepage/defrag (defrag/compaction efforts parameter): always defer defer+madvise [madvise] never

Process Memory:
Virtual Size: 4721752K (peak: 4805436K)
Resident Set Size: 748516K (peak: 782304K) (anon: 552572K, file: 195944K, shmem: 0K)
Swapped out: 0K
C-Heap outstanding allocations: 43893K, retained: 16034K
glibc malloc tunables: (default)

/proc/sys/kernel/threads-max (system-wide limit on the number of threads): 514310
/proc/sys/vm/max_map_count (maximum number of memory map areas a process may have): 65530
/proc/sys/kernel/pid_max (system-wide limit on number of process identifiers): 4194304

container (cgroup) information:
container_type: cgroupv1
cpu_cpuset_cpus: 2-7
cpu_memory_nodes: 0
active_processor_count: 1
cpu_quota: 50000
cpu_period: 100000
cpu_shares: 512
memory_limit_in_bytes: 1048576 k
memory_and_swap_limit_in_bytes: 1048576 k
memory_soft_limit_in_bytes: 524288 k
memory_usage_in_bytes: 602796 k
memory_max_usage_in_bytes: 643572 k
maximum number of tasks: 1000
current number of tasks: 44

KVM virtualization detected
Steal ticks since vm start: 0
Steal ticks percentage since vm start:  0.000

CPU: total 8 (initial active 1) (8 cores per cpu, 2 threads per core) family 23 model 49 stepping 0 microcode 0xffffffff, cx8, cmov, fxsr, ht, mmx, 3dnowpref, sse, sse2, sse3, ssse3, sse4a, sse4.1, sse4.2, popcnt, lzcnt, tsc, tscinvbit, avx, avx2, aes, clmul, bmi1, bmi2, adx, sha, fma, vzeroupper, clflush, clflushopt, hv
CPU Model and flags from /proc/cpuinfo:
model name	: AMD EPYC 7B12
flags		: fpu vme de pse tsc msr pae mce cx8 apic sep mtrr pge mca cmov pat pse36 clflush mmx fxsr sse sse2 ht syscall nx mmxext fxsr_opt pdpe1gb rdtscp lm constant_tsc rep_good nopl nonstop_tsc cpuid extd_apicid tsc_known_freq pni pclmulqdq ssse3 fma cx16 sse4_1 sse4_2 movbe popcnt aes xsave avx f16c rdrand hypervisor lahf_lm cmp_legacy cr8_legacy abm sse4a misalignsse 3dnowprefetch osvw topoext ssbd ibrs ibpb stibp vmmcall fsgsbase tsc_adjust bmi1 avx2 smep bmi2 rdseed adx smap clflushopt clwb sha_ni xsaveopt xsavec xgetbv1 clzero xsaveerptr arat npt nrip_save umip rdpid

Online cpus: 0-7
Offline cpus: 
BIOS frequency limitation: <Not Available>
Frequency switch latency (ns): <Not Available>
Available cpu frequencies: <Not Available>
Current governor: <Not Available>
Core performance/turbo boost: <Not Available>

Memory: 4k page, physical 1048576k(445772k free), swap 0k(0k free)
Page Sizes: 4k

vm_info: OpenJDK 64-Bit Server VM (17.0.5+8-jvmci-22.3-b08) for linux-amd64 JRE (17.0.5+8-jvmci-22.3-b08), built on Oct 19 2022 09:01:27 by "buildslave" with gcc 10.3.0

END.
