#
# A fatal error has been detected by the Java Runtime Environment:
#
#  Internal Error (jvmciRuntime.cpp:1609), pid=6709, tid=6723
#  fatal error: Fatal exception in JVMCI: Error calling jdk.vm.ci.services.Services.serializeSavedProperties
#
# JRE version: OpenJDK Runtime Environment GraalVM CE 22.3.0 (17.0.5+8) (build 17.0.5+8-jvmci-22.3-b08)
# Java VM: OpenJDK 64-Bit Server VM GraalVM CE 22.3.0 (17.0.5+8-jvmci-22.3-b08, mixed mode, sharing, tiered, jvmci, jvmci compiler, compressed oops, compressed class ptrs, parallel gc, linux-amd64)
# Problematic frame:
# V  [libjvm.so+0x972714]  JVMCIRuntime::fatal_exception(JVMCIEnv*, char const*)+0x74
#
# Core dump will be written. Default location: Core dumps may be processed with "/usr/share/apport/apport -p%p -s%s -c%c -d%d -P%P -u%u -g%g -- %E" (or dumping to /home/runner/BudgetManager/core.6709)
#
# If you would like to submit a bug report, please visit:
#   https://github.com/oracle/graal/issues
#

---------------  S U M M A R Y ------------

Command Line: -XX:ThreadPriorityPolicy=1 -XX:+UnlockExperimentalVMOptions -XX:+EnableJVMCIProduct -XX:JVMCIThreadsPerNativeLibraryRuntime=1 -XX:-UnlockExperimentalVMOptions -Declipse.application=org.eclipse.jdt.ls.core.id1 -Dosgi.bundles.defaultStartLevel=4 -Declipse.product=org.eclipse.jdt.ls.core.product -Dlog.level=ALL -Xverify:none -XX:+UseParallelGC -XX:GCTimeRatio=4 -XX:AdaptiveSizePolicyWeight=90 -Dsun.zip.disableMemoryMapping=true -Xmx512m -Xms100m /nix/store/m6gcpi1ii6rghy04cjwjddcavv7i90df-jdt-language-server-1.9.0/share/java/plugins/org.eclipse.equinox.launcher_1.6.400.v20210924-0641.jar --add-modules=ALL-SYSTEM --add-opens java.base/java.util=ALL-UNNAMED --add-opens java.base/java.lang=ALL-UNNAMED -configuration /home/runner/.cache/jdt-language-server/config -data /home/runner/.cache/jdt-language-server/data/home/runner/BudgetManager

Host: AMD EPYC 7B12, 8 cores, 1G, Ubuntu 20.04.2 LTS
Time: Thu Jun  8 01:29:59 2023 UTC elapsed time: 1032.870548 seconds (0d 0h 17m 12s)

---------------  T H R E A D  ---------------

Current thread (0x00007fcaf80b21e0):  JavaThread "JVMCI-native CompilerThread0" daemon [_thread_in_vm, id=6723, stack(0x00007fcadd31a000,0x00007fcadd51a000)]


Current CompileTask:
JVMCI-native:1032870 7427       4       java.util.concurrent.ConcurrentHashMap::get (162 bytes)

Stack: [0x00007fcadd31a000,0x00007fcadd51a000],  sp=0x00007fcadd518380,  free space=2040k
Native frames: (J=compiled Java code, j=interpreted, Vv=VM code, C=native code)
V  [libjvm.so+0x972714]  JVMCIRuntime::fatal_exception(JVMCIEnv*, char const*)+0x74
V  [libjvm.so+0x93e2fe]  JVMCIEnv::copy_saved_properties()+0x14e
V  [libjvm.so+0x9732a9]  JVMCIRuntime::initialize(JVMCIEnv*)+0xb19
V  [libjvm.so+0x9738a2]  JVMCIRuntime::get_HotSpotJVMCIRuntime(JVMCIEnv*)+0x12
V  [libjvm.so+0x9749f2]  JVMCIRuntime::compile_method(JVMCIEnv*, JVMCICompiler*, methodHandle const&, int)+0xd2
V  [libjvm.so+0x5b0d20]  CompileBroker::invoke_compiler_on_method(CompileTask*)+0x1470
V  [libjvm.so+0x5b12e8]  CompileBroker::compiler_thread_loop()+0x528
V  [libjvm.so+0xd82460]  JavaThread::thread_main_inner()+0xd0
V  [libjvm.so+0xd85a40]  Thread::call_run()+0xc0
V  [libjvm.so+0xbdb1e1]  thread_native_entry(Thread*)+0xe1

Register to memory mapping:

RAX=0x00007fcafd025000 points into unknown readable memory: 0x0000000000000058 | 58 00 00 00 00 00 00 00
RBX=0x00007fcafe120398: <offset 0x0000000000ef5398> in /nix/store/gpxl5qgg8kicmcvivwmybwjlpf7wh20l-graalvm17-ce-22.3.0/lib/server/libjvm.so at 0x00007fcafd22b000
RCX=0x00007fcafe0d81e8: <offset 0x0000000000ead1e8> in /nix/store/gpxl5qgg8kicmcvivwmybwjlpf7wh20l-graalvm17-ce-22.3.0/lib/server/libjvm.so at 0x00007fcafd22b000
RDX=0x0000000000000649 is an unknown value
RSP=0x00007fcadd518380 is pointing into the stack for thread: 0x00007fcaf80b21e0
RBP=0x00007fcadd5183a0 is pointing into the stack for thread: 0x00007fcaf80b21e0
RSI=0x00007fcafe120c48: <offset 0x0000000000ef5c48> in /nix/store/gpxl5qgg8kicmcvivwmybwjlpf7wh20l-graalvm17-ce-22.3.0/lib/server/libjvm.so at 0x00007fcafd22b000
RDI=0x00000000e0000000 is an oop: java.util.LinkedHashMap 
{0x00000000e0000000} - klass: 'java/util/LinkedHashMap'
 - ---- fields (total size 7 words):
 - transient 'keySet' 'Ljava/util/Set;' @12  NULL (0)
 - transient 'values' 'Ljava/util/Collection;' @16  NULL (0)
 - transient 'size' 'I' @20  1
 - transient 'modCount' 'I' @24  1
 - 'threshold' 'I' @28  1
 - final 'loadFactor' 'F' @32  0.750000 (3f400000)
 - transient 'table' '[Ljava/util/HashMap$Node;' @36  a 'java/util/HashMap$Node'[2] {0x00000000e0000038} (e0000038)
 - transient 'entrySet' 'Ljava/util/Set;' @40  a 'java/util/LinkedHashMap$LinkedEntrySet'{0x00000000e00000d0} (e00000d0)
 - final 'accessOrder' 'Z' @44  false
 - transient 'head' 'Ljava/util/LinkedHashMap$Entry;' @48  a 'java/util/LinkedHashMap$Entry'{0x00000000e0000050} (e0000050)
 - transient 'tail' 'Ljava/util/LinkedHashMap$Entry;' @52  a 'java/util/LinkedHashMap$Entry'{0x00000000e0000050} (e0000050)
R8 =0x00007fcafe120398: <offset 0x0000000000ef5398> in /nix/store/gpxl5qgg8kicmcvivwmybwjlpf7wh20l-graalvm17-ce-22.3.0/lib/server/libjvm.so at 0x00007fcafd22b000
R9 =0x0000000000000003 is an unknown value
R10=0x00007fcafe471da0: <offset 0x0000000001246da0> in /nix/store/gpxl5qgg8kicmcvivwmybwjlpf7wh20l-graalvm17-ce-22.3.0/lib/server/libjvm.so at 0x00007fcafd22b000
R11=0x000000080044f048 is pointing into metadata
R12=0x0 is NULL
R13=0x00007fcaf80b21e0 is a thread
R14=0x00007fcaf8000b80 points into unknown readable memory: 0x00007fcafe351a38 | 38 1a 35 fe ca 7f 00 00
R15=0x00007fcafe45fe40: <offset 0x0000000001234e40> in /nix/store/gpxl5qgg8kicmcvivwmybwjlpf7wh20l-graalvm17-ce-22.3.0/lib/server/libjvm.so at 0x00007fcafd22b000


Registers:
RAX=0x00007fcafd025000, RBX=0x00007fcafe120398, RCX=0x00007fcafe0d81e8, RDX=0x0000000000000649
RSP=0x00007fcadd518380, RBP=0x00007fcadd5183a0, RSI=0x00007fcafe120c48, RDI=0x00000000e0000000
R8 =0x00007fcafe120398, R9 =0x0000000000000003, R10=0x00007fcafe471da0, R11=0x000000080044f048
R12=0x0000000000000000, R13=0x00007fcaf80b21e0, R14=0x00007fcaf8000b80, R15=0x00007fcafe45fe40
RIP=0x00007fcafdb9d714, EFLAGS=0x0000000000010206, CSGSFS=0x002b000000000033, ERR=0x0000000000000006
  TRAPNO=0x000000000000000e

Top of Stack: (sp=0x00007fcadd518380)
0x00007fcadd518380:   00007fcadd518940 00007fcaf80b21e0
0x00007fcadd518390:   00007fcafc9b68c8 0000000800c417a0
0x00007fcadd5183a0:   00007fcadd518500 00007fcafdb692fe
0x00007fcadd5183b0:   00007fcadd5183e0 00007fcadd518440 

Instructions: (pc=0x00007fcafdb9d714)
0x00007fcafdb9d614:   30 e8 f6 cf e8 ff 4c 89 e7 e8 2e 48 d1 ff 84 db
0x00007fcafdb9d624:   75 2a 4d 85 ed 74 04 4d 8b 6d 00 48 83 c4 08 44
0x00007fcafdb9d634:   89 f9 4c 89 f2 4c 89 ee 5b 4c 89 e7 41 5c 41 5d
0x00007fcafdb9d644:   41 5e 41 5f 5d e9 e2 47 d1 ff 66 90 48 83 c4 08
0x00007fcafdb9d654:   5b 41 5c 41 5d 41 5e 41 5f 5d c3 90 31 d2 be 08
0x00007fcafdb9d664:   00 00 00 4c 89 ff e8 b1 78 a3 ff 49 89 c5 e9 37
0x00007fcafdb9d674:   ff ff ff 66 0f 1f 84 00 00 00 00 00 48 8b 7a 08
0x00007fcafdb9d684:   e9 6d ff ff ff 0f 1f 80 00 00 00 00 e8 5b 48 0a
0x00007fcafdb9d694:   00 84 c0 75 89 e9 6a ff ff ff 66 90 55 48 89 e5
0x00007fcafdb9d6a4:   41 56 41 55 41 54 49 89 fc 53 48 89 f3 66 48 8d
0x00007fcafdb9d6b4:   3d 27 5e 85 00 66 66 48 e8 df 43 8d ff 4c 8b 28
0x00007fcafdb9d6c4:   8b 05 be 72 8a 00 85 c0 75 14 ba 01 00 00 00 48
0x00007fcafdb9d6d4:   8d 0d ae 72 8a 00 f0 0f b1 11 85 c0 74 4e be c8
0x00007fcafdb9d6e4:   00 00 00 4c 89 ef e8 01 0b 41 00 48 8d 05 12 ac
0x00007fcafdb9d6f4:   85 00 49 89 d8 48 8d 0d e8 aa 53 00 ba 49 06 00
0x00007fcafdb9d704:   00 48 8d 35 3c 35 58 00 bf 00 00 00 e0 48 8b 00
0x00007fcafdb9d714:   c6 00 58 31 c0 e8 e2 91 c6 ff 5b 41 5c 41 5d 41
0x00007fcafdb9d724:   5e 5d e9 55 34 26 00 0f 1f 44 00 00 48 8d 05 81
0x00007fcafdb9d734:   a3 8b 00 48 89 df 4c 8b 30 e8 9e 43 8d ff 48 89
0x00007fcafdb9d744:   de 48 89 c2 49 8b 06 4c 89 f7 ff 50 08 4c 89 f7
0x00007fcafdb9d754:   e8 a7 5c 27 00 4d 85 e4 74 12 be 01 00 00 00 4c
0x00007fcafdb9d764:   89 e7 e8 35 43 fc ff eb 82 0f 1f 00 be 01 00 00
0x00007fcafdb9d774:   00 4c 89 ef e8 d3 fd ff ff e9 6d ff ff ff 66 66
0x00007fcafdb9d784:   2e 0f 1f 84 00 00 00 00 00 0f 1f 00 55 48 89 e5
0x00007fcafdb9d794:   41 57 41 56 41 55 41 54 53 48 81 ec 08 02 00 00
0x00007fcafdb9d7a4:   64 48 8b 04 25 28 00 00 00 48 89 45 c8 8b 07 83
0x00007fcafdb9d7b4:   f8 02 0f 84 11 04 00 00 4c 8b 6f 18 49 89 ff 49
0x00007fcafdb9d7c4:   89 f4 4d 85 ed 74 14 4c 89 ef e8 5d 57 22 00 41
0x00007fcafdb9d7d4:   8b 07 83 f8 02 0f 84 19 04 00 00 48 8d 1d 9a 06
0x00007fcafdb9d7e4:   8a 00 4c 8d 35 0b 3c 58 00 eb 38 90 48 85 d2 7f
0x00007fcafdb9d7f4:   0d 48 8d 05 b4 c0 85 00 48 83 38 00 7e 0e 41 8b
0x00007fcafdb9d804:   77 2c 4c 89 f7 31 c0 e8 a0 b2 f7 ff 49 8b 7f 18 


Stack slot to memory mapping:
stack at sp + 0 slots: 0x00007fcadd518940 is pointing into the stack for thread: 0x00007fcaf80b21e0
stack at sp + 1 slots: 0x00007fcaf80b21e0 is a thread
stack at sp + 2 slots: 0x00007fcafc9b68c8 points into unknown readable memory: 0x65730018052dffff | ff ff 2d 05 18 00 73 65
stack at sp + 3 slots: 0x0000000800c417a0 is a pointer to class: 
jdk.vm.ci.services.Services {0x0000000800c417a0}
 - instance size:     2
 - klass size:        65
 - access:            public final synchronized 
 - state:             fully_initialized
 - name:              'jdk/vm/ci/services/Services'
 - super:             'java/lang/Object'
 - sub:               
 - arrays:            NULL
 - methods:           Array<T>(0x00007fcaddc44680)
 - method ordering:   Array<T>(0x0000000800928960)
 - default_methods:   Array<T>(0x0000000000000000)
 - local interfaces:  Array<T>(0x00000008005ce810)
 - trans. interfaces: Array<T>(0x00000008005ce810)
 - constants:         constant pool [427] {0x00007fcaddc43760} for 'jdk/vm/ci/services/Services' cache=0x00007fcaddc45950
 - class loader data:  loader data: 0x00007fcaf80283f0 of 'bootstrap'
 - source file:       'Services.java'
 - class annotations:       Array<T>(0x0000000000000000)
 - class type annotations:  Array<T>(0x0000000000000000)
 - field annotations:       Array<T>(0x0000000000000000)
 - field type annotations:  Array<T>(0x0000000000000000)
 - inner classes:     Array<T>(0x00007fcaddc45920)
 - nest members:     Array<T>(0x00007fcaddc45940)
 - permitted subclasses:     Array<T>(0x00000008005ce7a0)
 - java mirror:       a 'java/lang/Class'{0x00000000e029f2d0} = 'jdk/vm/ci/services/Services'
 - vtable length      5  (start addr: 0x0000000800c41970)
 - itable length      2 (start addr: 0x0000000800c41998)
 - ---- static fields (3 words):
 - public static final 'IS_BUILDING_NATIVE_IMAGE' 'Z' @128 
 - public static final 'IS_IN_NATIVE_IMAGE' 'Z' @129 
 - private static volatile 'savedProperties' 'Ljava/util/Map;' @112 
 - static final 'JVMCI_ENABLED' 'Z' @130 
 - private static final 'servicesCache' 'Ljava/util/Map;' @116 
 - private static final 'MAX_UNICODE_IN_UTF8_LENGTH' 'I' @120 
 - private static final 'MAX_UTF8_PROPERTY_STRING_LENGTH' 'I' @124 
 - ---- non-static fields (0 words):
 - non-static oop maps: 
stack at sp + 4 slots: 0x00007fcadd518500 is pointing into the stack for thread: 0x00007fcaf80b21e0
stack at sp + 5 slots: 0x00007fcafdb692fe: <offset 0x000000000093e2fe> in /nix/store/gpxl5qgg8kicmcvivwmybwjlpf7wh20l-graalvm17-ce-22.3.0/lib/server/libjvm.so at 0x00007fcafd22b000
stack at sp + 6 slots: 0x00007fcadd5183e0 is pointing into the stack for thread: 0x00007fcaf80b21e0
stack at sp + 7 slots: 0x00007fcadd518440 is pointing into the stack for thread: 0x00007fcaf80b21e0


---------------  P R O C E S S  ---------------

Threads class SMR info:
_java_thread_list=0x00007fca800141d0, length=23, elements={
0x00007fcaf8026690, 0x00007fcaf80a64d0, 0x00007fcaf80a7910, 0x00007fcaf80ae050,
0x00007fcaf80af400, 0x00007fcaf80b07f0, 0x00007fcaf80b21e0, 0x00007fcaf80b36f0,
0x00007fcaf80b4750, 0x00007fcaf80dfe20, 0x00007fcaf8127f10, 0x00007fcaf82fd580,
0x00007fcaf83458b0, 0x00007fcaf83486c0, 0x00007fca8c02f7e0, 0x00007fca8c455740,
0x00007fca80000ff0, 0x00007fca8c6864e0, 0x00007fca8c6dae60, 0x00007fcaf836d340,
0x00007fcaf84308b0, 0x00007fca7c0144b0, 0x00007fca743151f0
}

Java Threads: ( => current thread )
  0x00007fcaf8026690 JavaThread "main" [_thread_blocked, id=6715, stack(0x00007fcafd046000,0x00007fcafd146000)]
  0x00007fcaf80a64d0 JavaThread "Reference Handler" daemon [_thread_blocked, id=6718, stack(0x00007fcafc05d000,0x00007fcafc15d000)]
  0x00007fcaf80a7910 JavaThread "Finalizer" daemon [_thread_blocked, id=6719, stack(0x00007fcaddb00000,0x00007fcaddc00000)]
  0x00007fcaf80ae050 JavaThread "Signal Dispatcher" daemon [_thread_blocked, id=6720, stack(0x00007fcadd71a000,0x00007fcadd81a000)]
  0x00007fcaf80af400 JavaThread "Service Thread" daemon [_thread_blocked, id=6721, stack(0x00007fcadd61a000,0x00007fcadd71a000)]
  0x00007fcaf80b07f0 JavaThread "Monitor Deflation Thread" daemon [_thread_blocked, id=6722, stack(0x00007fcadd51a000,0x00007fcadd61a000)]
=>0x00007fcaf80b21e0 JavaThread "JVMCI-native CompilerThread0" daemon [_thread_in_vm, id=6723, stack(0x00007fcadd31a000,0x00007fcadd51a000)]
  0x00007fcaf80b36f0 JavaThread "C1 CompilerThread0" daemon [_thread_blocked, id=6724, stack(0x00007fcadd11a000,0x00007fcadd31a000)]
  0x00007fcaf80b4750 JavaThread "Sweeper thread" daemon [_thread_blocked, id=6725, stack(0x00007fcadd01a000,0x00007fcadd11a000)]
  0x00007fcaf80dfe20 JavaThread "Common-Cleaner" daemon [_thread_blocked, id=6726, stack(0x00007fcadcf1a000,0x00007fcadd01a000)]
  0x00007fcaf8127f10 JavaThread "Notification Thread" daemon [_thread_blocked, id=6730, stack(0x00007fcadce1a000,0x00007fcadcf1a000)]
  0x00007fcaf82fd580 JavaThread "Active Thread: Equinox Container: 19d10d4e-e1a8-4f27-8c7c-3b13db536cfc" [_thread_blocked, id=6736, stack(0x00007fcadcb00000,0x00007fcadcc00000)]
  0x00007fcaf83458b0 JavaThread "Framework Event Dispatcher: Equinox Container: 19d10d4e-e1a8-4f27-8c7c-3b13db536cfc" daemon [_thread_blocked, id=6741, stack(0x00007fcadc900000,0x00007fcadca00000)]
  0x00007fcaf83486c0 JavaThread "Start Level: Equinox Container: 19d10d4e-e1a8-4f27-8c7c-3b13db536cfc" daemon [_thread_blocked, id=6742, stack(0x00007fcadc700000,0x00007fcadc800000)]
  0x00007fca8c02f7e0 JavaThread "SCR Component Actor" daemon [_thread_blocked, id=6743, stack(0x00007fcadc500000,0x00007fcadc600000)]
  0x00007fca8c455740 JavaThread "Worker-JM" [_thread_blocked, id=6745, stack(0x00007fcadc100000,0x00007fcadc200000)]
  0x00007fca80000ff0 JavaThread "Worker-2: Java indexing... " [_thread_blocked, id=6752, stack(0x00007fcaa4500000,0x00007fcaa4600000)]
  0x00007fca8c6864e0 JavaThread "Java indexing" daemon [_thread_blocked, id=6765, stack(0x00007fcaa4300000,0x00007fcaa4400000)]
  0x00007fca8c6dae60 JavaThread "Bundle File Closer" daemon [_thread_blocked, id=6772, stack(0x00007fcadc600000,0x00007fcadc700000)]
  0x00007fcaf836d340 JavaThread "pool-3-thread-1" [_thread_blocked, id=6785, stack(0x00007fcaa4100000,0x00007fcaa4200000)]
  0x00007fcaf84308b0 JavaThread "pool-2-thread-1" [_thread_in_native, id=6786, stack(0x00007fcadc300000,0x00007fcadc400000)]
  0x00007fca7c0144b0 JavaThread "Worker-3: Compacting resource model" [_thread_blocked, id=6787, stack(0x00007fcaa3f00000,0x00007fcaa4000000)]
  0x00007fca743151f0 JavaThread "Worker-4: Periodic workspace save." [_thread_blocked, id=6801, stack(0x00007fcadc800000,0x00007fcadc900000)]

Other Threads:
  0x00007fcaf80a1c10 VMThread "VM Thread" [stack: 0x00007fcafc15f000,0x00007fcafc25f000] [id=6717] _threads_hazard_ptr=0x00007fca800141d0
  0x00007fcaf81298b0 WatcherThread [stack: 0x00007fcadcd1a000,0x00007fcadce1a000] [id=6731]
  0x00007fcaf803df30 GCTaskThread "GC Thread#0" [stack: 0x00007fcafcc09000,0x00007fcafcd09000] [id=6716]

Threads with active compile tasks:
JVMCI-native CompilerThread0  1032943 7427       4       java.util.concurrent.ConcurrentHashMap::get (162 bytes)

VM state: synchronizing (normal execution)

VM Mutex/Monitor currently owned by a thread:  ([mutex/lock_event])
[0x00007fcaf8023840] Threads_lock - owner thread: 0x00007fcaf80a1c10
[0x00007fcaf8023ff0] Heap_lock - owner thread: 0x00007fca8c6864e0

OutOfMemory and StackOverflow Exception counts:
OutOfMemoryError java_heap_errors=2
LinkageErrors=65

Heap address: 0x00000000e0000000, size: 512 MB, Compressed Oops mode: 32-bit

CDS archive(s) mapped at: [0x0000000800000000-0x0000000800bc8000-0x0000000800bc8000), size 12353536, SharedBaseAddress: 0x0000000800000000, ArchiveRelocationMode: 0.
Compressed class space mapped at: 0x0000000800c00000-0x0000000840c00000, reserved size: 1073741824
Narrow klass base: 0x0000000800000000, Narrow klass shift: 0, Narrow klass range: 0x100000000

GC Precious Log:
 CPUs: 8 total, 1 available
 Memory: 1024M
 Large Page Support: Disabled
 NUMA Support: Disabled
 Compressed Oops: Enabled (32-bit)
 Alignments: Space 512K, Generation 512K, Heap 2M
 Heap Min Capacity: 100M
 Heap Initial Capacity: 100M
 Heap Max Capacity: 512M
 Pre-touch: Disabled
 Parallel Workers: 1

Heap:
 PSYoungGen      total 37888K, used 27647K [0x00000000f5580000, 0x00000000f8980000, 0x0000000100000000)
  eden space 27648K, 99% used [0x00000000f5580000,0x00000000f707fff0,0x00000000f7080000)
  from space 10240K, 0% used [0x00000000f7f80000,0x00000000f7f80000,0x00000000f8980000)
  to   space 11776K, 0% used [0x00000000f7080000,0x00000000f7080000,0x00000000f7c00000)
 ParOldGen       total 349696K, used 349694K [0x00000000e0000000, 0x00000000f5580000, 0x00000000f5580000)
  object space 349696K, 99% used [0x00000000e0000000,0x00000000f557f820,0x00000000f5580000)
 Metaspace       used 52219K, committed 53248K, reserved 1097728K
  class space    used 5176K, committed 5632K, reserved 1048576K

Card table byte_map: [0x00007fcafcd09000,0x00007fcafce0a000] _byte_map_base: 0x00007fcafc609000

Marking Bits: (ParMarkBitMap*) 0x00007fcafe4594c0
 Begin Bits: [0x00007fcade4b3000, 0x00007fcadecb3000)
 End Bits:   [0x00007fcadecb3000, 0x00007fcadf4b3000)

Polling page: 0x00007fcafd023000

Metaspace:

Usage:
  Non-class:     45.94 MB used.
      Class:      5.06 MB used.
       Both:     51.00 MB used.

Virtual space:
  Non-class space:       48.00 MB reserved,      46.50 MB ( 97%) committed,  6 nodes.
      Class space:        1.00 GB reserved,       5.50 MB ( <1%) committed,  1 nodes.
             Both:        1.05 GB reserved,      52.00 MB (  5%) committed. 

Chunk freelists:
   Non-Class:  1.64 MB
       Class:  2.58 MB
        Both:  4.22 MB

MaxMetaspaceSize: unlimited
CompressedClassSpaceSize: 1.00 GB
Initial GC threshold: 21.00 MB
Current GC threshold: 86.69 MB
CDS: on
MetaspaceReclaimPolicy: balanced
 - commit_granule_bytes: 65536.
 - commit_granule_words: 8192.
 - virtual_space_node_default_size: 1048576.
 - enlarge_chunks_in_place: 1.
 - new_chunks_are_fully_committed: 0.
 - uncommit_free_chunks: 1.
 - use_allocation_guard: 0.
 - handle_deallocations: 1.


Internal statistics:

num_allocs_failed_limit: 6.
num_arena_births: 448.
num_arena_deaths: 132.
num_vsnodes_births: 7.
num_vsnodes_deaths: 0.
num_space_committed: 831.
num_space_uncommitted: 0.
num_chunks_returned_to_freelist: 184.
num_chunks_taken_from_freelist: 2699.
num_chunk_merges: 80.
num_chunk_splits: 1716.
num_chunks_enlarged: 1035.
num_purges: 2.
num_inconsistent_stats: 0.

CodeHeap 'non-profiled nmethods': size=120036Kb used=2350Kb max_used=2350Kb free=117685Kb
 bounds [0x00007fcae6f7a000, 0x00007fcae71ea000, 0x00007fcaee4b3000]
CodeHeap 'profiled nmethods': size=120032Kb used=13411Kb max_used=13411Kb free=106620Kb
 bounds [0x00007fcadfa42000, 0x00007fcae0762000, 0x00007fcae6f7a000]
CodeHeap 'non-nmethods': size=5692Kb used=1335Kb max_used=1358Kb free=4356Kb
 bounds [0x00007fcadf4b3000, 0x00007fcadf723000, 0x00007fcadfa42000]
 total_blobs=6494 nmethods=5827 adapters=580
 compilation: enabled
              stopped_count=0, restarted_count=0
 full_count=0

JVMCI Events (20 events):
Event: 234.407 Thread 0x00007fcaf80b21e0 detached from JVMCI runtime 0
Event: 648.374 Thread 0x00007fcaf80b21e0 attached to JVMCI runtime 0
Event: 648.376 Thread 0x00007fcaf80b21e0 created JavaVM[3]@0x00007fcaa359e340 for JVMCI runtime 0
Event: 649.863 Thread 0x00007fcaf80b21e0 initializing JVMCI runtime 0
Event: 649.863 Thread 0x00007fcaf80b21e0 done waiting for JavaVM references initialization in JVMCI runtime 0
Event: 720.585 Thread 0x00007fcaf80b21e0 initialized JVMCI runtime 0
Event: 725.316 Thread 0x00007fcaf80b21e0 compacted oop handles in JVMCI runtime 0 from 55 to 53
Event: 725.325 Thread 0x00007fcaf80b21e0 compacted oop handles in JVMCI runtime 0 from 60 to 58
Event: 725.333 Thread 0x00007fcaf80b21e0 compacted oop handles in JVMCI runtime 0 from 61 to 59
Event: 726.986 Thread 0x00007fcaf80b21e0 detaching from JVMCI runtime 0: releasing idle compiler thread (0 other threads still attached)
Event: 726.986 Thread 0x00007fcaf80b21e0 shutting down HotSpotJVMCIRuntime for JVMCI runtime 0
Event: 726.986 Thread 0x00007fcaf80b21e0 shut down JVMCI runtime 0
Event: 726.987 Thread 0x00007fcaf80b21e0 destroyed JavaVM[3]@0x00007fcaa359e340 for JVMCI runtime 0
Event: 726.987 Thread 0x00007fcaf80b21e0 compacted oop handles in JVMCI runtime 0 from 59 to 59
Event: 726.987 Thread 0x00007fcaf80b21e0 releasing handles for JVMCI runtime 0: oop handles=59, metadata handles={total=110, live=106, blocks=27}
Event: 726.987 Thread 0x00007fcaf80b21e0 detached from JVMCI runtime 0
Event: 1008.583 Thread 0x00007fcaf80b21e0 attached to JVMCI runtime 0
Event: 1008.584 Thread 0x00007fcaf80b21e0 created JavaVM[4]@0x00007fcaa359e340 for JVMCI runtime 0
Event: 1010.063 Thread 0x00007fcaf80b21e0 initializing JVMCI runtime 0
Event: 1010.063 Thread 0x00007fcaf80b21e0 done waiting for JavaVM references initialization in JVMCI runtime 0

Compilation events (20 events):
Event: 725.325 Thread 0x00007fcaf80b21e0 nmethod 7416 0x00007fcae71c4e10 code [0x00007fcae71c4fa0, 0x00007fcae71c5070]
Event: 725.325 Thread 0x00007fcaf80b21e0 7414   !   4       java.nio.DirectIntBufferU::get (34 bytes)
Event: 725.333 Thread 0x00007fcaf80b21e0 nmethod 7414 0x00007fcae71c5190 code [0x00007fcae71c5300, 0x00007fcae71c53a8]
Event: 813.948 Thread 0x00007fcaf80b36f0 7418  s    3       java.io.BufferedOutputStream::write (67 bytes)
Event: 821.142 Thread 0x00007fcaf80b36f0 nmethod 7418 0x00007fcae0758710 code [0x00007fcae0758920, 0x00007fcae0759490]
Event: 821.142 Thread 0x00007fcaf80b36f0 7419  s    3       java.lang.StringBuffer::append (13 bytes)
Event: 821.142 Thread 0x00007fcaf80b36f0 nmethod 7419 0x00007fcae0759690 code [0x00007fcae0759840, 0x00007fcae0759a40]
Event: 836.962 Thread 0x00007fcaf80b36f0 7420       3       java.util.concurrent.ThreadPoolExecutor::isShutdown (12 bytes)
Event: 836.962 Thread 0x00007fcaf80b36f0 nmethod 7420 0x00007fcae0759b10 code [0x00007fcae0759cc0, 0x00007fcae0759eb0]
Event: 841.270 Thread 0x00007fcaf80b36f0 7421       3       java.util.concurrent.ScheduledThreadPoolExecutor::canRunInCurrentRunState (61 bytes)
Event: 841.270 Thread 0x00007fcaf80b36f0 nmethod 7421 0x00007fcae0759f90 code [0x00007fcae075a1a0, 0x00007fcae075ac40]
Event: 847.161 Thread 0x00007fcaf80b36f0 7422       3       java.io.DataOutputStream::writeInt (62 bytes)
Event: 847.162 Thread 0x00007fcaf80b36f0 nmethod 7422 0x00007fcae075ae90 code [0x00007fcae075b060, 0x00007fcae075b500]
Event: 870.888 Thread 0x00007fcaf80b36f0 7423       3       org.eclipse.jdt.internal.core.JavaModelManager$VariablesAndContainersSaveHelper::saveInt (9 bytes)
Event: 873.935 Thread 0x00007fcaf80b36f0 nmethod 7423 0x00007fcae075b690 code [0x00007fcae075b840, 0x00007fcae075b980]
Event: 873.935 Thread 0x00007fcaf80b36f0 7424       1       org.eclipse.jdt.internal.compiler.util.HashtableOfObjectToInt::size (5 bytes)
Event: 873.935 Thread 0x00007fcaf80b36f0 nmethod 7424 0x00007fcae71c5490 code [0x00007fcae71c5620, 0x00007fcae71c56f0]
Event: 902.373 Thread 0x00007fcaf80b36f0 7425       3       org.eclipse.jdt.internal.compiler.util.HashtableOfObjectToInt::get (59 bytes)
Event: 903.866 Thread 0x00007fcaf80b36f0 nmethod 7425 0x00007fcae075ba90 code [0x00007fcae075bc80, 0x00007fcae075c3f0]
Event: 1008.583 Thread 0x00007fcaf80b21e0 7427       4       java.util.concurrent.ConcurrentHashMap::get (162 bytes)

GC Heap History (20 events):
Event: 1017.359 GC heap before
{Heap before GC invocations=751 (full 618):
 PSYoungGen      total 37888K, used 27647K [0x00000000f5580000, 0x00000000f8980000, 0x0000000100000000)
  eden space 27648K, 99% used [0x00000000f5580000,0x00000000f707fff0,0x00000000f7080000)
  from space 10240K, 0% used [0x00000000f7f80000,0x00000000f7f80000,0x00000000f8980000)
  to   space 11776K, 0% used [0x00000000f7080000,0x00000000f7080000,0x00000000f7c00000)
 ParOldGen       total 349696K, used 349695K [0x00000000e0000000, 0x00000000f5580000, 0x00000000f5580000)
  object space 349696K, 99% used [0x00000000e0000000,0x00000000f557fd80,0x00000000f5580000)
 Metaspace       used 52219K, committed 53248K, reserved 1097728K
  class space    used 5176K, committed 5632K, reserved 1048576K
}
Event: 1018.770 GC heap after
{Heap after GC invocations=751 (full 618):
 PSYoungGen      total 39424K, used 27647K [0x00000000f5580000, 0x00000000f8980000, 0x0000000100000000)
  eden space 27648K, 99% used [0x00000000f5580000,0x00000000f707ffd0,0x00000000f7080000)
  from space 11776K, 0% used [0x00000000f7080000,0x00000000f7080000,0x00000000f7c00000)
  to   space 10240K, 0% used [0x00000000f7f80000,0x00000000f7f80000,0x00000000f8980000)
 ParOldGen       total 349696K, used 349695K [0x00000000e0000000, 0x00000000f5580000, 0x00000000f5580000)
  object space 349696K, 99% used [0x00000000e0000000,0x00000000f557fd80,0x00000000f5580000)
 Metaspace       used 52219K, committed 53248K, reserved 1097728K
  class space    used 5176K, committed 5632K, reserved 1048576K
}
Event: 1018.770 GC heap before
{Heap before GC invocations=752 (full 619):
 PSYoungGen      total 39424K, used 27647K [0x00000000f5580000, 0x00000000f8980000, 0x0000000100000000)
  eden space 27648K, 99% used [0x00000000f5580000,0x00000000f707fff0,0x00000000f7080000)
  from space 11776K, 0% used [0x00000000f7080000,0x00000000f7080000,0x00000000f7c00000)
  to   space 10240K, 0% used [0x00000000f7f80000,0x00000000f7f80000,0x00000000f8980000)
 ParOldGen       total 349696K, used 349695K [0x00000000e0000000, 0x00000000f5580000, 0x00000000f5580000)
  object space 349696K, 99% used [0x00000000e0000000,0x00000000f557fd80,0x00000000f5580000)
 Metaspace       used 52219K, committed 53248K, reserved 1097728K
  class space    used 5176K, committed 5632K, reserved 1048576K
}
Event: 1020.293 GC heap after
{Heap after GC invocations=752 (full 619):
 PSYoungGen      total 37888K, used 27647K [0x00000000f5580000, 0x00000000f8980000, 0x0000000100000000)
  eden space 27648K, 99% used [0x00000000f5580000,0x00000000f707ffb8,0x00000000f7080000)
  from space 10240K, 0% used [0x00000000f7f80000,0x00000000f7f80000,0x00000000f8980000)
  to   space 11776K, 0% used [0x00000000f7080000,0x00000000f7080000,0x00000000f7c00000)
 ParOldGen       total 349696K, used 349695K [0x00000000e0000000, 0x00000000f5580000, 0x00000000f5580000)
  object space 349696K, 99% used [0x00000000e0000000,0x00000000f557fd60,0x00000000f5580000)
 Metaspace       used 52219K, committed 53248K, reserved 1097728K
  class space    used 5176K, committed 5632K, reserved 1048576K
}
Event: 1020.334 GC heap before
{Heap before GC invocations=753 (full 620):
 PSYoungGen      total 37888K, used 27648K [0x00000000f5580000, 0x00000000f8980000, 0x0000000100000000)
  eden space 27648K, 100% used [0x00000000f5580000,0x00000000f7080000,0x00000000f7080000)
  from space 10240K, 0% used [0x00000000f7f80000,0x00000000f7f80000,0x00000000f8980000)
  to   space 11776K, 0% used [0x00000000f7080000,0x00000000f7080000,0x00000000f7c00000)
 ParOldGen       total 349696K, used 349695K [0x00000000e0000000, 0x00000000f5580000, 0x00000000f5580000)
  object space 349696K, 99% used [0x00000000e0000000,0x00000000f557fd60,0x00000000f5580000)
 Metaspace       used 52219K, committed 53248K, reserved 1097728K
  class space    used 5176K, committed 5632K, reserved 1048576K
}
Event: 1021.844 GC heap after
{Heap after GC invocations=753 (full 620):
 PSYoungGen      total 39424K, used 27648K [0x00000000f5580000, 0x00000000f8980000, 0x0000000100000000)
  eden space 27648K, 100% used [0x00000000f5580000,0x00000000f7080000,0x00000000f7080000)
  from space 11776K, 0% used [0x00000000f7080000,0x00000000f7080000,0x00000000f7c00000)
  to   space 10240K, 0% used [0x00000000f7f80000,0x00000000f7f80000,0x00000000f8980000)
 ParOldGen       total 349696K, used 349695K [0x00000000e0000000, 0x00000000f5580000, 0x00000000f5580000)
  object space 349696K, 99% used [0x00000000e0000000,0x00000000f557fd60,0x00000000f5580000)
 Metaspace       used 52219K, committed 53248K, reserved 1097728K
  class space    used 5176K, committed 5632K, reserved 1048576K
}
Event: 1021.846 GC heap before
{Heap before GC invocations=754 (full 621):
 PSYoungGen      total 39424K, used 27648K [0x00000000f5580000, 0x00000000f8980000, 0x0000000100000000)
  eden space 27648K, 100% used [0x00000000f5580000,0x00000000f7080000,0x00000000f7080000)
  from space 11776K, 0% used [0x00000000f7080000,0x00000000f7080000,0x00000000f7c00000)
  to   space 10240K, 0% used [0x00000000f7f80000,0x00000000f7f80000,0x00000000f8980000)
 ParOldGen       total 349696K, used 349695K [0x00000000e0000000, 0x00000000f5580000, 0x00000000f5580000)
  object space 349696K, 99% used [0x00000000e0000000,0x00000000f557ff80,0x00000000f5580000)
 Metaspace       used 52219K, committed 53248K, reserved 1097728K
  class space    used 5176K, committed 5632K, reserved 1048576K
}
Event: 1023.392 GC heap after
{Heap after GC invocations=754 (full 621):
 PSYoungGen      total 37888K, used 27647K [0x00000000f5580000, 0x00000000f8980000, 0x0000000100000000)
  eden space 27648K, 99% used [0x00000000f5580000,0x00000000f707ffe0,0x00000000f7080000)
  from space 10240K, 0% used [0x00000000f7f80000,0x00000000f7f80000,0x00000000f8980000)
  to   space 11776K, 0% used [0x00000000f7080000,0x00000000f7080000,0x00000000f7c00000)
 ParOldGen       total 349696K, used 349695K [0x00000000e0000000, 0x00000000f5580000, 0x00000000f5580000)
  object space 349696K, 99% used [0x00000000e0000000,0x00000000f557fdc8,0x00000000f5580000)
 Metaspace       used 52219K, committed 53248K, reserved 1097728K
  class space    used 5176K, committed 5632K, reserved 1048576K
}
Event: 1023.392 GC heap before
{Heap before GC invocations=755 (full 622):
 PSYoungGen      total 37888K, used 27647K [0x00000000f5580000, 0x00000000f8980000, 0x0000000100000000)
  eden space 27648K, 99% used [0x00000000f5580000,0x00000000f707fff8,0x00000000f7080000)
  from space 10240K, 0% used [0x00000000f7f80000,0x00000000f7f80000,0x00000000f8980000)
  to   space 11776K, 0% used [0x00000000f7080000,0x00000000f7080000,0x00000000f7c00000)
 ParOldGen       total 349696K, used 349695K [0x00000000e0000000, 0x00000000f5580000, 0x00000000f5580000)
  object space 349696K, 99% used [0x00000000e0000000,0x00000000f557fff8,0x00000000f5580000)
 Metaspace       used 52219K, committed 53248K, reserved 1097728K
  class space    used 5176K, committed 5632K, reserved 1048576K
}
Event: 1024.970 GC heap after
{Heap after GC invocations=755 (full 622):
 PSYoungGen      total 39424K, used 27647K [0x00000000f5580000, 0x00000000f8980000, 0x0000000100000000)
  eden space 27648K, 99% used [0x00000000f5580000,0x00000000f707ffc8,0x00000000f7080000)
  from space 11776K, 0% used [0x00000000f7080000,0x00000000f7080000,0x00000000f7c00000)
  to   space 10240K, 0% used [0x00000000f7f80000,0x00000000f7f80000,0x00000000f8980000)
 ParOldGen       total 349696K, used 349695K [0x00000000e0000000, 0x00000000f5580000, 0x00000000f5580000)
  object space 349696K, 99% used [0x00000000e0000000,0x00000000f557ff08,0x00000000f5580000)
 Metaspace       used 52219K, committed 53248K, reserved 1097728K
  class space    used 5176K, committed 5632K, reserved 1048576K
}
Event: 1024.971 GC heap before
{Heap before GC invocations=756 (full 623):
 PSYoungGen      total 39424K, used 27647K [0x00000000f5580000, 0x00000000f8980000, 0x0000000100000000)
  eden space 27648K, 99% used [0x00000000f5580000,0x00000000f707fff8,0x00000000f7080000)
  from space 11776K, 0% used [0x00000000f7080000,0x00000000f7080000,0x00000000f7c00000)
  to   space 10240K, 0% used [0x00000000f7f80000,0x00000000f7f80000,0x00000000f8980000)
 ParOldGen       total 349696K, used 349695K [0x00000000e0000000, 0x00000000f5580000, 0x00000000f5580000)
  object space 349696K, 99% used [0x00000000e0000000,0x00000000f557ff08,0x00000000f5580000)
 Metaspace       used 52219K, committed 53248K, reserved 1097728K
  class space    used 5176K, committed 5632K, reserved 1048576K
}
Event: 1026.472 GC heap after
{Heap after GC invocations=756 (full 623):
 PSYoungGen      total 37888K, used 27647K [0x00000000f5580000, 0x00000000f8980000, 0x0000000100000000)
  eden space 27648K, 99% used [0x00000000f5580000,0x00000000f707fff8,0x00000000f7080000)
  from space 10240K, 0% used [0x00000000f7f80000,0x00000000f7f80000,0x00000000f8980000)
  to   space 11776K, 0% used [0x00000000f7080000,0x00000000f7080000,0x00000000f7c00000)
 ParOldGen       total 349696K, used 349695K [0x00000000e0000000, 0x00000000f5580000, 0x00000000f5580000)
  object space 349696K, 99% used [0x00000000e0000000,0x00000000f557fee8,0x00000000f5580000)
 Metaspace       used 52219K, committed 53248K, reserved 1097728K
  class space    used 5176K, committed 5632K, reserved 1048576K
}
Event: 1026.472 GC heap before
{Heap before GC invocations=757 (full 624):
 PSYoungGen      total 37888K, used 27647K [0x00000000f5580000, 0x00000000f8980000, 0x0000000100000000)
  eden space 27648K, 99% used [0x00000000f5580000,0x00000000f707fff8,0x00000000f7080000)
  from space 10240K, 0% used [0x00000000f7f80000,0x00000000f7f80000,0x00000000f8980000)
  to   space 11776K, 0% used [0x00000000f7080000,0x00000000f7080000,0x00000000f7c00000)
 ParOldGen       total 349696K, used 349695K [0x00000000e0000000, 0x00000000f5580000, 0x00000000f5580000)
  object space 349696K, 99% used [0x00000000e0000000,0x00000000f557ffd8,0x00000000f5580000)
 Metaspace       used 52219K, committed 53248K, reserved 1097728K
  class space    used 5176K, committed 5632K, reserved 1048576K
}
Event: 1028.062 GC heap after
{Heap after GC invocations=757 (full 624):
 PSYoungGen      total 39424K, used 27647K [0x00000000f5580000, 0x00000000f8980000, 0x0000000100000000)
  eden space 27648K, 99% used [0x00000000f5580000,0x00000000f707ff88,0x00000000f7080000)
  from space 11776K, 0% used [0x00000000f7080000,0x00000000f7080000,0x00000000f7c00000)
  to   space 10240K, 0% used [0x00000000f7f80000,0x00000000f7f80000,0x00000000f8980000)
 ParOldGen       total 349696K, used 349695K [0x00000000e0000000, 0x00000000f5580000, 0x00000000f5580000)
  object space 349696K, 99% used [0x00000000e0000000,0x00000000f557fe98,0x00000000f5580000)
 Metaspace       used 52219K, committed 53248K, reserved 1097728K
  class space    used 5176K, committed 5632K, reserved 1048576K
}
Event: 1028.063 GC heap before
{Heap before GC invocations=758 (full 625):
 PSYoungGen      total 39424K, used 27648K [0x00000000f5580000, 0x00000000f8980000, 0x0000000100000000)
  eden space 27648K, 100% used [0x00000000f5580000,0x00000000f7080000,0x00000000f7080000)
  from space 11776K, 0% used [0x00000000f7080000,0x00000000f7080000,0x00000000f7c00000)
  to   space 10240K, 0% used [0x00000000f7f80000,0x00000000f7f80000,0x00000000f8980000)
 ParOldGen       total 349696K, used 349695K [0x00000000e0000000, 0x00000000f5580000, 0x00000000f5580000)
  object space 349696K, 99% used [0x00000000e0000000,0x00000000f557fe98,0x00000000f5580000)
 Metaspace       used 52219K, committed 53248K, reserved 1097728K
  class space    used 5176K, committed 5632K, reserved 1048576K
}
Event: 1029.682 GC heap after
{Heap after GC invocations=758 (full 625):
 PSYoungGen      total 37888K, used 27648K [0x00000000f5580000, 0x00000000f8980000, 0x0000000100000000)
  eden space 27648K, 100% used [0x00000000f5580000,0x00000000f7080000,0x00000000f7080000)
  from space 10240K, 0% used [0x00000000f7f80000,0x00000000f7f80000,0x00000000f8980000)
  to   space 11776K, 0% used [0x00000000f7080000,0x00000000f7080000,0x00000000f7c00000)
 ParOldGen       total 349696K, used 349693K [0x00000000e0000000, 0x00000000f5580000, 0x00000000f5580000)
  object space 349696K, 99% used [0x00000000e0000000,0x00000000f557f750,0x00000000f5580000)
 Metaspace       used 52219K, committed 53248K, reserved 1097728K
  class space    used 5176K, committed 5632K, reserved 1048576K
}
Event: 1029.687 GC heap before
{Heap before GC invocations=759 (full 626):
 PSYoungGen      total 37888K, used 27648K [0x00000000f5580000, 0x00000000f8980000, 0x0000000100000000)
  eden space 27648K, 100% used [0x00000000f5580000,0x00000000f7080000,0x00000000f7080000)
  from space 10240K, 0% used [0x00000000f7f80000,0x00000000f7f80000,0x00000000f8980000)
  to   space 11776K, 0% used [0x00000000f7080000,0x00000000f7080000,0x00000000f7c00000)
 ParOldGen       total 349696K, used 349694K [0x00000000e0000000, 0x00000000f5580000, 0x00000000f5580000)
  object space 349696K, 99% used [0x00000000e0000000,0x00000000f557faf8,0x00000000f5580000)
 Metaspace       used 52219K, committed 53248K, reserved 1097728K
  class space    used 5176K, committed 5632K, reserved 1048576K
}
Event: 1031.276 GC heap after
{Heap after GC invocations=759 (full 626):
 PSYoungGen      total 39424K, used 27647K [0x00000000f5580000, 0x00000000f8980000, 0x0000000100000000)
  eden space 27648K, 99% used [0x00000000f5580000,0x00000000f707ff18,0x00000000f7080000)
  from space 11776K, 0% used [0x00000000f7080000,0x00000000f7080000,0x00000000f7c00000)
  to   space 10240K, 0% used [0x00000000f7f80000,0x00000000f7f80000,0x00000000f8980000)
 ParOldGen       total 349696K, used 349693K [0x00000000e0000000, 0x00000000f5580000, 0x00000000f5580000)
  object space 349696K, 99% used [0x00000000e0000000,0x00000000f557f5e0,0x00000000f5580000)
 Metaspace       used 52219K, committed 53248K, reserved 1097728K
  class space    used 5176K, committed 5632K, reserved 1048576K
}
Event: 1031.277 GC heap before
{Heap before GC invocations=760 (full 627):
 PSYoungGen      total 39424K, used 27647K [0x00000000f5580000, 0x00000000f8980000, 0x0000000100000000)
  eden space 27648K, 99% used [0x00000000f5580000,0x00000000f707ff18,0x00000000f7080000)
  from space 11776K, 0% used [0x00000000f7080000,0x00000000f7080000,0x00000000f7c00000)
  to   space 10240K, 0% used [0x00000000f7f80000,0x00000000f7f80000,0x00000000f8980000)
 ParOldGen       total 349696K, used 349693K [0x00000000e0000000, 0x00000000f5580000, 0x00000000f5580000)
  object space 349696K, 99% used [0x00000000e0000000,0x00000000f557f5e0,0x00000000f5580000)
 Metaspace       used 52219K, committed 53248K, reserved 1097728K
  class space    used 5176K, committed 5632K, reserved 1048576K
}
Event: 1032.861 GC heap after
{Heap after GC invocations=760 (full 627):
 PSYoungGen      total 37888K, used 27647K [0x00000000f5580000, 0x00000000f8980000, 0x0000000100000000)
  eden space 27648K, 99% used [0x00000000f5580000,0x00000000f707ff18,0x00000000f7080000)
  from space 10240K, 0% used [0x00000000f7f80000,0x00000000f7f80000,0x00000000f8980000)
  to   space 11776K, 0% used [0x00000000f7080000,0x00000000f7080000,0x00000000f7c00000)
 ParOldGen       total 349696K, used 349693K [0x00000000e0000000, 0x00000000f5580000, 0x00000000f5580000)
  object space 349696K, 99% used [0x00000000e0000000,0x00000000f557f5e0,0x00000000f5580000)
 Metaspace       used 52219K, committed 53248K, reserved 1097728K
  class space    used 5176K, committed 5632K, reserved 1048576K
}

Dll operation events (8 events):
Event: 0.002 Loaded shared library /nix/store/gpxl5qgg8kicmcvivwmybwjlpf7wh20l-graalvm17-ce-22.3.0/lib/libjava.so
Event: 0.009 Loaded shared library /nix/store/gpxl5qgg8kicmcvivwmybwjlpf7wh20l-graalvm17-ce-22.3.0/lib/libjsvml.so
Event: 0.157 Loaded shared library /nix/store/gpxl5qgg8kicmcvivwmybwjlpf7wh20l-graalvm17-ce-22.3.0/lib/libnio.so
Event: 0.236 Loaded shared library /nix/store/gpxl5qgg8kicmcvivwmybwjlpf7wh20l-graalvm17-ce-22.3.0/lib/libzip.so
Event: 0.240 Loaded shared library /nix/store/gpxl5qgg8kicmcvivwmybwjlpf7wh20l-graalvm17-ce-22.3.0/lib/libjvmcicompiler.so
Event: 0.561 Loaded shared library /nix/store/gpxl5qgg8kicmcvivwmybwjlpf7wh20l-graalvm17-ce-22.3.0/lib/libjimage.so
Event: 2.337 Loaded shared library /nix/store/gpxl5qgg8kicmcvivwmybwjlpf7wh20l-graalvm17-ce-22.3.0/lib/libnet.so
Event: 3.572 Loaded shared library /home/runner/.cache/jdt-language-server/config/org.eclipse.equinox.launcher/org.eclipse.equinox.launcher.gtk.linux.x86_64_1.2.400.v20211117-0650/eclipse_11600.so

Deoptimization events (20 events):
Event: 62.351 Thread 0x00007fca8c6864e0 DEOPT PACKING pc=0x00007fcadfc99bdd sp=0x00007fcaa43fe530
Event: 62.351 Thread 0x00007fca8c6864e0 DEOPT UNPACKING pc=0x00007fcadf505325 sp=0x00007fcaa43fda20 mode 0
Event: 62.352 Thread 0x00007fca8c6864e0 DEOPT PACKING pc=0x00007fcadfc99bdd sp=0x00007fcaa43fe530
Event: 62.352 Thread 0x00007fca8c6864e0 DEOPT UNPACKING pc=0x00007fcadf505325 sp=0x00007fcaa43fda20 mode 0
Event: 62.435 Thread 0x00007fca8c6864e0 DEOPT PACKING pc=0x00007fcadfc99bdd sp=0x00007fcaa43fe530
Event: 62.435 Thread 0x00007fca8c6864e0 DEOPT UNPACKING pc=0x00007fcadf505325 sp=0x00007fcaa43fda20 mode 0
Event: 62.441 Thread 0x00007fca8c6864e0 DEOPT PACKING pc=0x00007fcadfc99bdd sp=0x00007fcaa43fe530
Event: 62.441 Thread 0x00007fca8c6864e0 DEOPT UNPACKING pc=0x00007fcadf505325 sp=0x00007fcaa43fda20 mode 0
Event: 62.447 Thread 0x00007fca8c6864e0 DEOPT PACKING pc=0x00007fcadfc99bdd sp=0x00007fcaa43fe530
Event: 62.447 Thread 0x00007fca8c6864e0 DEOPT UNPACKING pc=0x00007fcadf505325 sp=0x00007fcaa43fda20 mode 0
Event: 62.450 Thread 0x00007fca8c6864e0 DEOPT PACKING pc=0x00007fcadfc99bdd sp=0x00007fcaa43fe530
Event: 62.450 Thread 0x00007fca8c6864e0 DEOPT UNPACKING pc=0x00007fcadf505325 sp=0x00007fcaa43fda20 mode 0
Event: 62.452 Thread 0x00007fca8c6864e0 DEOPT PACKING pc=0x00007fcadfc99bdd sp=0x00007fcaa43fe530
Event: 62.452 Thread 0x00007fca8c6864e0 DEOPT UNPACKING pc=0x00007fcadf505325 sp=0x00007fcaa43fda20 mode 0
Event: 62.453 Thread 0x00007fca8c6864e0 DEOPT PACKING pc=0x00007fcadfc99bdd sp=0x00007fcaa43fe530
Event: 62.453 Thread 0x00007fca8c6864e0 DEOPT UNPACKING pc=0x00007fcadf505325 sp=0x00007fcaa43fda20 mode 0
Event: 62.455 Thread 0x00007fca8c6864e0 DEOPT PACKING pc=0x00007fcadfc99bdd sp=0x00007fcaa43fe530
Event: 62.455 Thread 0x00007fca8c6864e0 DEOPT UNPACKING pc=0x00007fcadf505325 sp=0x00007fcaa43fda20 mode 0
Event: 62.456 Thread 0x00007fca8c6864e0 DEOPT PACKING pc=0x00007fcadfc99bdd sp=0x00007fcaa43fe530
Event: 62.456 Thread 0x00007fca8c6864e0 DEOPT UNPACKING pc=0x00007fcadf505325 sp=0x00007fcaa43fda20 mode 0

Classes unloaded (20 events):
Event: 74.471 Thread 0x00007fcaf80a1c10 Unloading class 0x0000000800d8d400 'java/lang/invoke/LambdaForm$MH+0x0000000800d8d400'
Event: 74.471 Thread 0x00007fcaf80a1c10 Unloading class 0x0000000800d8d000 'java/lang/invoke/LambdaForm$MH+0x0000000800d8d000'
Event: 74.471 Thread 0x00007fcaf80a1c10 Unloading class 0x0000000800d8cc00 'java/lang/invoke/LambdaForm$MH+0x0000000800d8cc00'
Event: 74.471 Thread 0x00007fcaf80a1c10 Unloading class 0x0000000800d8c800 'java/lang/invoke/LambdaForm$MH+0x0000000800d8c800'
Event: 74.471 Thread 0x00007fcaf80a1c10 Unloading class 0x0000000800d8c400 'java/lang/invoke/LambdaForm$MH+0x0000000800d8c400'
Event: 74.471 Thread 0x00007fcaf80a1c10 Unloading class 0x0000000800d8c000 'java/lang/invoke/LambdaForm$MH+0x0000000800d8c000'
Event: 74.471 Thread 0x00007fcaf80a1c10 Unloading class 0x0000000800cb2800 'java/lang/invoke/LambdaForm$MH+0x0000000800cb2800'
Event: 74.471 Thread 0x00007fcaf80a1c10 Unloading class 0x0000000800cb2000 'java/lang/invoke/LambdaForm$MH+0x0000000800cb2000'
Event: 74.471 Thread 0x00007fcaf80a1c10 Unloading class 0x0000000800cb1c00 'java/lang/invoke/LambdaForm$MH+0x0000000800cb1c00'
Event: 74.471 Thread 0x00007fcaf80a1c10 Unloading class 0x0000000800cb1800 'java/lang/invoke/LambdaForm$MH+0x0000000800cb1800'
Event: 74.471 Thread 0x00007fcaf80a1c10 Unloading class 0x0000000800cb1000 'java/lang/invoke/LambdaForm$MH+0x0000000800cb1000'
Event: 74.471 Thread 0x00007fcaf80a1c10 Unloading class 0x0000000800cb0c00 'java/lang/invoke/LambdaForm$MH+0x0000000800cb0c00'
Event: 74.471 Thread 0x00007fcaf80a1c10 Unloading class 0x0000000800cb0800 'java/lang/invoke/LambdaForm$MH+0x0000000800cb0800'
Event: 74.471 Thread 0x00007fcaf80a1c10 Unloading class 0x0000000800cb0000 'java/lang/invoke/LambdaForm$MH+0x0000000800cb0000'
Event: 74.471 Thread 0x00007fcaf80a1c10 Unloading class 0x0000000800c85000 'jdk/internal/reflect/GeneratedMethodAccessor5'
Event: 74.471 Thread 0x00007fcaf80a1c10 Unloading class 0x0000000800c84c00 'jdk/internal/reflect/GeneratedMethodAccessor4'
Event: 74.471 Thread 0x00007fcaf80a1c10 Unloading class 0x0000000800c84800 'jdk/internal/reflect/GeneratedMethodAccessor3'
Event: 74.471 Thread 0x00007fcaf80a1c10 Unloading class 0x0000000800c84400 'jdk/internal/reflect/GeneratedMethodAccessor2'
Event: 74.471 Thread 0x00007fcaf80a1c10 Unloading class 0x0000000800c84000 'jdk/internal/reflect/GeneratedMethodAccessor1'
Event: 74.471 Thread 0x00007fcaf80a1c10 Unloading class 0x0000000800c01c00 'java/lang/invoke/LambdaForm$DMH+0x0000000800c01c00'

Classes redefined (0 events):
No events

Internal exceptions (20 events):
Event: 25.437 Thread 0x00007fca8c4d52c0 Exception <a 'java/lang/NoSuchMethodError'{0x00000000f6314418}: 'java.lang.Object java.lang.invoke.DirectMethodHandle$Holder.invokeSpecial(java.lang.Object, java.lang.Object, java.lang.Object, int, java.lang.Object, java.lang.Object)'> (0x00000000f6314418) 
thrown [src/hotspot/share/interpreter/linkResolver.cpp, line 758]
Event: 26.135 Thread 0x00007fca841607e0 Implicit null exception at 0x00007fcae70b12a2 to 0x00007fcae70b1632
Event: 27.337 Thread 0x00007fca84161850 Implicit null exception at 0x00007fcae7077e69 to 0x00007fcae707801b
Event: 28.437 Thread 0x00007fcaf80b21e0 Exception <a 'java/lang/IllegalAccessError'{0x00000000f5a85140}: class java.util.jar.JarEntry tried to access method 'void java.util.zip.ZipEntry.setExtra0(byte[], boolean, boolean)' (java.util.jar.JarEntry and java.util.zip.ZipEntry are in module java.base of loader 'bootstrap')> (0x00000000f5a85140) 
thrown [src/hotspot/share/interpreter/linkResolver.cpp, line 586]
Event: 28.437 Thread 0x00007fcaf80b21e0 Exception <a 'java/lang/IllegalAccessError'{0x00000000f5a85510}: class java.util.jar.JarEntry tried to access method 'void java.util.zip.ZipEntry.setExtra0(byte[], boolean, boolean)' (java.util.jar.JarEntry and java.util.zip.ZipEntry are in module java.base of loader 'bootstrap')> (0x00000000f5a85510) 
thrown [src/hotspot/share/interpreter/linkResolver.cpp, line 586]
Event: 28.535 Thread 0x00007fca8c4d52c0 Exception <a 'java/lang/NoSuchMethodError'{0x00000000f5c6a520}: 'java.lang.Object java.lang.invoke.DirectMethodHandle$Holder.newInvokeSpecial(java.lang.Object, java.lang.Object, java.lang.Object, java.lang.Object, int)'> (0x00000000f5c6a520) 
thrown [src/hotspot/share/interpreter/linkResolver.cpp, line 758]
Event: 28.535 Thread 0x00007fca8c4d52c0 Exception <a 'java/lang/NoSuchMethodError'{0x00000000f5c6ea98}: 'java.lang.Object java.lang.invoke.DirectMethodHandle$Holder.invokeSpecial(java.lang.Object, java.lang.Object, java.lang.Object, java.lang.Object, java.lang.Object, int)'> (0x00000000f5c6ea98) 
thrown [src/hotspot/share/interpreter/linkResolver.cpp, line 758]
Event: 28.549 Thread 0x00007fca8c4d52c0 Exception <a 'java/lang/NoSuchMethodError'{0x00000000f5c72780}: 'java.lang.Object java.lang.invoke.Invokers$Holder.linkToTargetMethod(java.lang.Object, java.lang.Object, java.lang.Object, int, java.lang.Object)'> (0x00000000f5c72780) 
thrown [src/hotspot/share/interpreter/linkResolver.cpp, line 758]
Event: 30.178 Thread 0x00007fca8c4d52c0 Exception <a 'java/io/FileNotFoundException'{0x00000000f5a4f028}> (0x00000000f5a4f028) 
thrown [src/hotspot/share/prims/jni.cpp, line 516]
Event: 30.178 Thread 0x00007fca8c4d52c0 Exception <a 'java/io/FileNotFoundException'{0x00000000f5a50288}> (0x00000000f5a50288) 
thrown [src/hotspot/share/prims/jni.cpp, line 516]
Event: 31.542 Thread 0x00007fca841607e0 Exception <a 'java/lang/NoSuchMethodError'{0x00000000f5e645e8}: 'java.lang.Object java.lang.invoke.DirectMethodHandle$Holder.newInvokeSpecial(java.lang.Object, java.lang.Object, int, java.lang.Object, java.lang.Object, java.lang.Object, java.lang.Object)'> (0x00000000f5e645e8) 
thrown [src/hotspot/share/interpreter/linkResolver.cpp, line 758]
Event: 31.636 Thread 0x00007fca84161850 Exception <a 'java/lang/NoSuchMethodError'{0x00000000f566deb0}: 'void java.lang.invoke.DirectMethodHandle$Holder.invokeSpecial(java.lang.Object, java.lang.Object, int)'> (0x00000000f566deb0) 
thrown [src/hotspot/share/interpreter/linkResolver.cpp, line 758]
Event: 32.143 Thread 0x00007fca841607e0 Exception <a 'java/lang/NoSuchMethodError'{0x00000000f5c6d290}: 'int java.lang.invoke.DirectMethodHandle$Holder.invokeSpecial(java.lang.Object, java.lang.Object, java.lang.Object)'> (0x00000000f5c6d290) 
thrown [src/hotspot/share/interpreter/linkResolver.cpp, line 758]
Event: 33.235 Thread 0x00007fca841607e0 Exception <a 'java/lang/NoSuchMethodError'{0x00000000f5a4f3b8}: 'java.lang.Object java.lang.invoke.DirectMethodHandle$Holder.invokeStatic(java.lang.Object, int, java.lang.Object, java.lang.Object, java.lang.Object, java.lang.Object)'> (0x00000000f5a4f3b8) 
thrown [src/hotspot/share/interpreter/linkResolver.cpp, line 758]
Event: 33.236 Thread 0x00007fca841607e0 Exception <a 'java/lang/NoSuchMethodError'{0x00000000f5aa4208}: 'java.lang.Object java.lang.invoke.DirectMethodHandle$Holder.newInvokeSpecial(java.lang.Object, int, java.lang.Object, java.lang.Object, java.lang.Object)'> (0x00000000f5aa4208) 
thrown [src/hotspot/share/interpreter/linkResolver.cpp, line 758]
Event: 34.762 Thread 0x00007fca84161850 Exception <a 'java/lang/NoSuchMethodError'{0x00000000f56800f8}: 'int java.lang.invoke.DirectMethodHandle$Holder.invokeSpecialIFC(java.lang.Object, java.lang.Object, java.lang.Object, java.lang.Object)'> (0x00000000f56800f8) 
thrown [src/hotspot/share/interpreter/linkResolver.cpp, line 758]
Event: 43.563 Thread 0x00007fca8c6864e0 Implicit null exception at 0x00007fcae7132618 to 0x00007fcae7134164
Event: 51.736 Thread 0x00007fca8c6864e0 Implicit null exception at 0x00007fcae7167586 to 0x00007fcae716a075
Event: 1005.363 Thread 0x00007fca743151f0 Exception <a 'java/lang/OutOfMemoryError'{0x00000000e00bc540}> (0x00000000e00bc540) 
thrown [src/hotspot/share/gc/shared/memAllocator.cpp, line 136]
Event: 1032.862 Thread 0x00007fcaf80b21e0 Exception <a 'java/lang/OutOfMemoryError'{0x00000000e00bc810}> (0x00000000e00bc810) 
thrown [src/hotspot/share/gc/shared/memAllocator.cpp, line 136]

VM Operations (20 events):
Event: 1017.358 Executing VM operation: ParallelGCFailedAllocation done
Event: 1017.358 Executing VM operation: ParallelGCFailedAllocation
Event: 1018.770 Executing VM operation: ParallelGCFailedAllocation done
Event: 1018.770 Executing VM operation: ParallelGCFailedAllocation
Event: 1020.293 Executing VM operation: ParallelGCFailedAllocation done
Event: 1020.334 Executing VM operation: ParallelGCFailedAllocation
Event: 1021.844 Executing VM operation: ParallelGCFailedAllocation done
Event: 1021.844 Executing VM operation: ParallelGCFailedAllocation
Event: 1023.392 Executing VM operation: ParallelGCFailedAllocation done
Event: 1023.392 Executing VM operation: ParallelGCFailedAllocation
Event: 1024.970 Executing VM operation: ParallelGCFailedAllocation done
Event: 1024.970 Executing VM operation: ParallelGCFailedAllocation
Event: 1026.472 Executing VM operation: ParallelGCFailedAllocation done
Event: 1026.472 Executing VM operation: ParallelGCFailedAllocation
Event: 1028.062 Executing VM operation: ParallelGCFailedAllocation done
Event: 1028.062 Executing VM operation: ParallelGCFailedAllocation
Event: 1029.682 Executing VM operation: ParallelGCFailedAllocation done
Event: 1029.682 Executing VM operation: ParallelGCFailedAllocation
Event: 1032.862 Executing VM operation: ParallelGCFailedAllocation done
Event: 1032.863 Executing VM operation: ParallelGCFailedAllocation

Events (20 events):
Event: 28.062 Thread 0x00007fcaf80b4750 flushing nmethod 0x00007fcae0643e90
Event: 28.062 Thread 0x00007fcaf80b4750 flushing nmethod 0x00007fcae0654390
Event: 30.190 loading class java/util/Collections$SynchronizedRandomAccessList
Event: 30.190 loading class java/util/Collections$SynchronizedList
Event: 30.190 loading class java/util/Collections$SynchronizedList done
Event: 30.190 loading class java/util/Collections$SynchronizedRandomAccessList done
Event: 31.968 loading class java/util/AbstractList$SubList
Event: 31.968 loading class java/util/AbstractList$SubList done
Event: 33.638 loading class java/util/AbstractList$ListItr
Event: 33.638 loading class java/util/AbstractList$ListItr done
Event: 34.860 Thread 0x00007fca84161850 Thread exited: 0x00007fca84161850
Event: 35.249 Thread 0x00007fca841607e0 Thread exited: 0x00007fca841607e0
Event: 40.235 Thread 0x00007fcaf80b4750 flushing nmethod 0x00007fcae70a2690
Event: 40.257 Thread 0x00007fcaf80b4750 flushing nmethod 0x00007fcae03b8d90
Event: 40.259 Thread 0x00007fcaf80b4750 flushing nmethod 0x00007fcae0620d10
Event: 61.152 Thread 0x00007fcaf8224740 Thread exited: 0x00007fcaf8224740
Event: 98.672 Thread 0x00007fca8c4d52c0 Thread exited: 0x00007fca8c4d52c0
Event: 110.469 Thread 0x00007fca7c0010d0 Thread exited: 0x00007fca7c0010d0
Event: 950.579 loading class java/util/concurrent/ForkJoinTask$AdaptedCallable
Event: 950.579 loading class java/util/concurrent/ForkJoinTask$AdaptedCallable done


Dynamic libraries:
e0000000-f5580000 rw-p 00000000 00:00 0 
f5580000-f8980000 rw-p 00000000 00:00 0 
f8980000-100000000 ---p 00000000 00:00 0 
800000000-800449000 rw-p 00001000 00:15b2 4611686019135357769            /nix/store/gpxl5qgg8kicmcvivwmybwjlpf7wh20l-graalvm17-ce-22.3.0/lib/server/classes.jsa
800449000-800bc8000 r--p 0044a000 00:15b2 4611686019135357769            /nix/store/gpxl5qgg8kicmcvivwmybwjlpf7wh20l-graalvm17-ce-22.3.0/lib/server/classes.jsa
800bc8000-800c00000 ---p 00000000 00:00 0 
800c00000-800c20000 rw-p 00000000 00:00 0 
800c20000-800c40000 rw-p 00000000 00:00 0 
800c40000-800cc0000 rw-p 00000000 00:00 0 
800cc0000-800d00000 rw-p 00000000 00:00 0 
800d00000-800dc0000 rw-p 00000000 00:00 0 
800dc0000-800e00000 rw-p 00000000 00:00 0 
800e00000-801180000 rw-p 00000000 00:00 0 
801180000-840c00000 ---p 00000000 00:00 0 
55ce8a1d1000-55ce8a1d2000 r-xp 00000000 00:15b2 4611686019099417844      /nix/store/gpxl5qgg8kicmcvivwmybwjlpf7wh20l-graalvm17-ce-22.3.0/bin/.java-wrapped
55ce8a1d3000-55ce8a1d4000 r--p 00001000 00:15b2 4611686019099417844      /nix/store/gpxl5qgg8kicmcvivwmybwjlpf7wh20l-graalvm17-ce-22.3.0/bin/.java-wrapped
55ce8a1d4000-55ce8a1d5000 rw-p 00002000 00:15b2 4611686019099417844      /nix/store/gpxl5qgg8kicmcvivwmybwjlpf7wh20l-graalvm17-ce-22.3.0/bin/.java-wrapped
55ce8a1d5000-55ce8a1d6000 rw-p 00004000 00:15b2 4611686019099417844      /nix/store/gpxl5qgg8kicmcvivwmybwjlpf7wh20l-graalvm17-ce-22.3.0/bin/.java-wrapped
55ce8a1d6000-55ce8a1d7000 rw-p 00005000 00:15b2 4611686019099417844      /nix/store/gpxl5qgg8kicmcvivwmybwjlpf7wh20l-graalvm17-ce-22.3.0/bin/.java-wrapped
55ce8a801000-55ce8a849000 rw-p 00000000 00:00 0                          [heap]
7fca4c000000-7fca4c0f5000 rw-p 00000000 00:00 0 
7fca4c0f5000-7fca50000000 ---p 00000000 00:00 0 
7fca50000000-7fca50236000 rw-p 00000000 00:00 0 
7fca50236000-7fca54000000 ---p 00000000 00:00 0 
7fca54000000-7fca54044000 rw-p 00000000 00:00 0 
7fca54044000-7fca58000000 ---p 00000000 00:00 0 
7fca5a4b3000-7fca64000000 r--s 00000000 00:15b2 4611686019135192581      /nix/store/gpxl5qgg8kicmcvivwmybwjlpf7wh20l-graalvm17-ce-22.3.0/lib/modules
7fca64000000-7fca64021000 rw-p 00000000 00:00 0 
7fca64021000-7fca68000000 ---p 00000000 00:00 0 
7fca68000000-7fca68055000 rw-p 00000000 00:00 0 
7fca68055000-7fca6c000000 ---p 00000000 00:00 0 
7fca6c000000-7fca6c021000 rw-p 00000000 00:00 0 
7fca6c021000-7fca70000000 ---p 00000000 00:00 0 
7fca72400000-7fca72a80000 rw-p 00000000 00:00 0 
7fca72a80000-7fca72c00000 ---p 00000000 00:00 0 
7fca72c00000-7fca731c0000 rw-p 00000000 00:00 0 
7fca731c0000-7fca73200000 rw-p 00000000 00:00 0 
7fca73200000-7fca73400000 rw-p 00000000 00:00 0 
7fca73400000-7fca73500000 rw-p 00000000 00:00 0 
7fca73500000-7fca73600000 rw-p 00000000 00:00 0 
7fca73600000-7fca73c00000 rw-p 00000000 00:00 0 
7fca74000000-7fca7431e000 rw-p 00000000 00:00 0 
7fca7431e000-7fca78000000 ---p 00000000 00:00 0 
7fca78000000-7fca78054000 rw-p 00000000 00:00 0 
7fca78054000-7fca7c000000 ---p 00000000 00:00 0 
7fca7c000000-7fca7c33a000 rw-p 00000000 00:00 0 
7fca7c33a000-7fca80000000 ---p 00000000 00:00 0 
7fca80000000-7fca8003f000 rw-p 00000000 00:00 0 
7fca8003f000-7fca84000000 ---p 00000000 00:00 0 
7fca84000000-7fca84199000 rw-p 00000000 00:00 0 
7fca84199000-7fca88000000 ---p 00000000 00:00 0 
7fca88000000-7fca88021000 rw-p 00000000 00:00 0 
7fca88021000-7fca8c000000 ---p 00000000 00:00 0 
7fca8c000000-7fca8c929000 rw-p 00000000 00:00 0 
7fca8c929000-7fca90000000 ---p 00000000 00:00 0 
7fca90000000-7fca90021000 rw-p 00000000 00:00 0 
7fca90021000-7fca94000000 ---p 00000000 00:00 0 
7fca94000000-7fca94021000 rw-p 00000000 00:00 0 
7fca94021000-7fca98000000 ---p 00000000 00:00 0 
7fca98000000-7fca98021000 rw-p 00000000 00:00 0 
7fca98021000-7fca9c000000 ---p 00000000 00:00 0 
7fca9c000000-7fca9c021000 rw-p 00000000 00:00 0 
7fca9c021000-7fcaa0000000 ---p 00000000 00:00 0 
7fcaa0c00000-7fcaa0d00000 rw-p 00000000 00:00 0 
7fcaa0d00000-7fcaa0e00000 rw-p 00000000 00:00 0 
7fcaa0e00000-7fcaa1400000 rw-p 00000000 00:00 0 
7fcaa1400000-7fcaa1500000 rw-p 00000000 00:00 0 
7fcaa1500000-7fcaa1600000 rw-p 00000000 00:00 0 
7fcaa1600000-7fcaa1c00000 rw-p 00000000 00:00 0 
7fcaa1e00000-7fcaa1e10000 r-xp 00000000 00:10ad 358                      /home/runner/.cache/jdt-language-server/config/org.eclipse.equinox.launcher/org.eclipse.equinox.launcher.gtk.linux.x86_64_1.2.400.v20211117-0650/eclipse_11600.so
7fcaa1e10000-7fcaa200f000 ---p 00010000 00:10ad 358                      /home/runner/.cache/jdt-language-server/config/org.eclipse.equinox.launcher/org.eclipse.equinox.launcher.gtk.linux.x86_64_1.2.400.v20211117-0650/eclipse_11600.so
7fcaa200f000-7fcaa2010000 r--p 0000f000 00:10ad 358                      /home/runner/.cache/jdt-language-server/config/org.eclipse.equinox.launcher/org.eclipse.equinox.launcher.gtk.linux.x86_64_1.2.400.v20211117-0650/eclipse_11600.so
7fcaa2010000-7fcaa2011000 rw-p 00010000 00:10ad 358                      /home/runner/.cache/jdt-language-server/config/org.eclipse.equinox.launcher/org.eclipse.equinox.launcher.gtk.linux.x86_64_1.2.400.v20211117-0650/eclipse_11600.so
7fcaa2900000-7fcaa2a00000 ---p 00000000 00:00 0 
7fcaa2a00000-7fcaa2faf000 r--p 01122000 00:15b2 4611686019135190040      /nix/store/gpxl5qgg8kicmcvivwmybwjlpf7wh20l-graalvm17-ce-22.3.0/lib/libjvmcicompiler.so
7fcaa2faf000-7fcaa3100000 r--p 00000000 00:00 0 
7fcaa3100000-7fcaa313d000 rw-p 00000000 00:00 0 
7fcaa313d000-7fcaa365d000 rw-p 0185f000 00:15b2 4611686019135190040      /nix/store/gpxl5qgg8kicmcvivwmybwjlpf7wh20l-graalvm17-ce-22.3.0/lib/libjvmcicompiler.so
7fcaa365d000-7fcaa3a44000 r--p 01d7f000 00:15b2 4611686019135190040      /nix/store/gpxl5qgg8kicmcvivwmybwjlpf7wh20l-graalvm17-ce-22.3.0/lib/libjvmcicompiler.so
7fcaa3b00000-7fcaa3b04000 ---p 00000000 00:00 0 
7fcaa3b04000-7fcaa3c00000 rw-p 00000000 00:00 0 
7fcaa3d00000-7fcaa3d04000 ---p 00000000 00:00 0 
7fcaa3d04000-7fcaa3e00000 rw-p 00000000 00:00 0 
7fcaa3f00000-7fcaa3f04000 ---p 00000000 00:00 0 
7fcaa3f04000-7fcaa4000000 rw-p 00000000 00:00 0 
7fcaa4100000-7fcaa4104000 ---p 00000000 00:00 0 
7fcaa4104000-7fcaa4200000 rw-p 00000000 00:00 0 
7fcaa4300000-7fcaa4304000 ---p 00000000 00:00 0 
7fcaa4304000-7fcaa4400000 rw-p 00000000 00:00 0 
7fcaa4500000-7fcaa4504000 ---p 00000000 00:00 0 
7fcaa4504000-7fcaa4600000 rw-p 00000000 00:00 0 
7fcaa4700000-7fcaa4704000 ---p 00000000 00:00 0 
7fcaa4704000-7fcaa4800000 rw-p 00000000 00:00 0 
7fcaa4900000-7fcaa4904000 ---p 00000000 00:00 0 
7fcaa4904000-7fcaa4a00000 rw-p 00000000 00:00 0 
7fcaa5668000-7fcaa5b00000 rw-p 00000000 00:00 0 
7fcaa5c00000-7fcaa7d6a000 r-xp 00000000 00:15b2 4611686019135190040      /nix/store/gpxl5qgg8kicmcvivwmybwjlpf7wh20l-graalvm17-ce-22.3.0/lib/libjvmcicompiler.so
7fcaa7d6a000-7fcaa7f69000 ---p 0216a000 00:15b2 4611686019135190040      /nix/store/gpxl5qgg8kicmcvivwmybwjlpf7wh20l-graalvm17-ce-22.3.0/lib/libjvmcicompiler.so
7fcaa7f69000-7fcaa7f6a000 r--p 02169000 00:15b2 4611686019135190040      /nix/store/gpxl5qgg8kicmcvivwmybwjlpf7wh20l-graalvm17-ce-22.3.0/lib/libjvmcicompiler.so
7fcaa7f6a000-7fcaa7f6c000 rw-p 0216a000 00:15b2 4611686019135190040      /nix/store/gpxl5qgg8kicmcvivwmybwjlpf7wh20l-graalvm17-ce-22.3.0/lib/libjvmcicompiler.so
7fcaa7f6c000-7fcaa7f6d000 rw-p 00000000 00:00 0 
7fcaa7f6d000-7fcaa7f72000 rw-p 023c3000 00:15b2 4611686019135190040      /nix/store/gpxl5qgg8kicmcvivwmybwjlpf7wh20l-graalvm17-ce-22.3.0/lib/libjvmcicompiler.so
7fcaa8000000-7fcaa8021000 rw-p 00000000 00:00 0 
7fcaa8021000-7fcaac000000 ---p 00000000 00:00 0 
7fcaac000000-7fcaac021000 rw-p 00000000 00:00 0 
7fcaac021000-7fcab0000000 ---p 00000000 00:00 0 
7fcab0000000-7fcab0021000 rw-p 00000000 00:00 0 
7fcab0021000-7fcab4000000 ---p 00000000 00:00 0 
7fcab4000000-7fcab4021000 rw-p 00000000 00:00 0 
7fcab4021000-7fcab8000000 ---p 00000000 00:00 0 
7fcab8000000-7fcab80c9000 rw-p 00000000 00:00 0 
7fcab80c9000-7fcabc000000 ---p 00000000 00:00 0 
7fcabc000000-7fcabcab1000 rw-p 00000000 00:00 0 
7fcabcab1000-7fcac0000000 ---p 00000000 00:00 0 
7fcac0000000-7fcac0021000 rw-p 00000000 00:00 0 
7fcac0021000-7fcac4000000 ---p 00000000 00:00 0 
7fcac4000000-7fcac4021000 rw-p 00000000 00:00 0 
7fcac4021000-7fcac8000000 ---p 00000000 00:00 0 
7fcac8000000-7fcac8021000 rw-p 00000000 00:00 0 
7fcac8021000-7fcacc000000 ---p 00000000 00:00 0 
7fcacc000000-7fcacc021000 rw-p 00000000 00:00 0 
7fcacc021000-7fcad0000000 ---p 00000000 00:00 0 
7fcad0000000-7fcad0021000 rw-p 00000000 00:00 0 
7fcad0021000-7fcad4000000 ---p 00000000 00:00 0 
7fcad4000000-7fcad4021000 rw-p 00000000 00:00 0 
7fcad4021000-7fcad8000000 ---p 00000000 00:00 0 
7fcad8000000-7fcad810c000 rw-p 00000000 00:00 0 
7fcad810c000-7fcadc000000 ---p 00000000 00:00 0 
7fcadc100000-7fcadc104000 ---p 00000000 00:00 0 
7fcadc104000-7fcadc200000 rw-p 00000000 00:00 0 
7fcadc300000-7fcadc304000 ---p 00000000 00:00 0 
7fcadc304000-7fcadc400000 rw-p 00000000 00:00 0 
7fcadc500000-7fcadc504000 ---p 00000000 00:00 0 
7fcadc504000-7fcadc600000 rw-p 00000000 00:00 0 
7fcadc600000-7fcadc604000 ---p 00000000 00:00 0 
7fcadc604000-7fcadc700000 rw-p 00000000 00:00 0 
7fcadc700000-7fcadc704000 ---p 00000000 00:00 0 
7fcadc704000-7fcadc800000 rw-p 00000000 00:00 0 
7fcadc800000-7fcadc804000 ---p 00000000 00:00 0 
7fcadc804000-7fcadc900000 rw-p 00000000 00:00 0 
7fcadc900000-7fcadc904000 ---p 00000000 00:00 0 
7fcadc904000-7fcadca00000 rw-p 00000000 00:00 0 
7fcadcb00000-7fcadcb04000 ---p 00000000 00:00 0 
7fcadcb04000-7fcadcc00000 rw-p 00000000 00:00 0 
7fcadcd18000-7fcadcd19000 ---p 00000000 00:00 0 
7fcadcd19000-7fcadce1a000 rw-p 00000000 00:00 0 
7fcadce1a000-7fcadce1e000 ---p 00000000 00:00 0 
7fcadce1e000-7fcadcf1a000 rw-p 00000000 00:00 0 
7fcadcf1a000-7fcadcf1e000 ---p 00000000 00:00 0 
7fcadcf1e000-7fcadd01a000 rw-p 00000000 00:00 0 
7fcadd01a000-7fcadd01e000 ---p 00000000 00:00 0 
7fcadd01e000-7fcadd11a000 rw-p 00000000 00:00 0 
7fcadd11a000-7fcadd11e000 ---p 00000000 00:00 0 
7fcadd11e000-7fcadd31a000 rw-p 00000000 00:00 0 
7fcadd31a000-7fcadd31e000 ---p 00000000 00:00 0 
7fcadd31e000-7fcadd51a000 rw-p 00000000 00:00 0 
7fcadd51a000-7fcadd51e000 ---p 00000000 00:00 0 
7fcadd51e000-7fcadd61a000 rw-p 00000000 00:00 0 
7fcadd61a000-7fcadd61e000 ---p 00000000 00:00 0 
7fcadd61e000-7fcadd71a000 rw-p 00000000 00:00 0 
7fcadd71a000-7fcadd71e000 ---p 00000000 00:00 0 
7fcadd71e000-7fcadd81a000 rw-p 00000000 00:00 0 
7fcadd81a000-7fcaddb00000 r--p 00000000 00:1604 28444448                 /usr/lib/locale/locale-archive
7fcaddb00000-7fcaddb04000 ---p 00000000 00:00 0 
7fcaddb04000-7fcade000000 rw-p 00000000 00:00 0 
7fcade000000-7fcade300000 rw-p 00000000 00:00 0 
7fcade300000-7fcade400000 rw-p 00000000 00:00 0 
7fcade491000-7fcade495000 ---p 00000000 00:00 0 
7fcade495000-7fcadf4b3000 rw-p 00000000 00:00 0 
7fcadf4b3000-7fcadf723000 rwxp 00000000 00:00 0 
7fcadf723000-7fcadfa42000 ---p 00000000 00:00 0 
7fcadfa42000-7fcae0762000 rwxp 00000000 00:00 0 
7fcae0762000-7fcae6f7a000 ---p 00000000 00:00 0 
7fcae6f7a000-7fcae71ea000 rwxp 00000000 00:00 0 
7fcae71ea000-7fcaee4b3000 ---p 00000000 00:00 0 
7fcaee4b3000-7fcaf8000000 r--s 00000000 00:15b2 4611686019135192581      /nix/store/gpxl5qgg8kicmcvivwmybwjlpf7wh20l-graalvm17-ce-22.3.0/lib/modules
7fcaf8000000-7fcaf8436000 rw-p 00000000 00:00 0 
7fcaf8436000-7fcafc000000 ---p 00000000 00:00 0 
7fcafc01c000-7fcafc023000 r-xp 00000000 00:15b2 4611686019135192580      /nix/store/gpxl5qgg8kicmcvivwmybwjlpf7wh20l-graalvm17-ce-22.3.0/lib/libzip.so
7fcafc023000-7fcafc024000 ---p 00007000 00:15b2 4611686019135192580      /nix/store/gpxl5qgg8kicmcvivwmybwjlpf7wh20l-graalvm17-ce-22.3.0/lib/libzip.so
7fcafc024000-7fcafc025000 r--p 00007000 00:15b2 4611686019135192580      /nix/store/gpxl5qgg8kicmcvivwmybwjlpf7wh20l-graalvm17-ce-22.3.0/lib/libzip.so
7fcafc025000-7fcafc026000 rw-p 00008000 00:15b2 4611686019135192580      /nix/store/gpxl5qgg8kicmcvivwmybwjlpf7wh20l-graalvm17-ce-22.3.0/lib/libzip.so
7fcafc026000-7fcafc028000 rw-p 0000b000 00:15b2 4611686019135192580      /nix/store/gpxl5qgg8kicmcvivwmybwjlpf7wh20l-graalvm17-ce-22.3.0/lib/libzip.so
7fcafc028000-7fcafc03d000 r-xp 00000000 00:15b2 4611686019135192570      /nix/store/gpxl5qgg8kicmcvivwmybwjlpf7wh20l-graalvm17-ce-22.3.0/lib/libnet.so
7fcafc03d000-7fcafc03e000 ---p 00015000 00:15b2 4611686019135192570      /nix/store/gpxl5qgg8kicmcvivwmybwjlpf7wh20l-graalvm17-ce-22.3.0/lib/libnet.so
7fcafc03e000-7fcafc03f000 r--p 00015000 00:15b2 4611686019135192570      /nix/store/gpxl5qgg8kicmcvivwmybwjlpf7wh20l-graalvm17-ce-22.3.0/lib/libnet.so
7fcafc03f000-7fcafc040000 rw-p 00016000 00:15b2 4611686019135192570      /nix/store/gpxl5qgg8kicmcvivwmybwjlpf7wh20l-graalvm17-ce-22.3.0/lib/libnet.so
7fcafc040000-7fcafc043000 rw-p 0001b000 00:15b2 4611686019135192570      /nix/store/gpxl5qgg8kicmcvivwmybwjlpf7wh20l-graalvm17-ce-22.3.0/lib/libnet.so
7fcafc043000-7fcafc056000 r-xp 00000000 00:15b2 4611686019135192571      /nix/store/gpxl5qgg8kicmcvivwmybwjlpf7wh20l-graalvm17-ce-22.3.0/lib/libnio.so
7fcafc056000-7fcafc057000 r--p 00012000 00:15b2 4611686019135192571      /nix/store/gpxl5qgg8kicmcvivwmybwjlpf7wh20l-graalvm17-ce-22.3.0/lib/libnio.so
7fcafc057000-7fcafc058000 rw-p 00013000 00:15b2 4611686019135192571      /nix/store/gpxl5qgg8kicmcvivwmybwjlpf7wh20l-graalvm17-ce-22.3.0/lib/libnio.so
7fcafc058000-7fcafc05d000 rw-p 00019000 00:15b2 4611686019135192571      /nix/store/gpxl5qgg8kicmcvivwmybwjlpf7wh20l-graalvm17-ce-22.3.0/lib/libnio.so
7fcafc05d000-7fcafc061000 ---p 00000000 00:00 0 
7fcafc061000-7fcafc15d000 rw-p 00000000 00:00 0 
7fcafc15d000-7fcafc15e000 ---p 00000000 00:00 0 
7fcafc15e000-7fcafc25f000 rw-p 00000000 00:00 0 
7fcafc25f000-7fcafc32d000 r-xp 00000000 00:15b2 4611686019135190036      /nix/store/gpxl5qgg8kicmcvivwmybwjlpf7wh20l-graalvm17-ce-22.3.0/lib/libjsvml.so
7fcafc32d000-7fcafc32e000 r--p 000cd000 00:15b2 4611686019135190036      /nix/store/gpxl5qgg8kicmcvivwmybwjlpf7wh20l-graalvm17-ce-22.3.0/lib/libjsvml.so
7fcafc32e000-7fcafc32f000 rw-p 000ce000 00:15b2 4611686019135190036      /nix/store/gpxl5qgg8kicmcvivwmybwjlpf7wh20l-graalvm17-ce-22.3.0/lib/libjsvml.so
7fcafc32f000-7fcafcc07000 rw-p 00000000 00:00 0 
7fcafcc07000-7fcafcc08000 ---p 00000000 00:00 0 
7fcafcc08000-7fcafcdb3000 rw-p 00000000 00:00 0 
7fcafcdb3000-7fcafcdce000 rw-p 00000000 00:00 0 
7fcafcdce000-7fcafce09000 ---p 00000000 00:00 0 
7fcafce09000-7fcafce0f000 rw-p 00000000 00:00 0 
7fcafce0f000-7fcafcef5000 ---p 00000000 00:00 0 
7fcafcef5000-7fcafcf10000 rw-p 00000000 00:00 0 
7fcafcf10000-7fcafcfe0000 ---p 00000000 00:00 0 
7fcafcfe0000-7fcafcfe5000 rw-p 00000000 00:00 0 
7fcafcfe5000-7fcafcfec000 ---p 00000000 00:00 0 
7fcafcfec000-7fcafd010000 r-xp 00000000 00:15b2 4611686019135190028      /nix/store/gpxl5qgg8kicmcvivwmybwjlpf7wh20l-graalvm17-ce-22.3.0/lib/libjava.so
7fcafd010000-7fcafd011000 ---p 00024000 00:15b2 4611686019135190028      /nix/store/gpxl5qgg8kicmcvivwmybwjlpf7wh20l-graalvm17-ce-22.3.0/lib/libjava.so
7fcafd011000-7fcafd012000 r--p 00024000 00:15b2 4611686019135190028      /nix/store/gpxl5qgg8kicmcvivwmybwjlpf7wh20l-graalvm17-ce-22.3.0/lib/libjava.so
7fcafd012000-7fcafd013000 rw-p 00025000 00:15b2 4611686019135190028      /nix/store/gpxl5qgg8kicmcvivwmybwjlpf7wh20l-graalvm17-ce-22.3.0/lib/libjava.so
7fcafd013000-7fcafd014000 rw-p 00000000 00:00 0 
7fcafd014000-7fcafd01b000 rw-p 0002f000 00:15b2 4611686019135190028      /nix/store/gpxl5qgg8kicmcvivwmybwjlpf7wh20l-graalvm17-ce-22.3.0/lib/libjava.so
7fcafd01b000-7fcafd023000 rw-s 00000000 00:1600 671                      /tmp/hsperfdata_runner/6709
7fcafd023000-7fcafd024000 ---p 00000000 00:00 0 
7fcafd024000-7fcafd025000 r--p 00000000 00:00 0 
7fcafd025000-7fcafd026000 rwxp 00000000 00:00 0 
7fcafd026000-7fcafd041000 r-xp 00000000 00:15b2 4611686019135190032      /nix/store/gpxl5qgg8kicmcvivwmybwjlpf7wh20l-graalvm17-ce-22.3.0/lib/libjimage.so
7fcafd041000-7fcafd042000 ---p 0001b000 00:15b2 4611686019135190032      /nix/store/gpxl5qgg8kicmcvivwmybwjlpf7wh20l-graalvm17-ce-22.3.0/lib/libjimage.so
7fcafd042000-7fcafd044000 r--p 0001b000 00:15b2 4611686019135190032      /nix/store/gpxl5qgg8kicmcvivwmybwjlpf7wh20l-graalvm17-ce-22.3.0/lib/libjimage.so
7fcafd044000-7fcafd045000 rw-p 0001d000 00:15b2 4611686019135190032      /nix/store/gpxl5qgg8kicmcvivwmybwjlpf7wh20l-graalvm17-ce-22.3.0/lib/libjimage.so
7fcafd045000-7fcafd046000 rw-p 00024000 00:15b2 4611686019135190032      /nix/store/gpxl5qgg8kicmcvivwmybwjlpf7wh20l-graalvm17-ce-22.3.0/lib/libjimage.so
7fcafd046000-7fcafd04a000 ---p 00000000 00:00 0 
7fcafd04a000-7fcafd146000 rw-p 00000000 00:00 0 
7fcafd146000-7fcafd154000 r--p 00000000 00:15b2 4611686019027979927      /nix/store/4nlgxhb09sdr51nc9hdm8az5b08vzkgx-glibc-2.35-163/lib/libm.so.6
7fcafd154000-7fcafd1c7000 r-xp 0000e000 00:15b2 4611686019027979927      /nix/store/4nlgxhb09sdr51nc9hdm8az5b08vzkgx-glibc-2.35-163/lib/libm.so.6
7fcafd1c7000-7fcafd224000 r--p 00081000 00:15b2 4611686019027979927      /nix/store/4nlgxhb09sdr51nc9hdm8az5b08vzkgx-glibc-2.35-163/lib/libm.so.6
7fcafd224000-7fcafd225000 r--p 000dd000 00:15b2 4611686019027979927      /nix/store/4nlgxhb09sdr51nc9hdm8az5b08vzkgx-glibc-2.35-163/lib/libm.so.6
7fcafd225000-7fcafd226000 rw-p 000de000 00:15b2 4611686019027979927      /nix/store/4nlgxhb09sdr51nc9hdm8az5b08vzkgx-glibc-2.35-163/lib/libm.so.6
7fcafd226000-7fcafd227000 r--p 00000000 00:15b2 4611686019027979946      /nix/store/4nlgxhb09sdr51nc9hdm8az5b08vzkgx-glibc-2.35-163/lib/librt.so.1
7fcafd227000-7fcafd228000 r-xp 00001000 00:15b2 4611686019027979946      /nix/store/4nlgxhb09sdr51nc9hdm8az5b08vzkgx-glibc-2.35-163/lib/librt.so.1
7fcafd228000-7fcafd229000 r--p 00002000 00:15b2 4611686019027979946      /nix/store/4nlgxhb09sdr51nc9hdm8az5b08vzkgx-glibc-2.35-163/lib/librt.so.1
7fcafd229000-7fcafd22a000 r--p 00002000 00:15b2 4611686019027979946      /nix/store/4nlgxhb09sdr51nc9hdm8az5b08vzkgx-glibc-2.35-163/lib/librt.so.1
7fcafd22a000-7fcafd22b000 rw-p 00003000 00:15b2 4611686019027979946      /nix/store/4nlgxhb09sdr51nc9hdm8az5b08vzkgx-glibc-2.35-163/lib/librt.so.1
7fcafd22b000-7fcafe33e000 r-xp 00000000 00:15b2 4611686019135360866      /nix/store/gpxl5qgg8kicmcvivwmybwjlpf7wh20l-graalvm17-ce-22.3.0/lib/server/libjvm.so
7fcafe33e000-7fcafe33f000 ---p 01113000 00:15b2 4611686019135360866      /nix/store/gpxl5qgg8kicmcvivwmybwjlpf7wh20l-graalvm17-ce-22.3.0/lib/server/libjvm.so
7fcafe33f000-7fcafe3f4000 r--p 01113000 00:15b2 4611686019135360866      /nix/store/gpxl5qgg8kicmcvivwmybwjlpf7wh20l-graalvm17-ce-22.3.0/lib/server/libjvm.so
7fcafe3f4000-7fcafe428000 rw-p 011c8000 00:15b2 4611686019135360866      /nix/store/gpxl5qgg8kicmcvivwmybwjlpf7wh20l-graalvm17-ce-22.3.0/lib/server/libjvm.so
7fcafe428000-7fcafe484000 rw-p 00000000 00:00 0 
7fcafe484000-7fcafe4ac000 r--p 00000000 00:15b2 4611686019027979918      /nix/store/4nlgxhb09sdr51nc9hdm8az5b08vzkgx-glibc-2.35-163/lib/libc.so.6
7fcafe4ac000-7fcafe622000 r-xp 00028000 00:15b2 4611686019027979918      /nix/store/4nlgxhb09sdr51nc9hdm8az5b08vzkgx-glibc-2.35-163/lib/libc.so.6
7fcafe622000-7fcafe67a000 r--p 0019e000 00:15b2 4611686019027979918      /nix/store/4nlgxhb09sdr51nc9hdm8az5b08vzkgx-glibc-2.35-163/lib/libc.so.6
7fcafe67a000-7fcafe67e000 r--p 001f6000 00:15b2 4611686019027979918      /nix/store/4nlgxhb09sdr51nc9hdm8az5b08vzkgx-glibc-2.35-163/lib/libc.so.6
7fcafe67e000-7fcafe680000 rw-p 001fa000 00:15b2 4611686019027979918      /nix/store/4nlgxhb09sdr51nc9hdm8az5b08vzkgx-glibc-2.35-163/lib/libc.so.6
7fcafe680000-7fcafe68f000 rw-p 00000000 00:00 0 
7fcafe68f000-7fcafe690000 r--p 00000000 00:15b2 4611686019027979923      /nix/store/4nlgxhb09sdr51nc9hdm8az5b08vzkgx-glibc-2.35-163/lib/libdl.so.2
7fcafe690000-7fcafe691000 r-xp 00001000 00:15b2 4611686019027979923      /nix/store/4nlgxhb09sdr51nc9hdm8az5b08vzkgx-glibc-2.35-163/lib/libdl.so.2
7fcafe691000-7fcafe692000 r--p 00002000 00:15b2 4611686019027979923      /nix/store/4nlgxhb09sdr51nc9hdm8az5b08vzkgx-glibc-2.35-163/lib/libdl.so.2
7fcafe692000-7fcafe693000 r--p 00002000 00:15b2 4611686019027979923      /nix/store/4nlgxhb09sdr51nc9hdm8az5b08vzkgx-glibc-2.35-163/lib/libdl.so.2
7fcafe693000-7fcafe694000 rw-p 00003000 00:15b2 4611686019027979923      /nix/store/4nlgxhb09sdr51nc9hdm8az5b08vzkgx-glibc-2.35-163/lib/libdl.so.2
7fcafe694000-7fcafe695000 r--p 00000000 00:15b2 4611686019027979942      /nix/store/4nlgxhb09sdr51nc9hdm8az5b08vzkgx-glibc-2.35-163/lib/libpthread.so.0
7fcafe695000-7fcafe696000 r-xp 00001000 00:15b2 4611686019027979942      /nix/store/4nlgxhb09sdr51nc9hdm8az5b08vzkgx-glibc-2.35-163/lib/libpthread.so.0
7fcafe696000-7fcafe697000 r--p 00002000 00:15b2 4611686019027979942      /nix/store/4nlgxhb09sdr51nc9hdm8az5b08vzkgx-glibc-2.35-163/lib/libpthread.so.0
7fcafe697000-7fcafe698000 r--p 00002000 00:15b2 4611686019027979942      /nix/store/4nlgxhb09sdr51nc9hdm8az5b08vzkgx-glibc-2.35-163/lib/libpthread.so.0
7fcafe698000-7fcafe699000 rw-p 00003000 00:15b2 4611686019027979942      /nix/store/4nlgxhb09sdr51nc9hdm8az5b08vzkgx-glibc-2.35-163/lib/libpthread.so.0
7fcafe699000-7fcafe6a7000 r-xp 00000000 00:15b2 4611686019135190033      /nix/store/gpxl5qgg8kicmcvivwmybwjlpf7wh20l-graalvm17-ce-22.3.0/lib/libjli.so
7fcafe6a7000-7fcafe6a8000 ---p 0000e000 00:15b2 4611686019135190033      /nix/store/gpxl5qgg8kicmcvivwmybwjlpf7wh20l-graalvm17-ce-22.3.0/lib/libjli.so
7fcafe6a8000-7fcafe6a9000 r--p 0000e000 00:15b2 4611686019135190033      /nix/store/gpxl5qgg8kicmcvivwmybwjlpf7wh20l-graalvm17-ce-22.3.0/lib/libjli.so
7fcafe6a9000-7fcafe6aa000 rw-p 0000f000 00:15b2 4611686019135190033      /nix/store/gpxl5qgg8kicmcvivwmybwjlpf7wh20l-graalvm17-ce-22.3.0/lib/libjli.so
7fcafe6aa000-7fcafe6ab000 rw-p 00012000 00:15b2 4611686019135190033      /nix/store/gpxl5qgg8kicmcvivwmybwjlpf7wh20l-graalvm17-ce-22.3.0/lib/libjli.so
7fcafe6ab000-7fcafe6ae000 r--p 00000000 00:15b2 4611686019106210071      /nix/store/026hln0aq1hyshaxsdvhg0kmcm6yf45r-zlib-1.2.13/lib/libz.so.1.2.13
7fcafe6ae000-7fcafe6c0000 r-xp 00003000 00:15b2 4611686019106210071      /nix/store/026hln0aq1hyshaxsdvhg0kmcm6yf45r-zlib-1.2.13/lib/libz.so.1.2.13
7fcafe6c0000-7fcafe6c7000 r--p 00015000 00:15b2 4611686019106210071      /nix/store/026hln0aq1hyshaxsdvhg0kmcm6yf45r-zlib-1.2.13/lib/libz.so.1.2.13
7fcafe6c7000-7fcafe6c8000 r--p 0001b000 00:15b2 4611686019106210071      /nix/store/026hln0aq1hyshaxsdvhg0kmcm6yf45r-zlib-1.2.13/lib/libz.so.1.2.13
7fcafe6c8000-7fcafe6c9000 rw-p 0001c000 00:15b2 4611686019106210071      /nix/store/026hln0aq1hyshaxsdvhg0kmcm6yf45r-zlib-1.2.13/lib/libz.so.1.2.13
7fcafe6c9000-7fcafe6cb000 rw-p 00000000 00:00 0 
7fcafe6cb000-7fcafe6cd000 r--p 00000000 00:15b2 4611686019027979912      /nix/store/4nlgxhb09sdr51nc9hdm8az5b08vzkgx-glibc-2.35-163/lib/ld-linux-x86-64.so.2
7fcafe6cd000-7fcafe6f4000 r-xp 00002000 00:15b2 4611686019027979912      /nix/store/4nlgxhb09sdr51nc9hdm8az5b08vzkgx-glibc-2.35-163/lib/ld-linux-x86-64.so.2
7fcafe6f4000-7fcafe700000 r--p 00029000 00:15b2 4611686019027979912      /nix/store/4nlgxhb09sdr51nc9hdm8az5b08vzkgx-glibc-2.35-163/lib/ld-linux-x86-64.so.2
7fcafe700000-7fcafe702000 r--p 00034000 00:15b2 4611686019027979912      /nix/store/4nlgxhb09sdr51nc9hdm8az5b08vzkgx-glibc-2.35-163/lib/ld-linux-x86-64.so.2
7fcafe702000-7fcafe704000 rw-p 00036000 00:15b2 4611686019027979912      /nix/store/4nlgxhb09sdr51nc9hdm8az5b08vzkgx-glibc-2.35-163/lib/ld-linux-x86-64.so.2
7ffd45b9b000-7ffd45bbf000 rw-p 00000000 00:00 0                          [stack]
7ffd45bf7000-7ffd45bfb000 r--p 00000000 00:00 0                          [vvar]
7ffd45bfb000-7ffd45bfd000 r-xp 00000000 00:00 0                          [vdso]
ffffffffff600000-ffffffffff601000 --xp 00000000 00:00 0                  [vsyscall]


VM Arguments:
jvm_args: -XX:ThreadPriorityPolicy=1 -XX:+UnlockExperimentalVMOptions -XX:+EnableJVMCIProduct -XX:JVMCIThreadsPerNativeLibraryRuntime=1 -XX:-UnlockExperimentalVMOptions -Declipse.application=org.eclipse.jdt.ls.core.id1 -Dosgi.bundles.defaultStartLevel=4 -Declipse.product=org.eclipse.jdt.ls.core.product -Dlog.level=ALL -Xverify:none -XX:+UseParallelGC -XX:GCTimeRatio=4 -XX:AdaptiveSizePolicyWeight=90 -Dsun.zip.disableMemoryMapping=true -Xmx512m -Xms100m 
java_command: /nix/store/m6gcpi1ii6rghy04cjwjddcavv7i90df-jdt-language-server-1.9.0/share/java/plugins/org.eclipse.equinox.launcher_1.6.400.v20210924-0641.jar --add-modules=ALL-SYSTEM --add-opens java.base/java.util=ALL-UNNAMED --add-opens java.base/java.lang=ALL-UNNAMED -configuration /home/runner/.cache/jdt-language-server/config -data /home/runner/.cache/jdt-language-server/data/home/runner/BudgetManager
java_class_path (initial): /nix/store/m6gcpi1ii6rghy04cjwjddcavv7i90df-jdt-language-server-1.9.0/share/java/plugins/org.eclipse.equinox.launcher_1.6.400.v20210924-0641.jar
Launcher Type: SUN_STANDARD

[Global flags]
    uintx AdaptiveSizePolicyWeight                 = 90                                        {product} {command line}
     intx CICompilerCount                          = 2                                         {product} {ergonomic}
     bool EnableJVMCIProduct                       = true                                {JVMCI product} {jimage}
    uintx GCTimeRatio                              = 4                                         {product} {command line}
   size_t InitialHeapSize                          = 104857600                                 {product} {command line}
     uint JVMCIThreadsPerNativeLibraryRuntime      = 1                                   {JVMCI product} {jimage}
   size_t MaxHeapSize                              = 536870912                                 {product} {command line}
   size_t MaxNewSize                               = 178782208                                 {product} {ergonomic}
   size_t MinHeapDeltaBytes                        = 524288                                    {product} {ergonomic}
   size_t MinHeapSize                              = 104857600                                 {product} {command line}
   size_t NewSize                                  = 34603008                                  {product} {ergonomic}
    uintx NonNMethodCodeHeapSize                   = 5826188                                {pd product} {ergonomic}
    uintx NonProfiledCodeHeapSize                  = 122916026                              {pd product} {ergonomic}
   size_t OldSize                                  = 70254592                                  {product} {ergonomic}
    uintx ProfiledCodeHeapSize                     = 122916026                              {pd product} {ergonomic}
    uintx ReservedCodeCacheSize                    = 251658240                              {pd product} {ergonomic}
     bool SegmentedCodeCache                       = true                                      {product} {ergonomic}
   size_t SoftMaxHeapSize                          = 536870912                              {manageable} {ergonomic}
     intx ThreadPriorityPolicy                     = 1                                         {product} {jimage}
     bool UseCompressedClassPointers               = true                           {product lp64_product} {ergonomic}
     bool UseCompressedOops                        = true                           {product lp64_product} {ergonomic}
     bool UseParallelGC                            = true                                      {product} {command line}

Logging:
Log output configuration:
 #0: stdout all=warning uptime,level,tags
 #1: stderr all=off uptime,level,tags

Environment Variables:
JAVA_HOME=/nix/store/gpxl5qgg8kicmcvivwmybwjlpf7wh20l-graalvm17-ce-22.3.0
PATH=/nix/store/1d6ian3r8kdzspw8hacjhl3xkp40g1lj-binutils-wrapper-2.39/bin:/nix/store/dq0xwmsk1g0i2ayg6pb7y87na2knzylh-gcc-wrapper-11.3.0/bin:/nix/store/bap4d0lpcrhpwmpb8ayjcgkmvfj62lnq-bash-interactive-5.1-p16/bin:/nix/store/pr5n59mb4jzmfx6kanwxly0l07p861fg-patchelf-0.15.0/bin:/nix/store/1gf2flfqnpqbr1b4p4qz2f72y42bs56r-gcc-11.3.0/bin:/nix/store/57xv61c5zi8pphjbcwxxjlgc34p61ic9-glibc-2.35-163-bin/bin:/nix/store/a7gvj343m05j2s32xcnwr35v31ynlypr-coreutils-9.1/bin:/nix/store/039g378vc3pc3dvi9dzdlrd0i4q93qwf-binutils-2.39/bin:/nix/store/gpxl5qgg8kicmcvivwmybwjlpf7wh20l-graalvm17-ce-22.3.0/bin:/nix/store/6z9ag3ihc8mq2hzsw48lhbznvzny65nz-apache-maven-3.8.6/bin:/nix/store/m6gcpi1ii6rghy04cjwjddcavv7i90df-jdt-language-server-1.9.0/bin:/nix/store/84xs5alhs01zrbr4ywm05kxbjbp5590l-java-debug/bin:/nix/store/mydc6f4k2z73xlcz7ilif3v2lcaiqvza-findutils-4.9.0/bin:/nix/store/j9p3g8472iijd50vhdprx0nmk2fqn5gv-diffutils-3.8/bin:/nix/store/89zs7rms6x00xfq4dq6m7mjnhkr8a6r4-gnused-4.8/bin:/nix/store/86bp03jkmsl6f92w0yzg4s59g5mhxwmy-gnugrep-3.7/bin:/nix/store/hwcdqw4jrjnd37wxqgsd47hd0j8bnj09-gawk-5.1.1/bin:/nix/store/cfbhw8r8ags41vwqaz47r583d0p4h4a1-gnutar-1.34/bin:/nix/store/p3m1ndl1lapwrlh698bnb5lvvxh67378-gzip-1.12/bin:/nix/store/a8mhcagrsly7c7mpjrpsnaahk4aax056-bzip2-1.0.8-bin/bin:/nix/store/mblgz65m3zv9x548a3d5m96fj2pbwr09-gnumake-4.3/bin:/nix/store/dsd5gz46hdbdk2rfdimqddhq6m8m8fqs-bash-5.1-p16/bin:/nix/store/v7ljksji50mg3w61dykaa3n3y79n6nil-patch-2.7.6/bin:/nix/store/zlcnmqq14jz5x9439jf937mvayyl63da-xz-5.2.7-bin/bin:/nix/store/y6aj732zm9m87c82fpvf103a1xb22blp-file-5.43/bin:/nix/store/i4kzir3m7mrisxmf5xvlnkw01x4qaqr4-prybar-elisp-0.0.0-e0d9a52/bin:/nix/store/lwwivxf6h7x3cvxp9zv8sj0mv7dak99r-prybar-lua-0.0.0-e0d9a52/bin:/nix/store/gxj28g1cg4hq3qanmjv07156h800qr58-prybar-python3-0.0.0-e0d9a52/bin:/nix/store/hshkjnxrgidigf8x75vg6lqng2xlx9i3-prybar-sqlite-0.0.0-e0d9a52/bin:/nix/store/c4w01bpjgyy5ixmwdk8m1pw87zq4sl26-prybar-tcl-0.0.0-e0d9a52/bin:/nix/store/hpbvrlwd5viqmvcaisb3x0118i913a9n-st
LD_LIBRARY_PATH=/nix/store/a4pff549sk2idnkpzk5nsfps3mdkdnvm-cups-2.4.2-lib/lib:/nix/store/72mqxxhh3cy5yifh92wh2yb8cl2hikyy-cairo-1.16.0/lib:/nix/store/2k366jrbsra97gjfxwvrhvixjfxdach5-glib-2.74.1/lib:/nix/store/2j2znigd8ak37rlwh9khz0ry3clqlw1l-gtk+3-3.24.34/lib:/nix/store/hisqvx32cd57apbpcsnkpx6k3549wql1-libglvnd-1.4.0/lib:/nix/store/p36pgcv991mq5srvg765b78yqpxvk3qs-mesa-21.3.3-drivers/lib:/nix/store/mav4251if1ahjq5vkpwycyyvnmy459c4-pulseaudio-14.2/lib
DISPLAY=:0
LANG=en_US.UTF-8

Signal Handlers:
   SIGSEGV: crash_handler in libjvm.so, mask=11100100010111111101111111111110, flags=SA_RESTART|SA_SIGINFO
    SIGBUS: crash_handler in libjvm.so, mask=11100100010111111101111111111110, flags=SA_RESTART|SA_SIGINFO
    SIGFPE: crash_handler in libjvm.so, mask=11100100010111111101111111111110, flags=SA_RESTART|SA_SIGINFO
   SIGPIPE: IsolateEnterStub_IgnoreSIGPIPEStartupHook_noopSignalHandler_8f19bff2f35b5f630d83b364d6b2339320d4ec70_216e8361c6bc87a8f89f58cc10d3b2fd4415bf87 in libjvmcicompiler.so, mask=00000000000000000000000000000000, flags=SA_RESTART
  *** Handler was modified!
  *** Expected: javaSignalHandler in libjvm.so, mask=11100100110111111111111111111110, flags=SA_RESTART|SA_SIGINFO
   SIGXFSZ: javaSignalHandler in libjvm.so, mask=11100100010111111101111111111110, flags=SA_RESTART|SA_SIGINFO
    SIGILL: crash_handler in libjvm.so, mask=11100100010111111101111111111110, flags=SA_RESTART|SA_SIGINFO
   SIGUSR2: SR_handler in libjvm.so, mask=00000000000000000000000000000000, flags=SA_RESTART|SA_SIGINFO
    SIGHUP: UserHandler in libjvm.so, mask=11100100010111111101111111111110, flags=SA_RESTART|SA_SIGINFO
    SIGINT: UserHandler in libjvm.so, mask=11100100010111111101111111111110, flags=SA_RESTART|SA_SIGINFO
   SIGTERM: UserHandler in libjvm.so, mask=11100100010111111101111111111110, flags=SA_RESTART|SA_SIGINFO
   SIGQUIT: UserHandler in libjvm.so, mask=11100100010111111101111111111110, flags=SA_RESTART|SA_SIGINFO
  *** Handler was modified!
  *** Expected: javaSignalHandler in libjvm.so, mask=11100100110111111111111111111110, flags=SA_RESTART|SA_SIGINFO
   SIGTRAP: crash_handler in libjvm.so, mask=11100100010111111101111111111110, flags=SA_RESTART|SA_SIGINFO


---------------  S Y S T E M  ---------------

OS:
DISTRIB_ID=Ubuntu
DISTRIB_RELEASE=20.04
DISTRIB_CODENAME=focal
DISTRIB_DESCRIPTION="Ubuntu 20.04.2 LTS"
uname: Linux 5.19.0-1025-gcp #27~22.04.1-Ubuntu SMP Wed May 24 03:53:01 UTC 2023 x86_64
OS uptime: 0 days 2:13 hours
libc: glibc 2.35 NPTL 2.35 
rlimit (soft/hard): STACK 8192k/infinity , CORE infinity/infinity , NPROC infinity/infinity , NOFILE 5242/5242 , AS infinity/infinity , CPU infinity/infinity , DATA infinity/infinity , FSIZE infinity/infinity , MEMLOCK 8192k/8192k
load average: 13.43 11.72 9.86

/proc/meminfo:
MemTotal:       65852244 kB
MemFree:        33081876 kB
MemAvailable:   51533288 kB
Buffers:         2393204 kB
Cached:         15619788 kB
SwapCached:            0 kB
Active:          7075764 kB
Inactive:       22690228 kB
Active(anon):      14268 kB
Inactive(anon): 11666956 kB
Active(file):    7061496 kB
Inactive(file): 11023272 kB
Unevictable:       56048 kB
Mlocked:           56048 kB
SwapTotal:             0 kB
SwapFree:              0 kB
Zswap:                 0 kB
Zswapped:              0 kB
Dirty:              6040 kB
Writeback:           644 kB
AnonPages:      11356800 kB
Mapped:          1424928 kB
Shmem:             24600 kB
KReclaimable:    1093244 kB
Slab:            1992032 kB
SReclaimable:    1093244 kB
SUnreclaim:       898788 kB
KernelStack:      435912 kB
PageTables:       133692 kB
NFS_Unstable:          0 kB
Bounce:                0 kB
WritebackTmp:          0 kB
CommitLimit:    32926120 kB
Committed_AS:   57008672 kB
VmallocTotal:   34359738367 kB
VmallocUsed:      470988 kB
VmallocChunk:          0 kB
Percpu:            45024 kB
HardwareCorrupted:     0 kB
AnonHugePages:   1413120 kB
ShmemHugePages:        0 kB
ShmemPmdMapped:        0 kB
FileHugePages:         0 kB
FilePmdMapped:         0 kB
HugePages_Total:       0
HugePages_Free:        0
HugePages_Rsvd:        0
HugePages_Surp:        0
Hugepagesize:       2048 kB
Hugetlb:               0 kB
DirectMap4k:     2499384 kB
DirectMap2M:    36294656 kB
DirectMap1G:    30408704 kB

/sys/kernel/mm/transparent_hugepage/enabled: always [madvise] never
/sys/kernel/mm/transparent_hugepage/defrag (defrag/compaction efforts parameter): always defer defer+madvise [madvise] never

Process Memory:
Virtual Size: 4380740K (peak: 4412200K)
Resident Set Size: 726972K (peak: 750408K) (anon: 534112K, file: 192860K, shmem: 0K)
Swapped out: 0K
C-Heap outstanding allocations: 38626K, retained: 15009K
glibc malloc tunables: (default)

/proc/sys/kernel/threads-max (system-wide limit on the number of threads): 514406
/proc/sys/vm/max_map_count (maximum number of memory map areas a process may have): 65530
/proc/sys/kernel/pid_max (system-wide limit on number of process identifiers): 4194304

container (cgroup) information:
container_type: cgroupv1
cpu_cpuset_cpus: 2-7
cpu_memory_nodes: 0
active_processor_count: 1
cpu_quota: 50000
cpu_period: 100000
cpu_shares: 512
memory_limit_in_bytes: 1048576 k
memory_and_swap_limit_in_bytes: 1048576 k
memory_soft_limit_in_bytes: 524288 k
memory_usage_in_bytes: 585308 k
memory_max_usage_in_bytes: 1048580 k
maximum number of tasks: 1000
current number of tasks: 44

KVM virtualization detected
Steal ticks since vm start: 0
Steal ticks percentage since vm start:  0.000

CPU: total 8 (initial active 1) (8 cores per cpu, 2 threads per core) family 23 model 49 stepping 0 microcode 0xffffffff, cx8, cmov, fxsr, ht, mmx, 3dnowpref, sse, sse2, sse3, ssse3, sse4a, sse4.1, sse4.2, popcnt, lzcnt, tsc, tscinvbit, avx, avx2, aes, clmul, bmi1, bmi2, adx, sha, fma, vzeroupper, clflush, clflushopt, hv
CPU Model and flags from /proc/cpuinfo:
model name	: AMD EPYC 7B12
flags		: fpu vme de pse tsc msr pae mce cx8 apic sep mtrr pge mca cmov pat pse36 clflush mmx fxsr sse sse2 ht syscall nx mmxext fxsr_opt pdpe1gb rdtscp lm constant_tsc rep_good nopl nonstop_tsc cpuid extd_apicid tsc_known_freq pni pclmulqdq ssse3 fma cx16 sse4_1 sse4_2 movbe popcnt aes xsave avx f16c rdrand hypervisor lahf_lm cmp_legacy cr8_legacy abm sse4a misalignsse 3dnowprefetch osvw topoext ssbd ibrs ibpb stibp vmmcall fsgsbase tsc_adjust bmi1 avx2 smep bmi2 rdseed adx smap clflushopt clwb sha_ni xsaveopt xsavec xgetbv1 clzero xsaveerptr arat npt nrip_save umip rdpid

Online cpus: 0-7
Offline cpus: 
BIOS frequency limitation: <Not Available>
Frequency switch latency (ns): <Not Available>
Available cpu frequencies: <Not Available>
Current governor: <Not Available>
Core performance/turbo boost: <Not Available>

Memory: 4k page, physical 1048576k(463268k free), swap 0k(0k free)
Page Sizes: 4k

vm_info: OpenJDK 64-Bit Server VM (17.0.5+8-jvmci-22.3-b08) for linux-amd64 JRE (17.0.5+8-jvmci-22.3-b08), built on Oct 19 2022 09:01:27 by "buildslave" with gcc 10.3.0

END.
